[2020-04-02 08:26:38,428] {taskinstance.py:655} INFO - Dependencies all met for <TaskInstance: tutorial.templated 2020-03-31T00:00:00+00:00 [queued]>
[2020-04-02 08:26:38,439] {taskinstance.py:655} INFO - Dependencies all met for <TaskInstance: tutorial.templated 2020-03-31T00:00:00+00:00 [queued]>
[2020-04-02 08:26:38,439] {taskinstance.py:866} INFO - 
--------------------------------------------------------------------------------
[2020-04-02 08:26:38,439] {taskinstance.py:867} INFO - Starting attempt 1 of 2
[2020-04-02 08:26:38,439] {taskinstance.py:868} INFO - 
--------------------------------------------------------------------------------
[2020-04-02 08:26:38,444] {taskinstance.py:887} INFO - Executing <Task(BashOperator): templated> on 2020-03-31T00:00:00+00:00
[2020-04-02 08:26:38,446] {standard_task_runner.py:53} INFO - Started process 26394 to run task
[2020-04-02 08:26:38,515] {logging_mixin.py:112} INFO - Running %s on host %s <TaskInstance: tutorial.templated 2020-03-31T00:00:00+00:00 [running]> 1.0.0.0.0.0.0.0.0.0.0.0.0.0.0.0.0.0.0.0.0.0.0.0.0.0.0.0.0.0.0.0.ip6.arpa
[2020-04-02 08:26:38,540] {bash_operator.py:82} INFO - Tmp dir root location: 
 /var/folders/p0/vtyq_62d7zsg8glxyfbgkq9m0000gp/T
[2020-04-02 08:26:38,541] {bash_operator.py:105} INFO - Temporary script location: /var/folders/p0/vtyq_62d7zsg8glxyfbgkq9m0000gp/T/airflowtmpdp4xjzh_/templatedyl7swuu3
[2020-04-02 08:26:38,542] {bash_operator.py:115} INFO - Running command: 

    echo "2020-03-31"
    echo "2020-04-07"
    echo "Parameter I passed in"

    echo "2020-03-31"
    echo "2020-04-07"
    echo "Parameter I passed in"

    echo "2020-03-31"
    echo "2020-04-07"
    echo "Parameter I passed in"

    echo "2020-03-31"
    echo "2020-04-07"
    echo "Parameter I passed in"

    echo "2020-03-31"
    echo "2020-04-07"
    echo "Parameter I passed in"

[2020-04-02 08:26:38,546] {bash_operator.py:122} INFO - Output:
[2020-04-02 08:26:38,549] {bash_operator.py:126} INFO - 2020-03-31
[2020-04-02 08:26:38,549] {bash_operator.py:126} INFO - 2020-04-07
[2020-04-02 08:26:38,549] {bash_operator.py:126} INFO - Parameter I passed in
[2020-04-02 08:26:38,550] {bash_operator.py:126} INFO - 2020-03-31
[2020-04-02 08:26:38,550] {bash_operator.py:126} INFO - 2020-04-07
[2020-04-02 08:26:38,550] {bash_operator.py:126} INFO - Parameter I passed in
[2020-04-02 08:26:38,550] {bash_operator.py:126} INFO - 2020-03-31
[2020-04-02 08:26:38,551] {bash_operator.py:126} INFO - 2020-04-07
[2020-04-02 08:26:38,551] {bash_operator.py:126} INFO - Parameter I passed in
[2020-04-02 08:26:38,551] {bash_operator.py:126} INFO - 2020-03-31
[2020-04-02 08:26:38,552] {bash_operator.py:126} INFO - 2020-04-07
[2020-04-02 08:26:38,552] {bash_operator.py:126} INFO - Parameter I passed in
[2020-04-02 08:26:38,552] {bash_operator.py:126} INFO - 2020-03-31
[2020-04-02 08:26:38,556] {bash_operator.py:126} INFO - 2020-04-07
[2020-04-02 08:26:38,557] {bash_operator.py:126} INFO - Parameter I passed in
[2020-04-02 08:26:38,557] {bash_operator.py:130} INFO - Command exited with return code 0
[2020-04-02 08:26:38,565] {taskinstance.py:1048} INFO - Marking task as SUCCESS.dag_id=tutorial, task_id=templated, execution_date=20200331T000000, start_date=20200402T122638, end_date=20200402T122638
[2020-04-02 08:26:48,425] {logging_mixin.py:112} INFO - [2020-04-02 08:26:48,425] {local_task_job.py:103} INFO - Task exited with return code 0
