[2020-04-08 02:31:54,001] {taskinstance.py:655} INFO - Dependencies all met for <TaskInstance: atp_data07.create_table 2020-04-06T00:00:00+00:00 [queued]>
[2020-04-08 02:31:54,010] {taskinstance.py:655} INFO - Dependencies all met for <TaskInstance: atp_data07.create_table 2020-04-06T00:00:00+00:00 [queued]>
[2020-04-08 02:31:54,010] {taskinstance.py:866} INFO - 
--------------------------------------------------------------------------------
[2020-04-08 02:31:54,010] {taskinstance.py:867} INFO - Starting attempt 1 of 1
[2020-04-08 02:31:54,010] {taskinstance.py:868} INFO - 
--------------------------------------------------------------------------------
[2020-04-08 02:31:54,016] {taskinstance.py:887} INFO - Executing <Task(PostgresOperator): create_table> on 2020-04-06T00:00:00+00:00
[2020-04-08 02:31:54,018] {standard_task_runner.py:53} INFO - Started process 81423 to run task
[2020-04-08 02:31:54,064] {logging_mixin.py:112} INFO - Running %s on host %s <TaskInstance: atp_data07.create_table 2020-04-06T00:00:00+00:00 [running]> 1.0.0.0.0.0.0.0.0.0.0.0.0.0.0.0.0.0.0.0.0.0.0.0.0.0.0.0.0.0.0.0.ip6.arpa
[2020-04-08 02:31:54,078] {postgres_operator.py:62} INFO - Executing: 
            DROP TABLE IF EXISTS sample;
            CREATE TABLE sample
            (
            Index text,
            Id text,
            SalePrice text
            )
            
[2020-04-08 02:31:54,083] {logging_mixin.py:112} INFO - [2020-04-08 02:31:54,082] {base_hook.py:84} INFO - Using connection to: id: postgres_connection. Host: localhost, Port: 5432, Schema: postgres, Login: postgres, Password: XXXXXXXX, extra: None
[2020-04-08 02:31:54,088] {logging_mixin.py:112} INFO - [2020-04-08 02:31:54,087] {dbapi_hook.py:174} INFO - 
            DROP TABLE IF EXISTS sample;
            CREATE TABLE sample
            (
            Index text,
            Id text,
            SalePrice text
            )
            
[2020-04-08 02:31:54,181] {taskinstance.py:1048} INFO - Marking task as SUCCESS.dag_id=atp_data07, task_id=create_table, execution_date=20200406T000000, start_date=20200408T063154, end_date=20200408T063154
[2020-04-08 02:32:03,963] {logging_mixin.py:112} INFO - [2020-04-08 02:32:03,962] {local_task_job.py:103} INFO - Task exited with return code 0
