[2020-04-07 15:49:22,550] {taskinstance.py:655} INFO - Dependencies all met for <TaskInstance: atp_data07.run_kaggle_api 2020-04-06T00:00:00+00:00 [queued]>
[2020-04-07 15:49:22,560] {taskinstance.py:655} INFO - Dependencies all met for <TaskInstance: atp_data07.run_kaggle_api 2020-04-06T00:00:00+00:00 [queued]>
[2020-04-07 15:49:22,560] {taskinstance.py:866} INFO - 
--------------------------------------------------------------------------------
[2020-04-07 15:49:22,560] {taskinstance.py:867} INFO - Starting attempt 1 of 2
[2020-04-07 15:49:22,560] {taskinstance.py:868} INFO - 
--------------------------------------------------------------------------------
[2020-04-07 15:49:22,596] {taskinstance.py:887} INFO - Executing <Task(BashOperator): run_kaggle_api> on 2020-04-06T00:00:00+00:00
[2020-04-07 15:49:22,600] {standard_task_runner.py:53} INFO - Started process 62846 to run task
[2020-04-07 15:49:22,688] {logging_mixin.py:112} INFO - Running %s on host %s <TaskInstance: atp_data07.run_kaggle_api 2020-04-06T00:00:00+00:00 [running]> 1.0.0.0.0.0.0.0.0.0.0.0.0.0.0.0.0.0.0.0.0.0.0.0.0.0.0.0.0.0.0.0.ip6.arpa
[2020-04-07 15:49:22,723] {bash_operator.py:82} INFO - Tmp dir root location: 
 /var/folders/p0/vtyq_62d7zsg8glxyfbgkq9m0000gp/T
[2020-04-07 15:49:22,725] {bash_operator.py:105} INFO - Temporary script location: /var/folders/p0/vtyq_62d7zsg8glxyfbgkq9m0000gp/T/airflowtmpy1j2tltm/run_kaggle_apidxsqwhd_
[2020-04-07 15:49:22,725] {bash_operator.py:115} INFO - Running command: kaggle competitions download -c house-prices-advanced-regression-techniques -p /Users/cchavez/dev/AirflowProject/house-prices-advanced-regression-techniques
[2020-04-07 15:49:22,732] {bash_operator.py:122} INFO - Output:
[2020-04-07 15:49:23,596] {bash_operator.py:126} INFO - Warning: Your Kaggle API key is readable by other users on this system! To fix this, you can run 'chmod 600 /Users/cchavez/.kaggle/kaggle.json'
[2020-04-07 15:49:23,597] {bash_operator.py:126} INFO - house-prices-advanced-regression-techniques.zip: Skipping, found more recently modified local copy (use --force to force download)
[2020-04-07 15:49:23,781] {bash_operator.py:130} INFO - Command exited with return code 0
[2020-04-07 15:49:23,789] {taskinstance.py:1048} INFO - Marking task as SUCCESS.dag_id=atp_data07, task_id=run_kaggle_api, execution_date=20200406T000000, start_date=20200407T194922, end_date=20200407T194923
[2020-04-07 15:49:32,501] {logging_mixin.py:112} INFO - [2020-04-07 15:49:32,500] {local_task_job.py:103} INFO - Task exited with return code 0
[2020-04-07 18:44:20,693] {taskinstance.py:655} INFO - Dependencies all met for <TaskInstance: atp_data07.run_kaggle_api 2020-04-06T00:00:00+00:00 [queued]>
[2020-04-07 18:44:20,701] {taskinstance.py:655} INFO - Dependencies all met for <TaskInstance: atp_data07.run_kaggle_api 2020-04-06T00:00:00+00:00 [queued]>
[2020-04-07 18:44:20,701] {taskinstance.py:866} INFO - 
--------------------------------------------------------------------------------
[2020-04-07 18:44:20,701] {taskinstance.py:867} INFO - Starting attempt 1 of 2
[2020-04-07 18:44:20,702] {taskinstance.py:868} INFO - 
--------------------------------------------------------------------------------
[2020-04-07 18:44:20,708] {taskinstance.py:887} INFO - Executing <Task(BashOperator): run_kaggle_api> on 2020-04-06T00:00:00+00:00
[2020-04-07 18:44:20,710] {standard_task_runner.py:53} INFO - Started process 65887 to run task
[2020-04-07 18:44:20,758] {logging_mixin.py:112} INFO - Running %s on host %s <TaskInstance: atp_data07.run_kaggle_api 2020-04-06T00:00:00+00:00 [running]> 1.0.0.0.0.0.0.0.0.0.0.0.0.0.0.0.0.0.0.0.0.0.0.0.0.0.0.0.0.0.0.0.ip6.arpa
[2020-04-07 18:44:20,775] {bash_operator.py:82} INFO - Tmp dir root location: 
 /var/folders/p0/vtyq_62d7zsg8glxyfbgkq9m0000gp/T
[2020-04-07 18:44:20,776] {bash_operator.py:105} INFO - Temporary script location: /var/folders/p0/vtyq_62d7zsg8glxyfbgkq9m0000gp/T/airflowtmp0rhet015/run_kaggle_apidhq04ry7
[2020-04-07 18:44:20,777] {bash_operator.py:115} INFO - Running command: kaggle competitions download -c house-prices-advanced-regression-techniques -p /Users/cchavez/dev/AirflowProject/house-prices-advanced-regression-techniques
[2020-04-07 18:44:20,783] {bash_operator.py:122} INFO - Output:
[2020-04-07 18:44:21,301] {bash_operator.py:126} INFO - Warning: Your Kaggle API key is readable by other users on this system! To fix this, you can run 'chmod 600 /Users/cchavez/.kaggle/kaggle.json'
[2020-04-07 18:44:21,301] {bash_operator.py:126} INFO - house-prices-advanced-regression-techniques.zip: Skipping, found more recently modified local copy (use --force to force download)
[2020-04-07 18:44:21,481] {bash_operator.py:130} INFO - Command exited with return code 0
[2020-04-07 18:44:21,493] {taskinstance.py:1048} INFO - Marking task as SUCCESS.dag_id=atp_data07, task_id=run_kaggle_api, execution_date=20200406T000000, start_date=20200407T224420, end_date=20200407T224421
[2020-04-07 18:44:30,652] {logging_mixin.py:112} INFO - [2020-04-07 18:44:30,651] {local_task_job.py:103} INFO - Task exited with return code 0
[2020-04-07 21:29:20,546] {taskinstance.py:655} INFO - Dependencies all met for <TaskInstance: atp_data07.run_kaggle_api 2020-04-06T00:00:00+00:00 [queued]>
[2020-04-07 21:29:20,553] {taskinstance.py:655} INFO - Dependencies all met for <TaskInstance: atp_data07.run_kaggle_api 2020-04-06T00:00:00+00:00 [queued]>
[2020-04-07 21:29:20,553] {taskinstance.py:866} INFO - 
--------------------------------------------------------------------------------
[2020-04-07 21:29:20,553] {taskinstance.py:867} INFO - Starting attempt 1 of 2
[2020-04-07 21:29:20,553] {taskinstance.py:868} INFO - 
--------------------------------------------------------------------------------
[2020-04-07 21:29:20,558] {taskinstance.py:887} INFO - Executing <Task(BashOperator): run_kaggle_api> on 2020-04-06T00:00:00+00:00
[2020-04-07 21:29:20,560] {standard_task_runner.py:53} INFO - Started process 72044 to run task
[2020-04-07 21:29:20,610] {logging_mixin.py:112} INFO - Running %s on host %s <TaskInstance: atp_data07.run_kaggle_api 2020-04-06T00:00:00+00:00 [running]> 1.0.0.0.0.0.0.0.0.0.0.0.0.0.0.0.0.0.0.0.0.0.0.0.0.0.0.0.0.0.0.0.ip6.arpa
[2020-04-07 21:29:20,626] {bash_operator.py:82} INFO - Tmp dir root location: 
 /var/folders/p0/vtyq_62d7zsg8glxyfbgkq9m0000gp/T
[2020-04-07 21:29:20,627] {bash_operator.py:105} INFO - Temporary script location: /var/folders/p0/vtyq_62d7zsg8glxyfbgkq9m0000gp/T/airflowtmp1mk2ein2/run_kaggle_apimfiih3ve
[2020-04-07 21:29:20,627] {bash_operator.py:115} INFO - Running command: kaggle competitions download -c house-prices-advanced-regression-techniques -p /Users/cchavez/dev/AirflowProject/house-prices-advanced-regression-techniques
[2020-04-07 21:29:20,633] {bash_operator.py:122} INFO - Output:
[2020-04-07 21:29:21,276] {bash_operator.py:126} INFO - Warning: Your Kaggle API key is readable by other users on this system! To fix this, you can run 'chmod 600 /Users/cchavez/.kaggle/kaggle.json'
[2020-04-07 21:29:21,277] {bash_operator.py:126} INFO - house-prices-advanced-regression-techniques.zip: Skipping, found more recently modified local copy (use --force to force download)
[2020-04-07 21:29:21,478] {bash_operator.py:130} INFO - Command exited with return code 0
[2020-04-07 21:29:21,518] {taskinstance.py:1048} INFO - Marking task as SUCCESS.dag_id=atp_data07, task_id=run_kaggle_api, execution_date=20200406T000000, start_date=20200408T012920, end_date=20200408T012921
[2020-04-07 21:29:30,513] {logging_mixin.py:112} INFO - [2020-04-07 21:29:30,512] {local_task_job.py:103} INFO - Task exited with return code 0
[2020-04-07 22:41:53,187] {taskinstance.py:655} INFO - Dependencies all met for <TaskInstance: atp_data07.run_kaggle_api 2020-04-06T00:00:00+00:00 [queued]>
[2020-04-07 22:41:53,193] {taskinstance.py:655} INFO - Dependencies all met for <TaskInstance: atp_data07.run_kaggle_api 2020-04-06T00:00:00+00:00 [queued]>
[2020-04-07 22:41:53,194] {taskinstance.py:866} INFO - 
--------------------------------------------------------------------------------
[2020-04-07 22:41:53,194] {taskinstance.py:867} INFO - Starting attempt 1 of 2
[2020-04-07 22:41:53,194] {taskinstance.py:868} INFO - 
--------------------------------------------------------------------------------
[2020-04-07 22:41:53,200] {taskinstance.py:887} INFO - Executing <Task(BashOperator): run_kaggle_api> on 2020-04-06T00:00:00+00:00
[2020-04-07 22:41:53,202] {standard_task_runner.py:53} INFO - Started process 74685 to run task
[2020-04-07 22:41:53,254] {logging_mixin.py:112} INFO - Running %s on host %s <TaskInstance: atp_data07.run_kaggle_api 2020-04-06T00:00:00+00:00 [running]> 1.0.0.0.0.0.0.0.0.0.0.0.0.0.0.0.0.0.0.0.0.0.0.0.0.0.0.0.0.0.0.0.ip6.arpa
[2020-04-07 22:41:53,272] {bash_operator.py:82} INFO - Tmp dir root location: 
 /var/folders/p0/vtyq_62d7zsg8glxyfbgkq9m0000gp/T
[2020-04-07 22:41:53,273] {bash_operator.py:105} INFO - Temporary script location: /var/folders/p0/vtyq_62d7zsg8glxyfbgkq9m0000gp/T/airflowtmpo6v0fet3/run_kaggle_apis010777l
[2020-04-07 22:41:53,274] {bash_operator.py:115} INFO - Running command: kaggle competitions download -c house-prices-advanced-regression-techniques -p /Users/cchavez/dev/AirflowProject/house-prices-advanced-regression-techniques
[2020-04-07 22:41:53,279] {bash_operator.py:122} INFO - Output:
[2020-04-07 22:41:54,432] {bash_operator.py:126} INFO - Warning: Your Kaggle API key is readable by other users on this system! To fix this, you can run 'chmod 600 /Users/cchavez/.kaggle/kaggle.json'
[2020-04-07 22:41:54,433] {bash_operator.py:126} INFO - house-prices-advanced-regression-techniques.zip: Skipping, found more recently modified local copy (use --force to force download)
[2020-04-07 22:41:54,663] {bash_operator.py:130} INFO - Command exited with return code 0
[2020-04-07 22:41:54,669] {taskinstance.py:1048} INFO - Marking task as SUCCESS.dag_id=atp_data07, task_id=run_kaggle_api, execution_date=20200406T000000, start_date=20200408T024153, end_date=20200408T024154
[2020-04-07 22:42:03,150] {logging_mixin.py:112} INFO - [2020-04-07 22:42:03,149] {local_task_job.py:103} INFO - Task exited with return code 0
[2020-04-07 23:27:27,493] {taskinstance.py:655} INFO - Dependencies all met for <TaskInstance: atp_data07.run_kaggle_api 2020-04-06T00:00:00+00:00 [queued]>
[2020-04-07 23:27:27,499] {taskinstance.py:655} INFO - Dependencies all met for <TaskInstance: atp_data07.run_kaggle_api 2020-04-06T00:00:00+00:00 [queued]>
[2020-04-07 23:27:27,499] {taskinstance.py:866} INFO - 
--------------------------------------------------------------------------------
[2020-04-07 23:27:27,499] {taskinstance.py:867} INFO - Starting attempt 1 of 1
[2020-04-07 23:27:27,499] {taskinstance.py:868} INFO - 
--------------------------------------------------------------------------------
[2020-04-07 23:27:27,506] {taskinstance.py:887} INFO - Executing <Task(BashOperator): run_kaggle_api> on 2020-04-06T00:00:00+00:00
[2020-04-07 23:27:27,508] {standard_task_runner.py:53} INFO - Started process 76329 to run task
[2020-04-07 23:27:27,561] {logging_mixin.py:112} INFO - Running %s on host %s <TaskInstance: atp_data07.run_kaggle_api 2020-04-06T00:00:00+00:00 [running]> 1.0.0.0.0.0.0.0.0.0.0.0.0.0.0.0.0.0.0.0.0.0.0.0.0.0.0.0.0.0.0.0.ip6.arpa
[2020-04-07 23:27:27,585] {bash_operator.py:82} INFO - Tmp dir root location: 
 /var/folders/p0/vtyq_62d7zsg8glxyfbgkq9m0000gp/T
[2020-04-07 23:27:27,588] {bash_operator.py:105} INFO - Temporary script location: /var/folders/p0/vtyq_62d7zsg8glxyfbgkq9m0000gp/T/airflowtmp6kqfle6v/run_kaggle_apijipbe5xd
[2020-04-07 23:27:27,588] {bash_operator.py:115} INFO - Running command: kaggle competitions download -c house-prices-advanced-regression-techniques -p /Users/cchavez/dev/AirflowProject/house-prices-advanced-regression-techniques
[2020-04-07 23:27:27,595] {bash_operator.py:122} INFO - Output:
[2020-04-07 23:27:28,223] {bash_operator.py:126} INFO - Warning: Your Kaggle API key is readable by other users on this system! To fix this, you can run 'chmod 600 /Users/cchavez/.kaggle/kaggle.json'
[2020-04-07 23:27:28,223] {bash_operator.py:126} INFO - house-prices-advanced-regression-techniques.zip: Skipping, found more recently modified local copy (use --force to force download)
[2020-04-07 23:27:28,427] {bash_operator.py:130} INFO - Command exited with return code 0
[2020-04-07 23:27:28,436] {taskinstance.py:1048} INFO - Marking task as SUCCESS.dag_id=atp_data07, task_id=run_kaggle_api, execution_date=20200406T000000, start_date=20200408T032727, end_date=20200408T032728
[2020-04-07 23:27:37,457] {logging_mixin.py:112} INFO - [2020-04-07 23:27:37,456] {local_task_job.py:103} INFO - Task exited with return code 0
[2020-04-08 00:06:20,169] {taskinstance.py:655} INFO - Dependencies all met for <TaskInstance: atp_data07.run_kaggle_api 2020-04-06T00:00:00+00:00 [queued]>
[2020-04-08 00:06:20,178] {taskinstance.py:655} INFO - Dependencies all met for <TaskInstance: atp_data07.run_kaggle_api 2020-04-06T00:00:00+00:00 [queued]>
[2020-04-08 00:06:20,178] {taskinstance.py:866} INFO - 
--------------------------------------------------------------------------------
[2020-04-08 00:06:20,178] {taskinstance.py:867} INFO - Starting attempt 1 of 1
[2020-04-08 00:06:20,178] {taskinstance.py:868} INFO - 
--------------------------------------------------------------------------------
[2020-04-08 00:06:20,184] {taskinstance.py:887} INFO - Executing <Task(BashOperator): run_kaggle_api> on 2020-04-06T00:00:00+00:00
[2020-04-08 00:06:20,186] {standard_task_runner.py:53} INFO - Started process 77855 to run task
[2020-04-08 00:06:20,236] {logging_mixin.py:112} INFO - Running %s on host %s <TaskInstance: atp_data07.run_kaggle_api 2020-04-06T00:00:00+00:00 [running]> 1.0.0.0.0.0.0.0.0.0.0.0.0.0.0.0.0.0.0.0.0.0.0.0.0.0.0.0.0.0.0.0.ip6.arpa
[2020-04-08 00:06:20,250] {bash_operator.py:82} INFO - Tmp dir root location: 
 /var/folders/p0/vtyq_62d7zsg8glxyfbgkq9m0000gp/T
[2020-04-08 00:06:20,252] {bash_operator.py:105} INFO - Temporary script location: /var/folders/p0/vtyq_62d7zsg8glxyfbgkq9m0000gp/T/airflowtmpg28pd25c/run_kaggle_apipks1curb
[2020-04-08 00:06:20,253] {bash_operator.py:115} INFO - Running command: kaggle competitions download -c house-prices-advanced-regression-techniques -p /Users/cchavez/dev/AirflowProject/house-prices-advanced-regression-techniques
[2020-04-08 00:06:20,259] {bash_operator.py:122} INFO - Output:
[2020-04-08 00:06:20,951] {bash_operator.py:126} INFO - Warning: Your Kaggle API key is readable by other users on this system! To fix this, you can run 'chmod 600 /Users/cchavez/.kaggle/kaggle.json'
[2020-04-08 00:06:20,952] {bash_operator.py:126} INFO - house-prices-advanced-regression-techniques.zip: Skipping, found more recently modified local copy (use --force to force download)
[2020-04-08 00:06:21,113] {bash_operator.py:130} INFO - Command exited with return code 0
[2020-04-08 00:06:21,135] {taskinstance.py:1048} INFO - Marking task as SUCCESS.dag_id=atp_data07, task_id=run_kaggle_api, execution_date=20200406T000000, start_date=20200408T040620, end_date=20200408T040621
[2020-04-08 00:06:30,128] {logging_mixin.py:112} INFO - [2020-04-08 00:06:30,127] {local_task_job.py:103} INFO - Task exited with return code 0
[2020-04-08 00:30:23,270] {taskinstance.py:655} INFO - Dependencies all met for <TaskInstance: atp_data07.run_kaggle_api 2020-04-06T00:00:00+00:00 [queued]>
[2020-04-08 00:30:23,276] {taskinstance.py:655} INFO - Dependencies all met for <TaskInstance: atp_data07.run_kaggle_api 2020-04-06T00:00:00+00:00 [queued]>
[2020-04-08 00:30:23,277] {taskinstance.py:866} INFO - 
--------------------------------------------------------------------------------
[2020-04-08 00:30:23,277] {taskinstance.py:867} INFO - Starting attempt 1 of 1
[2020-04-08 00:30:23,277] {taskinstance.py:868} INFO - 
--------------------------------------------------------------------------------
[2020-04-08 00:30:23,283] {taskinstance.py:887} INFO - Executing <Task(BashOperator): run_kaggle_api> on 2020-04-06T00:00:00+00:00
[2020-04-08 00:30:23,285] {standard_task_runner.py:53} INFO - Started process 78703 to run task
[2020-04-08 00:30:23,329] {logging_mixin.py:112} INFO - Running %s on host %s <TaskInstance: atp_data07.run_kaggle_api 2020-04-06T00:00:00+00:00 [running]> 1.0.0.0.0.0.0.0.0.0.0.0.0.0.0.0.0.0.0.0.0.0.0.0.0.0.0.0.0.0.0.0.ip6.arpa
[2020-04-08 00:30:23,344] {bash_operator.py:82} INFO - Tmp dir root location: 
 /var/folders/p0/vtyq_62d7zsg8glxyfbgkq9m0000gp/T
[2020-04-08 00:30:23,346] {bash_operator.py:105} INFO - Temporary script location: /var/folders/p0/vtyq_62d7zsg8glxyfbgkq9m0000gp/T/airflowtmpobspwlnh/run_kaggle_api5oi29t_v
[2020-04-08 00:30:23,346] {bash_operator.py:115} INFO - Running command: kaggle competitions download -c house-prices-advanced-regression-techniques -p /Users/cchavez/dev/AirflowProject/house-prices-advanced-regression-techniques
[2020-04-08 00:30:23,352] {bash_operator.py:122} INFO - Output:
[2020-04-08 00:30:23,874] {bash_operator.py:126} INFO - Warning: Your Kaggle API key is readable by other users on this system! To fix this, you can run 'chmod 600 /Users/cchavez/.kaggle/kaggle.json'
[2020-04-08 00:30:23,875] {bash_operator.py:126} INFO - house-prices-advanced-regression-techniques.zip: Skipping, found more recently modified local copy (use --force to force download)
[2020-04-08 00:30:24,082] {bash_operator.py:130} INFO - Command exited with return code 0
[2020-04-08 00:30:24,094] {taskinstance.py:1048} INFO - Marking task as SUCCESS.dag_id=atp_data07, task_id=run_kaggle_api, execution_date=20200406T000000, start_date=20200408T043023, end_date=20200408T043024
[2020-04-08 00:30:33,236] {logging_mixin.py:112} INFO - [2020-04-08 00:30:33,235] {local_task_job.py:103} INFO - Task exited with return code 0
[2020-04-08 00:38:50,308] {taskinstance.py:655} INFO - Dependencies all met for <TaskInstance: atp_data07.run_kaggle_api 2020-04-06T00:00:00+00:00 [queued]>
[2020-04-08 00:38:50,316] {taskinstance.py:655} INFO - Dependencies all met for <TaskInstance: atp_data07.run_kaggle_api 2020-04-06T00:00:00+00:00 [queued]>
[2020-04-08 00:38:50,316] {taskinstance.py:866} INFO - 
--------------------------------------------------------------------------------
[2020-04-08 00:38:50,316] {taskinstance.py:867} INFO - Starting attempt 1 of 1
[2020-04-08 00:38:50,316] {taskinstance.py:868} INFO - 
--------------------------------------------------------------------------------
[2020-04-08 00:38:50,324] {taskinstance.py:887} INFO - Executing <Task(BashOperator): run_kaggle_api> on 2020-04-06T00:00:00+00:00
[2020-04-08 00:38:50,325] {standard_task_runner.py:53} INFO - Started process 78995 to run task
[2020-04-08 00:38:50,383] {logging_mixin.py:112} INFO - Running %s on host %s <TaskInstance: atp_data07.run_kaggle_api 2020-04-06T00:00:00+00:00 [running]> 1.0.0.0.0.0.0.0.0.0.0.0.0.0.0.0.0.0.0.0.0.0.0.0.0.0.0.0.0.0.0.0.ip6.arpa
[2020-04-08 00:38:50,399] {bash_operator.py:82} INFO - Tmp dir root location: 
 /var/folders/p0/vtyq_62d7zsg8glxyfbgkq9m0000gp/T
[2020-04-08 00:38:50,400] {bash_operator.py:105} INFO - Temporary script location: /var/folders/p0/vtyq_62d7zsg8glxyfbgkq9m0000gp/T/airflowtmpli959vdi/run_kaggle_apilxq9yeu4
[2020-04-08 00:38:50,401] {bash_operator.py:115} INFO - Running command: kaggle competitions download -c house-prices-advanced-regression-techniques -p /Users/cchavez/dev/AirflowProject/house-prices-advanced-regression-techniques
[2020-04-08 00:38:50,406] {bash_operator.py:122} INFO - Output:
[2020-04-08 00:38:50,985] {bash_operator.py:126} INFO - Warning: Your Kaggle API key is readable by other users on this system! To fix this, you can run 'chmod 600 /Users/cchavez/.kaggle/kaggle.json'
[2020-04-08 00:38:50,986] {bash_operator.py:126} INFO - house-prices-advanced-regression-techniques.zip: Skipping, found more recently modified local copy (use --force to force download)
[2020-04-08 00:38:51,133] {bash_operator.py:130} INFO - Command exited with return code 0
[2020-04-08 00:38:51,145] {taskinstance.py:1048} INFO - Marking task as SUCCESS.dag_id=atp_data07, task_id=run_kaggle_api, execution_date=20200406T000000, start_date=20200408T043850, end_date=20200408T043851
[2020-04-08 00:39:00,259] {logging_mixin.py:112} INFO - [2020-04-08 00:39:00,258] {local_task_job.py:103} INFO - Task exited with return code 0
[2020-04-08 00:49:53,887] {taskinstance.py:655} INFO - Dependencies all met for <TaskInstance: atp_data07.run_kaggle_api 2020-04-06T00:00:00+00:00 [queued]>
[2020-04-08 00:49:53,895] {taskinstance.py:655} INFO - Dependencies all met for <TaskInstance: atp_data07.run_kaggle_api 2020-04-06T00:00:00+00:00 [queued]>
[2020-04-08 00:49:53,895] {taskinstance.py:866} INFO - 
--------------------------------------------------------------------------------
[2020-04-08 00:49:53,895] {taskinstance.py:867} INFO - Starting attempt 1 of 1
[2020-04-08 00:49:53,895] {taskinstance.py:868} INFO - 
--------------------------------------------------------------------------------
[2020-04-08 00:49:53,902] {taskinstance.py:887} INFO - Executing <Task(BashOperator): run_kaggle_api> on 2020-04-06T00:00:00+00:00
[2020-04-08 00:49:53,904] {standard_task_runner.py:53} INFO - Started process 79405 to run task
[2020-04-08 00:49:53,975] {logging_mixin.py:112} INFO - Running %s on host %s <TaskInstance: atp_data07.run_kaggle_api 2020-04-06T00:00:00+00:00 [running]> zipcodes-MacBook-Pro-4.local
[2020-04-08 00:49:53,995] {bash_operator.py:82} INFO - Tmp dir root location: 
 /var/folders/p0/vtyq_62d7zsg8glxyfbgkq9m0000gp/T
[2020-04-08 00:49:53,998] {bash_operator.py:105} INFO - Temporary script location: /var/folders/p0/vtyq_62d7zsg8glxyfbgkq9m0000gp/T/airflowtmp2z0hxarn/run_kaggle_apil388gm3k
[2020-04-08 00:49:53,998] {bash_operator.py:115} INFO - Running command: kaggle competitions download -c house-prices-advanced-regression-techniques -p /Users/cchavez/dev/AirflowProject/house-prices-advanced-regression-techniques
[2020-04-08 00:49:54,005] {bash_operator.py:122} INFO - Output:
[2020-04-08 00:49:55,007] {bash_operator.py:126} INFO - Warning: Your Kaggle API key is readable by other users on this system! To fix this, you can run 'chmod 600 /Users/cchavez/.kaggle/kaggle.json'
[2020-04-08 00:49:55,008] {bash_operator.py:126} INFO - house-prices-advanced-regression-techniques.zip: Skipping, found more recently modified local copy (use --force to force download)
[2020-04-08 00:49:55,183] {bash_operator.py:130} INFO - Command exited with return code 0
[2020-04-08 00:49:55,189] {taskinstance.py:1048} INFO - Marking task as SUCCESS.dag_id=atp_data07, task_id=run_kaggle_api, execution_date=20200406T000000, start_date=20200408T044953, end_date=20200408T044955
[2020-04-08 00:50:03,846] {logging_mixin.py:112} INFO - [2020-04-08 00:50:03,845] {local_task_job.py:103} INFO - Task exited with return code 0
[2020-04-08 00:58:44,204] {taskinstance.py:655} INFO - Dependencies all met for <TaskInstance: atp_data07.run_kaggle_api 2020-04-06T00:00:00+00:00 [queued]>
[2020-04-08 00:58:44,215] {taskinstance.py:655} INFO - Dependencies all met for <TaskInstance: atp_data07.run_kaggle_api 2020-04-06T00:00:00+00:00 [queued]>
[2020-04-08 00:58:44,215] {taskinstance.py:866} INFO - 
--------------------------------------------------------------------------------
[2020-04-08 00:58:44,215] {taskinstance.py:867} INFO - Starting attempt 1 of 1
[2020-04-08 00:58:44,215] {taskinstance.py:868} INFO - 
--------------------------------------------------------------------------------
[2020-04-08 00:58:44,222] {taskinstance.py:887} INFO - Executing <Task(BashOperator): run_kaggle_api> on 2020-04-06T00:00:00+00:00
[2020-04-08 00:58:44,224] {standard_task_runner.py:53} INFO - Started process 79702 to run task
[2020-04-08 00:58:44,269] {logging_mixin.py:112} INFO - Running %s on host %s <TaskInstance: atp_data07.run_kaggle_api 2020-04-06T00:00:00+00:00 [running]> zipcodes-MacBook-Pro-4.local
[2020-04-08 00:58:44,283] {bash_operator.py:82} INFO - Tmp dir root location: 
 /var/folders/p0/vtyq_62d7zsg8glxyfbgkq9m0000gp/T
[2020-04-08 00:58:44,285] {bash_operator.py:105} INFO - Temporary script location: /var/folders/p0/vtyq_62d7zsg8glxyfbgkq9m0000gp/T/airflowtmp5tw1ovv2/run_kaggle_apif7wsq6t2
[2020-04-08 00:58:44,285] {bash_operator.py:115} INFO - Running command: kaggle competitions download -c house-prices-advanced-regression-techniques -p /Users/cchavez/dev/AirflowProject/house-prices-advanced-regression-techniques
[2020-04-08 00:58:44,290] {bash_operator.py:122} INFO - Output:
[2020-04-08 00:58:44,916] {bash_operator.py:126} INFO - Warning: Your Kaggle API key is readable by other users on this system! To fix this, you can run 'chmod 600 /Users/cchavez/.kaggle/kaggle.json'
[2020-04-08 00:58:44,918] {bash_operator.py:126} INFO - house-prices-advanced-regression-techniques.zip: Skipping, found more recently modified local copy (use --force to force download)
[2020-04-08 00:58:44,952] {bash_operator.py:130} INFO - Command exited with return code 0
[2020-04-08 00:58:44,958] {taskinstance.py:1048} INFO - Marking task as SUCCESS.dag_id=atp_data07, task_id=run_kaggle_api, execution_date=20200406T000000, start_date=20200408T045844, end_date=20200408T045844
[2020-04-08 00:58:54,155] {logging_mixin.py:112} INFO - [2020-04-08 00:58:54,153] {local_task_job.py:103} INFO - Task exited with return code 0
[2020-04-08 02:28:10,324] {taskinstance.py:655} INFO - Dependencies all met for <TaskInstance: atp_data07.run_kaggle_api 2020-04-06T00:00:00+00:00 [queued]>
[2020-04-08 02:28:10,332] {taskinstance.py:655} INFO - Dependencies all met for <TaskInstance: atp_data07.run_kaggle_api 2020-04-06T00:00:00+00:00 [queued]>
[2020-04-08 02:28:10,332] {taskinstance.py:866} INFO - 
--------------------------------------------------------------------------------
[2020-04-08 02:28:10,332] {taskinstance.py:867} INFO - Starting attempt 1 of 1
[2020-04-08 02:28:10,332] {taskinstance.py:868} INFO - 
--------------------------------------------------------------------------------
[2020-04-08 02:28:10,337] {taskinstance.py:887} INFO - Executing <Task(BashOperator): run_kaggle_api> on 2020-04-06T00:00:00+00:00
[2020-04-08 02:28:10,339] {standard_task_runner.py:53} INFO - Started process 81294 to run task
[2020-04-08 02:28:10,400] {logging_mixin.py:112} INFO - Running %s on host %s <TaskInstance: atp_data07.run_kaggle_api 2020-04-06T00:00:00+00:00 [running]> 1.0.0.0.0.0.0.0.0.0.0.0.0.0.0.0.0.0.0.0.0.0.0.0.0.0.0.0.0.0.0.0.ip6.arpa
[2020-04-08 02:28:10,417] {bash_operator.py:82} INFO - Tmp dir root location: 
 /var/folders/p0/vtyq_62d7zsg8glxyfbgkq9m0000gp/T
[2020-04-08 02:28:10,419] {bash_operator.py:105} INFO - Temporary script location: /var/folders/p0/vtyq_62d7zsg8glxyfbgkq9m0000gp/T/airflowtmp_0479nfs/run_kaggle_apia6ftfq87
[2020-04-08 02:28:10,419] {bash_operator.py:115} INFO - Running command: kaggle competitions download -c house-prices-advanced-regression-techniques -p /Users/cchavez/dev/AirflowProject/house-prices-advanced-regression-techniques
[2020-04-08 02:28:10,425] {bash_operator.py:122} INFO - Output:
[2020-04-08 02:28:11,101] {bash_operator.py:126} INFO - Warning: Your Kaggle API key is readable by other users on this system! To fix this, you can run 'chmod 600 /Users/cchavez/.kaggle/kaggle.json'
[2020-04-08 02:28:11,102] {bash_operator.py:126} INFO - house-prices-advanced-regression-techniques.zip: Skipping, found more recently modified local copy (use --force to force download)
[2020-04-08 02:28:11,286] {bash_operator.py:130} INFO - Command exited with return code 0
[2020-04-08 02:28:11,292] {taskinstance.py:1048} INFO - Marking task as SUCCESS.dag_id=atp_data07, task_id=run_kaggle_api, execution_date=20200406T000000, start_date=20200408T062810, end_date=20200408T062811
[2020-04-08 02:28:20,288] {logging_mixin.py:112} INFO - [2020-04-08 02:28:20,287] {local_task_job.py:103} INFO - Task exited with return code 0
