[2020-04-07 15:47:46,848] {taskinstance.py:655} INFO - Dependencies all met for <TaskInstance: atp_data07.run_kaggle_api 2020-04-05T00:00:00+00:00 [queued]>
[2020-04-07 15:47:46,856] {taskinstance.py:655} INFO - Dependencies all met for <TaskInstance: atp_data07.run_kaggle_api 2020-04-05T00:00:00+00:00 [queued]>
[2020-04-07 15:47:46,856] {taskinstance.py:866} INFO - 
--------------------------------------------------------------------------------
[2020-04-07 15:47:46,856] {taskinstance.py:867} INFO - Starting attempt 1 of 2
[2020-04-07 15:47:46,856] {taskinstance.py:868} INFO - 
--------------------------------------------------------------------------------
[2020-04-07 15:47:46,863] {taskinstance.py:887} INFO - Executing <Task(BashOperator): run_kaggle_api> on 2020-04-05T00:00:00+00:00
[2020-04-07 15:47:46,865] {standard_task_runner.py:53} INFO - Started process 62790 to run task
[2020-04-07 15:47:46,930] {logging_mixin.py:112} INFO - Running %s on host %s <TaskInstance: atp_data07.run_kaggle_api 2020-04-05T00:00:00+00:00 [running]> 1.0.0.0.0.0.0.0.0.0.0.0.0.0.0.0.0.0.0.0.0.0.0.0.0.0.0.0.0.0.0.0.ip6.arpa
[2020-04-07 15:47:46,949] {bash_operator.py:82} INFO - Tmp dir root location: 
 /var/folders/p0/vtyq_62d7zsg8glxyfbgkq9m0000gp/T
[2020-04-07 15:47:46,951] {bash_operator.py:105} INFO - Temporary script location: /var/folders/p0/vtyq_62d7zsg8glxyfbgkq9m0000gp/T/airflowtmpp3ed73m_/run_kaggle_api2u0l5_gm
[2020-04-07 15:47:46,951] {bash_operator.py:115} INFO - Running command: kaggle competitions download -c house-prices-advanced-regression-techniques -p /Users/cchavez/dev/AirflowProject/house-prices-advanced-regression-techniques
[2020-04-07 15:47:46,959] {bash_operator.py:122} INFO - Output:
[2020-04-07 15:47:47,633] {bash_operator.py:126} INFO - Warning: Your Kaggle API key is readable by other users on this system! To fix this, you can run 'chmod 600 /Users/cchavez/.kaggle/kaggle.json'
[2020-04-07 15:47:47,634] {bash_operator.py:126} INFO - house-prices-advanced-regression-techniques.zip: Skipping, found more recently modified local copy (use --force to force download)
[2020-04-07 15:47:47,802] {bash_operator.py:130} INFO - Command exited with return code 0
[2020-04-07 15:47:47,812] {taskinstance.py:1048} INFO - Marking task as SUCCESS.dag_id=atp_data07, task_id=run_kaggle_api, execution_date=20200405T000000, start_date=20200407T194746, end_date=20200407T194747
[2020-04-07 15:47:56,808] {logging_mixin.py:112} INFO - [2020-04-07 15:47:56,807] {local_task_job.py:103} INFO - Task exited with return code 0
[2020-04-07 18:43:00,066] {taskinstance.py:655} INFO - Dependencies all met for <TaskInstance: atp_data07.run_kaggle_api 2020-04-05T00:00:00+00:00 [queued]>
[2020-04-07 18:43:00,073] {taskinstance.py:655} INFO - Dependencies all met for <TaskInstance: atp_data07.run_kaggle_api 2020-04-05T00:00:00+00:00 [queued]>
[2020-04-07 18:43:00,073] {taskinstance.py:866} INFO - 
--------------------------------------------------------------------------------
[2020-04-07 18:43:00,073] {taskinstance.py:867} INFO - Starting attempt 1 of 2
[2020-04-07 18:43:00,073] {taskinstance.py:868} INFO - 
--------------------------------------------------------------------------------
[2020-04-07 18:43:00,080] {taskinstance.py:887} INFO - Executing <Task(BashOperator): run_kaggle_api> on 2020-04-05T00:00:00+00:00
[2020-04-07 18:43:00,082] {standard_task_runner.py:53} INFO - Started process 65840 to run task
[2020-04-07 18:43:00,132] {logging_mixin.py:112} INFO - Running %s on host %s <TaskInstance: atp_data07.run_kaggle_api 2020-04-05T00:00:00+00:00 [running]> 1.0.0.0.0.0.0.0.0.0.0.0.0.0.0.0.0.0.0.0.0.0.0.0.0.0.0.0.0.0.0.0.ip6.arpa
[2020-04-07 18:43:00,147] {bash_operator.py:82} INFO - Tmp dir root location: 
 /var/folders/p0/vtyq_62d7zsg8glxyfbgkq9m0000gp/T
[2020-04-07 18:43:00,148] {bash_operator.py:105} INFO - Temporary script location: /var/folders/p0/vtyq_62d7zsg8glxyfbgkq9m0000gp/T/airflowtmp36ii_f1i/run_kaggle_api8ygyqfhl
[2020-04-07 18:43:00,149] {bash_operator.py:115} INFO - Running command: kaggle competitions download -c house-prices-advanced-regression-techniques -p /Users/cchavez/dev/AirflowProject/house-prices-advanced-regression-techniques
[2020-04-07 18:43:00,154] {bash_operator.py:122} INFO - Output:
[2020-04-07 18:43:00,841] {bash_operator.py:126} INFO - Warning: Your Kaggle API key is readable by other users on this system! To fix this, you can run 'chmod 600 /Users/cchavez/.kaggle/kaggle.json'
[2020-04-07 18:43:00,842] {bash_operator.py:126} INFO - house-prices-advanced-regression-techniques.zip: Skipping, found more recently modified local copy (use --force to force download)
[2020-04-07 18:43:00,994] {bash_operator.py:130} INFO - Command exited with return code 0
[2020-04-07 18:43:01,003] {taskinstance.py:1048} INFO - Marking task as SUCCESS.dag_id=atp_data07, task_id=run_kaggle_api, execution_date=20200405T000000, start_date=20200407T224300, end_date=20200407T224301
[2020-04-07 18:43:10,026] {logging_mixin.py:112} INFO - [2020-04-07 18:43:10,025] {local_task_job.py:103} INFO - Task exited with return code 0
