[2020-04-04 14:12:59,241] {scheduler_job.py:153} INFO - Started process (PID=81811) to work on /Users/cchavez/dev/airflow_home/dags/kaggle_dag.py
[2020-04-04 14:12:59,246] {scheduler_job.py:1560} INFO - Processing file /Users/cchavez/dev/airflow_home/dags/kaggle_dag.py for tasks to queue
[2020-04-04 14:12:59,247] {logging_mixin.py:112} INFO - [2020-04-04 14:12:59,247] {dagbag.py:403} INFO - Filling up the DagBag from /Users/cchavez/dev/airflow_home/dags/kaggle_dag.py
[2020-04-04 14:13:03,938] {scheduler_job.py:1572} INFO - DAG(s) dict_keys(['atp_data01']) retrieved from /Users/cchavez/dev/airflow_home/dags/kaggle_dag.py
[2020-04-04 14:13:03,943] {logging_mixin.py:112} INFO - [2020-04-04 14:13:03,943] {dag.py:1485} INFO - Creating ORM DAG for atp_data01
[2020-04-04 14:13:03,950] {scheduler_job.py:161} INFO - Processing /Users/cchavez/dev/airflow_home/dags/kaggle_dag.py took 4.709 seconds
[2020-04-04 14:13:53,382] {scheduler_job.py:153} INFO - Started process (PID=81841) to work on /Users/cchavez/dev/airflow_home/dags/kaggle_dag.py
[2020-04-04 14:13:53,392] {scheduler_job.py:1560} INFO - Processing file /Users/cchavez/dev/airflow_home/dags/kaggle_dag.py for tasks to queue
[2020-04-04 14:13:53,395] {logging_mixin.py:112} INFO - [2020-04-04 14:13:53,395] {dagbag.py:403} INFO - Filling up the DagBag from /Users/cchavez/dev/airflow_home/dags/kaggle_dag.py
[2020-04-04 14:13:53,677] {scheduler_job.py:1572} INFO - DAG(s) dict_keys(['atp_data01']) retrieved from /Users/cchavez/dev/airflow_home/dags/kaggle_dag.py
[2020-04-04 14:13:53,689] {scheduler_job.py:161} INFO - Processing /Users/cchavez/dev/airflow_home/dags/kaggle_dag.py took 0.307 seconds
[2020-04-04 14:14:47,551] {scheduler_job.py:153} INFO - Started process (PID=81872) to work on /Users/cchavez/dev/airflow_home/dags/kaggle_dag.py
[2020-04-04 14:14:47,558] {scheduler_job.py:1560} INFO - Processing file /Users/cchavez/dev/airflow_home/dags/kaggle_dag.py for tasks to queue
[2020-04-04 14:14:47,559] {logging_mixin.py:112} INFO - [2020-04-04 14:14:47,558] {dagbag.py:403} INFO - Filling up the DagBag from /Users/cchavez/dev/airflow_home/dags/kaggle_dag.py
[2020-04-04 14:14:47,874] {scheduler_job.py:1572} INFO - DAG(s) dict_keys(['atp_data01']) retrieved from /Users/cchavez/dev/airflow_home/dags/kaggle_dag.py
[2020-04-04 14:14:47,895] {scheduler_job.py:161} INFO - Processing /Users/cchavez/dev/airflow_home/dags/kaggle_dag.py took 0.344 seconds
[2020-04-04 14:15:41,686] {scheduler_job.py:153} INFO - Started process (PID=81903) to work on /Users/cchavez/dev/airflow_home/dags/kaggle_dag.py
[2020-04-04 14:15:41,693] {scheduler_job.py:1560} INFO - Processing file /Users/cchavez/dev/airflow_home/dags/kaggle_dag.py for tasks to queue
[2020-04-04 14:15:41,694] {logging_mixin.py:112} INFO - [2020-04-04 14:15:41,694] {dagbag.py:403} INFO - Filling up the DagBag from /Users/cchavez/dev/airflow_home/dags/kaggle_dag.py
[2020-04-04 14:15:41,977] {scheduler_job.py:1572} INFO - DAG(s) dict_keys(['atp_data01']) retrieved from /Users/cchavez/dev/airflow_home/dags/kaggle_dag.py
[2020-04-04 14:15:41,990] {scheduler_job.py:161} INFO - Processing /Users/cchavez/dev/airflow_home/dags/kaggle_dag.py took 0.305 seconds
[2020-04-04 14:16:35,809] {scheduler_job.py:153} INFO - Started process (PID=81933) to work on /Users/cchavez/dev/airflow_home/dags/kaggle_dag.py
[2020-04-04 14:16:35,817] {scheduler_job.py:1560} INFO - Processing file /Users/cchavez/dev/airflow_home/dags/kaggle_dag.py for tasks to queue
[2020-04-04 14:16:35,819] {logging_mixin.py:112} INFO - [2020-04-04 14:16:35,818] {dagbag.py:403} INFO - Filling up the DagBag from /Users/cchavez/dev/airflow_home/dags/kaggle_dag.py
[2020-04-04 14:16:36,111] {scheduler_job.py:1572} INFO - DAG(s) dict_keys(['atp_data01']) retrieved from /Users/cchavez/dev/airflow_home/dags/kaggle_dag.py
[2020-04-04 14:16:36,125] {scheduler_job.py:161} INFO - Processing /Users/cchavez/dev/airflow_home/dags/kaggle_dag.py took 0.316 seconds
[2020-04-04 14:17:29,947] {scheduler_job.py:153} INFO - Started process (PID=81964) to work on /Users/cchavez/dev/airflow_home/dags/kaggle_dag.py
[2020-04-04 14:17:29,954] {scheduler_job.py:1560} INFO - Processing file /Users/cchavez/dev/airflow_home/dags/kaggle_dag.py for tasks to queue
[2020-04-04 14:17:29,955] {logging_mixin.py:112} INFO - [2020-04-04 14:17:29,955] {dagbag.py:403} INFO - Filling up the DagBag from /Users/cchavez/dev/airflow_home/dags/kaggle_dag.py
[2020-04-04 14:17:30,404] {scheduler_job.py:1572} INFO - DAG(s) dict_keys(['atp_data01']) retrieved from /Users/cchavez/dev/airflow_home/dags/kaggle_dag.py
[2020-04-04 14:17:30,417] {scheduler_job.py:161} INFO - Processing /Users/cchavez/dev/airflow_home/dags/kaggle_dag.py took 0.471 seconds
[2020-04-04 14:18:24,101] {scheduler_job.py:153} INFO - Started process (PID=81993) to work on /Users/cchavez/dev/airflow_home/dags/kaggle_dag.py
[2020-04-04 14:18:24,107] {scheduler_job.py:1560} INFO - Processing file /Users/cchavez/dev/airflow_home/dags/kaggle_dag.py for tasks to queue
[2020-04-04 14:18:24,108] {logging_mixin.py:112} INFO - [2020-04-04 14:18:24,108] {dagbag.py:403} INFO - Filling up the DagBag from /Users/cchavez/dev/airflow_home/dags/kaggle_dag.py
[2020-04-04 14:18:24,573] {scheduler_job.py:1572} INFO - DAG(s) dict_keys(['atp_data01']) retrieved from /Users/cchavez/dev/airflow_home/dags/kaggle_dag.py
[2020-04-04 14:18:24,588] {scheduler_job.py:161} INFO - Processing /Users/cchavez/dev/airflow_home/dags/kaggle_dag.py took 0.487 seconds
[2020-04-04 14:19:18,260] {scheduler_job.py:153} INFO - Started process (PID=82026) to work on /Users/cchavez/dev/airflow_home/dags/kaggle_dag.py
[2020-04-04 14:19:18,267] {scheduler_job.py:1560} INFO - Processing file /Users/cchavez/dev/airflow_home/dags/kaggle_dag.py for tasks to queue
[2020-04-04 14:19:18,268] {logging_mixin.py:112} INFO - [2020-04-04 14:19:18,267] {dagbag.py:403} INFO - Filling up the DagBag from /Users/cchavez/dev/airflow_home/dags/kaggle_dag.py
[2020-04-04 14:19:18,728] {scheduler_job.py:1572} INFO - DAG(s) dict_keys(['atp_data01']) retrieved from /Users/cchavez/dev/airflow_home/dags/kaggle_dag.py
[2020-04-04 14:19:18,742] {scheduler_job.py:161} INFO - Processing /Users/cchavez/dev/airflow_home/dags/kaggle_dag.py took 0.483 seconds
