[2020-04-04 14:51:53,820] {taskinstance.py:655} INFO - Dependencies all met for <TaskInstance: atp_data01.run_kaggle_api 2020-04-02T00:00:00+00:00 [queued]>
[2020-04-04 14:51:53,827] {taskinstance.py:655} INFO - Dependencies all met for <TaskInstance: atp_data01.run_kaggle_api 2020-04-02T00:00:00+00:00 [queued]>
[2020-04-04 14:51:53,827] {taskinstance.py:866} INFO - 
--------------------------------------------------------------------------------
[2020-04-04 14:51:53,827] {taskinstance.py:867} INFO - Starting attempt 1 of 2
[2020-04-04 14:51:53,827] {taskinstance.py:868} INFO - 
--------------------------------------------------------------------------------
[2020-04-04 14:51:53,832] {taskinstance.py:887} INFO - Executing <Task(BashOperator): run_kaggle_api> on 2020-04-02T00:00:00+00:00
[2020-04-04 14:51:53,834] {standard_task_runner.py:53} INFO - Started process 82771 to run task
[2020-04-04 14:51:53,977] {logging_mixin.py:112} INFO - Running %s on host %s <TaskInstance: atp_data01.run_kaggle_api 2020-04-02T00:00:00+00:00 [running]> 1.0.0.0.0.0.0.0.0.0.0.0.0.0.0.0.0.0.0.0.0.0.0.0.0.0.0.0.0.0.0.0.ip6.arpa
[2020-04-04 14:51:53,996] {bash_operator.py:82} INFO - Tmp dir root location: 
 /var/folders/p0/vtyq_62d7zsg8glxyfbgkq9m0000gp/T
[2020-04-04 14:51:54,001] {bash_operator.py:105} INFO - Temporary script location: /var/folders/p0/vtyq_62d7zsg8glxyfbgkq9m0000gp/T/airflowtmps0qwmm4j/run_kaggle_api0m5l__sd
[2020-04-04 14:51:54,002] {bash_operator.py:115} INFO - Running command: kaggle competitions download -c house-prices-advanced-regression-techniques
[2020-04-04 14:51:54,011] {bash_operator.py:122} INFO - Output:
[2020-04-04 14:51:54,974] {bash_operator.py:126} INFO -   0%|          | 0.00/199k [00:00<?, ?B/s]100%|██████████| 199k/199k [00:00<00:00, 4.79MB/s]
[2020-04-04 14:51:54,975] {bash_operator.py:126} INFO - Warning: Your Kaggle API key is readable by other users on this system! To fix this, you can run 'chmod 600 /Users/cchavez/.kaggle/kaggle.json'
[2020-04-04 14:51:54,975] {bash_operator.py:126} INFO - Downloading house-prices-advanced-regression-techniques.zip to /private/var/folders/p0/vtyq_62d7zsg8glxyfbgkq9m0000gp/T/airflowtmps0qwmm4j
[2020-04-04 14:51:54,976] {bash_operator.py:126} INFO - 
[2020-04-04 14:51:55,200] {bash_operator.py:130} INFO - Command exited with return code 0
[2020-04-04 14:51:55,210] {taskinstance.py:1048} INFO - Marking task as SUCCESS.dag_id=atp_data01, task_id=run_kaggle_api, execution_date=20200402T000000, start_date=20200404T185153, end_date=20200404T185155
[2020-04-04 14:52:03,819] {logging_mixin.py:112} INFO - [2020-04-04 14:52:03,818] {local_task_job.py:103} INFO - Task exited with return code 0
