[2020-04-07 06:41:15,401] {taskinstance.py:655} INFO - Dependencies all met for <TaskInstance: atp_data02.run_kaggle_api 2020-04-05T00:00:00+00:00 [queued]>
[2020-04-07 06:41:15,408] {taskinstance.py:655} INFO - Dependencies all met for <TaskInstance: atp_data02.run_kaggle_api 2020-04-05T00:00:00+00:00 [queued]>
[2020-04-07 06:41:15,408] {taskinstance.py:866} INFO - 
--------------------------------------------------------------------------------
[2020-04-07 06:41:15,408] {taskinstance.py:867} INFO - Starting attempt 1 of 2
[2020-04-07 06:41:15,408] {taskinstance.py:868} INFO - 
--------------------------------------------------------------------------------
[2020-04-07 06:41:15,414] {taskinstance.py:887} INFO - Executing <Task(BashOperator): run_kaggle_api> on 2020-04-05T00:00:00+00:00
[2020-04-07 06:41:15,416] {standard_task_runner.py:53} INFO - Started process 46618 to run task
[2020-04-07 06:41:15,465] {logging_mixin.py:112} INFO - Running %s on host %s <TaskInstance: atp_data02.run_kaggle_api 2020-04-05T00:00:00+00:00 [running]> 1.0.0.0.0.0.0.0.0.0.0.0.0.0.0.0.0.0.0.0.0.0.0.0.0.0.0.0.0.0.0.0.ip6.arpa
[2020-04-07 06:41:15,482] {bash_operator.py:82} INFO - Tmp dir root location: 
 /var/folders/p0/vtyq_62d7zsg8glxyfbgkq9m0000gp/T
[2020-04-07 06:41:15,485] {bash_operator.py:105} INFO - Temporary script location: /var/folders/p0/vtyq_62d7zsg8glxyfbgkq9m0000gp/T/airflowtmpb0l2dbul/run_kaggle_apidis4wgh4
[2020-04-07 06:41:15,486] {bash_operator.py:115} INFO - Running command: kaggle competitions download -c house-prices-advanced-regression-techniques
[2020-04-07 06:41:15,492] {bash_operator.py:122} INFO - Output:
[2020-04-07 06:41:16,115] {bash_operator.py:126} INFO -   0%|          | 0.00/199k [00:00<?, ?B/s]100%|██████████| 199k/199k [00:00<00:00, 5.80MB/s]
[2020-04-07 06:41:16,116] {bash_operator.py:126} INFO - Warning: Your Kaggle API key is readable by other users on this system! To fix this, you can run 'chmod 600 /Users/cchavez/.kaggle/kaggle.json'
[2020-04-07 06:41:16,116] {bash_operator.py:126} INFO - Downloading house-prices-advanced-regression-techniques.zip to /private/var/folders/p0/vtyq_62d7zsg8glxyfbgkq9m0000gp/T/airflowtmpb0l2dbul
[2020-04-07 06:41:16,117] {bash_operator.py:126} INFO - 
[2020-04-07 06:41:16,250] {bash_operator.py:130} INFO - Command exited with return code 0
[2020-04-07 06:41:16,266] {taskinstance.py:1048} INFO - Marking task as SUCCESS.dag_id=atp_data02, task_id=run_kaggle_api, execution_date=20200405T000000, start_date=20200407T104115, end_date=20200407T104116
[2020-04-07 06:41:25,364] {logging_mixin.py:112} INFO - [2020-04-07 06:41:25,363] {local_task_job.py:103} INFO - Task exited with return code 0
