[2020-04-02 08:27:47,106] {taskinstance.py:655} INFO - Dependencies all met for <TaskInstance: tutorial.templated 2020-04-01T00:00:00+00:00 [queued]>
[2020-04-02 08:27:47,116] {taskinstance.py:655} INFO - Dependencies all met for <TaskInstance: tutorial.templated 2020-04-01T00:00:00+00:00 [queued]>
[2020-04-02 08:27:47,116] {taskinstance.py:866} INFO - 
--------------------------------------------------------------------------------
[2020-04-02 08:27:47,116] {taskinstance.py:867} INFO - Starting attempt 1 of 2
[2020-04-02 08:27:47,116] {taskinstance.py:868} INFO - 
--------------------------------------------------------------------------------
[2020-04-02 08:27:47,132] {taskinstance.py:887} INFO - Executing <Task(BashOperator): templated> on 2020-04-01T00:00:00+00:00
[2020-04-02 08:27:47,134] {standard_task_runner.py:53} INFO - Started process 26430 to run task
[2020-04-02 08:27:47,187] {logging_mixin.py:112} INFO - Running %s on host %s <TaskInstance: tutorial.templated 2020-04-01T00:00:00+00:00 [running]> 1.0.0.0.0.0.0.0.0.0.0.0.0.0.0.0.0.0.0.0.0.0.0.0.0.0.0.0.0.0.0.0.ip6.arpa
[2020-04-02 08:27:47,217] {bash_operator.py:82} INFO - Tmp dir root location: 
 /var/folders/p0/vtyq_62d7zsg8glxyfbgkq9m0000gp/T
[2020-04-02 08:27:47,219] {bash_operator.py:105} INFO - Temporary script location: /var/folders/p0/vtyq_62d7zsg8glxyfbgkq9m0000gp/T/airflowtmp56eobnq8/templated3_dxhgux
[2020-04-02 08:27:47,219] {bash_operator.py:115} INFO - Running command: 

    echo "2020-04-01"
    echo "2020-04-08"
    echo "Parameter I passed in"

    echo "2020-04-01"
    echo "2020-04-08"
    echo "Parameter I passed in"

    echo "2020-04-01"
    echo "2020-04-08"
    echo "Parameter I passed in"

    echo "2020-04-01"
    echo "2020-04-08"
    echo "Parameter I passed in"

    echo "2020-04-01"
    echo "2020-04-08"
    echo "Parameter I passed in"

[2020-04-02 08:27:47,226] {bash_operator.py:122} INFO - Output:
[2020-04-02 08:27:47,234] {bash_operator.py:126} INFO - 2020-04-01
[2020-04-02 08:27:47,234] {bash_operator.py:126} INFO - 2020-04-08
[2020-04-02 08:27:47,235] {bash_operator.py:126} INFO - Parameter I passed in
[2020-04-02 08:27:47,235] {bash_operator.py:126} INFO - 2020-04-01
[2020-04-02 08:27:47,235] {bash_operator.py:126} INFO - 2020-04-08
[2020-04-02 08:27:47,236] {bash_operator.py:126} INFO - Parameter I passed in
[2020-04-02 08:27:47,236] {bash_operator.py:126} INFO - 2020-04-01
[2020-04-02 08:27:47,236] {bash_operator.py:126} INFO - 2020-04-08
[2020-04-02 08:27:47,237] {bash_operator.py:126} INFO - Parameter I passed in
[2020-04-02 08:27:47,237] {bash_operator.py:126} INFO - 2020-04-01
[2020-04-02 08:27:47,238] {bash_operator.py:126} INFO - 2020-04-08
[2020-04-02 08:27:47,238] {bash_operator.py:126} INFO - Parameter I passed in
[2020-04-02 08:27:47,238] {bash_operator.py:126} INFO - 2020-04-01
[2020-04-02 08:27:47,238] {bash_operator.py:126} INFO - 2020-04-08
[2020-04-02 08:27:47,239] {bash_operator.py:126} INFO - Parameter I passed in
[2020-04-02 08:27:47,239] {bash_operator.py:130} INFO - Command exited with return code 0
[2020-04-02 08:27:47,246] {taskinstance.py:1048} INFO - Marking task as SUCCESS.dag_id=tutorial, task_id=templated, execution_date=20200401T000000, start_date=20200402T122747, end_date=20200402T122747
[2020-04-02 08:27:57,099] {logging_mixin.py:112} INFO - [2020-04-02 08:27:57,098] {local_task_job.py:103} INFO - Task exited with return code 0
