[2020-04-08 02:32:57,449] {taskinstance.py:655} INFO - Dependencies all met for <TaskInstance: atp_data07.create_table 2020-04-07T00:00:00+00:00 [queued]>
[2020-04-08 02:32:57,458] {taskinstance.py:655} INFO - Dependencies all met for <TaskInstance: atp_data07.create_table 2020-04-07T00:00:00+00:00 [queued]>
[2020-04-08 02:32:57,458] {taskinstance.py:866} INFO - 
--------------------------------------------------------------------------------
[2020-04-08 02:32:57,458] {taskinstance.py:867} INFO - Starting attempt 1 of 1
[2020-04-08 02:32:57,458] {taskinstance.py:868} INFO - 
--------------------------------------------------------------------------------
[2020-04-08 02:32:57,463] {taskinstance.py:887} INFO - Executing <Task(PostgresOperator): create_table> on 2020-04-07T00:00:00+00:00
[2020-04-08 02:32:57,465] {standard_task_runner.py:53} INFO - Started process 81469 to run task
[2020-04-08 02:32:57,513] {logging_mixin.py:112} INFO - Running %s on host %s <TaskInstance: atp_data07.create_table 2020-04-07T00:00:00+00:00 [running]> 1.0.0.0.0.0.0.0.0.0.0.0.0.0.0.0.0.0.0.0.0.0.0.0.0.0.0.0.0.0.0.0.ip6.arpa
[2020-04-08 02:32:57,528] {postgres_operator.py:62} INFO - Executing: 
            DROP TABLE IF EXISTS sample;
            CREATE TABLE sample
            (
            Index text,
            Id text,
            SalePrice text
            )
            
[2020-04-08 02:32:57,534] {logging_mixin.py:112} INFO - [2020-04-08 02:32:57,533] {base_hook.py:84} INFO - Using connection to: id: postgres_connection. Host: localhost, Port: 5432, Schema: postgres, Login: postgres, Password: XXXXXXXX, extra: None
[2020-04-08 02:32:57,541] {logging_mixin.py:112} INFO - [2020-04-08 02:32:57,541] {dbapi_hook.py:174} INFO - 
            DROP TABLE IF EXISTS sample;
            CREATE TABLE sample
            (
            Index text,
            Id text,
            SalePrice text
            )
            
[2020-04-08 02:32:57,559] {taskinstance.py:1048} INFO - Marking task as SUCCESS.dag_id=atp_data07, task_id=create_table, execution_date=20200407T000000, start_date=20200408T063257, end_date=20200408T063257
[2020-04-08 02:33:07,405] {logging_mixin.py:112} INFO - [2020-04-08 02:33:07,404] {local_task_job.py:103} INFO - Task exited with return code 0
