[2020-04-07 18:45:52,575] {taskinstance.py:655} INFO - Dependencies all met for <TaskInstance: atp_data07.unzip_api 2020-04-06T00:00:00+00:00 [queued]>
[2020-04-07 18:45:52,585] {taskinstance.py:655} INFO - Dependencies all met for <TaskInstance: atp_data07.unzip_api 2020-04-06T00:00:00+00:00 [queued]>
[2020-04-07 18:45:52,585] {taskinstance.py:866} INFO - 
--------------------------------------------------------------------------------
[2020-04-07 18:45:52,585] {taskinstance.py:867} INFO - Starting attempt 1 of 2
[2020-04-07 18:45:52,585] {taskinstance.py:868} INFO - 
--------------------------------------------------------------------------------
[2020-04-07 18:45:52,591] {taskinstance.py:887} INFO - Executing <Task(PythonOperator): unzip_api> on 2020-04-06T00:00:00+00:00
[2020-04-07 18:45:52,592] {standard_task_runner.py:53} INFO - Started process 65939 to run task
[2020-04-07 18:45:52,640] {logging_mixin.py:112} INFO - Running %s on host %s <TaskInstance: atp_data07.unzip_api 2020-04-06T00:00:00+00:00 [running]> 1.0.0.0.0.0.0.0.0.0.0.0.0.0.0.0.0.0.0.0.0.0.0.0.0.0.0.0.0.0.0.0.ip6.arpa
[2020-04-07 18:45:52,653] {taskinstance.py:1128} ERROR - "There is no item named 'Data.csv' in the archive"
Traceback (most recent call last):
  File "/Users/cchavez/opt/anaconda3/envs/airflow/lib/python3.7/site-packages/airflow/models/taskinstance.py", line 966, in _run_raw_task
    result = task_copy.execute(context=context)
  File "/Users/cchavez/opt/anaconda3/envs/airflow/lib/python3.7/site-packages/airflow/operators/python_operator.py", line 113, in execute
    return_value = self.execute_callable()
  File "/Users/cchavez/opt/anaconda3/envs/airflow/lib/python3.7/site-packages/airflow/operators/python_operator.py", line 118, in execute_callable
    return self.python_callable(*self.op_args, **self.op_kwargs)
  File "/Users/cchavez/dev/airflow_home/dags/atp_data07.py", line 44, in unzip
    df = pd.read_csv(zf.open('Data.csv'), encoding='ISO-8859-1')
  File "/Users/cchavez/opt/anaconda3/envs/airflow/lib/python3.7/zipfile.py", line 1503, in open
    zinfo = self.getinfo(name)
  File "/Users/cchavez/opt/anaconda3/envs/airflow/lib/python3.7/zipfile.py", line 1431, in getinfo
    'There is no item named %r in the archive' % name)
KeyError: "There is no item named 'Data.csv' in the archive"
[2020-04-07 18:45:52,655] {taskinstance.py:1151} INFO - Marking task as UP_FOR_RETRY
[2020-04-07 18:46:02,532] {logging_mixin.py:112} INFO - [2020-04-07 18:46:02,531] {local_task_job.py:103} INFO - Task exited with return code 1
[2020-04-07 21:30:53,536] {taskinstance.py:655} INFO - Dependencies all met for <TaskInstance: atp_data07.unzip_api 2020-04-06T00:00:00+00:00 [queued]>
[2020-04-07 21:30:53,546] {taskinstance.py:655} INFO - Dependencies all met for <TaskInstance: atp_data07.unzip_api 2020-04-06T00:00:00+00:00 [queued]>
[2020-04-07 21:30:53,546] {taskinstance.py:866} INFO - 
--------------------------------------------------------------------------------
[2020-04-07 21:30:53,547] {taskinstance.py:867} INFO - Starting attempt 1 of 2
[2020-04-07 21:30:53,547] {taskinstance.py:868} INFO - 
--------------------------------------------------------------------------------
[2020-04-07 21:30:53,554] {taskinstance.py:887} INFO - Executing <Task(PythonOperator): unzip_api> on 2020-04-06T00:00:00+00:00
[2020-04-07 21:30:53,556] {standard_task_runner.py:53} INFO - Started process 72105 to run task
[2020-04-07 21:30:53,607] {logging_mixin.py:112} INFO - Running %s on host %s <TaskInstance: atp_data07.unzip_api 2020-04-06T00:00:00+00:00 [running]> 1.0.0.0.0.0.0.0.0.0.0.0.0.0.0.0.0.0.0.0.0.0.0.0.0.0.0.0.0.0.0.0.ip6.arpa
[2020-04-07 21:30:53,714] {python_operator.py:114} INFO - Done. Returned value was: None
[2020-04-07 21:30:53,718] {taskinstance.py:1048} INFO - Marking task as SUCCESS.dag_id=atp_data07, task_id=unzip_api, execution_date=20200406T000000, start_date=20200408T013053, end_date=20200408T013053
[2020-04-07 21:31:03,496] {logging_mixin.py:112} INFO - [2020-04-07 21:31:03,495] {local_task_job.py:103} INFO - Task exited with return code 0
[2020-04-07 22:43:27,144] {taskinstance.py:655} INFO - Dependencies all met for <TaskInstance: atp_data07.unzip_api 2020-04-06T00:00:00+00:00 [queued]>
[2020-04-07 22:43:27,153] {taskinstance.py:655} INFO - Dependencies all met for <TaskInstance: atp_data07.unzip_api 2020-04-06T00:00:00+00:00 [queued]>
[2020-04-07 22:43:27,154] {taskinstance.py:866} INFO - 
--------------------------------------------------------------------------------
[2020-04-07 22:43:27,154] {taskinstance.py:867} INFO - Starting attempt 1 of 2
[2020-04-07 22:43:27,154] {taskinstance.py:868} INFO - 
--------------------------------------------------------------------------------
[2020-04-07 22:43:27,160] {taskinstance.py:887} INFO - Executing <Task(PythonOperator): unzip_api> on 2020-04-06T00:00:00+00:00
[2020-04-07 22:43:27,162] {standard_task_runner.py:53} INFO - Started process 74761 to run task
[2020-04-07 22:43:27,210] {logging_mixin.py:112} INFO - Running %s on host %s <TaskInstance: atp_data07.unzip_api 2020-04-06T00:00:00+00:00 [running]> 1.0.0.0.0.0.0.0.0.0.0.0.0.0.0.0.0.0.0.0.0.0.0.0.0.0.0.0.0.0.0.0.ip6.arpa
[2020-04-07 22:43:27,248] {python_operator.py:114} INFO - Done. Returned value was: None
[2020-04-07 22:43:27,252] {taskinstance.py:1048} INFO - Marking task as SUCCESS.dag_id=atp_data07, task_id=unzip_api, execution_date=20200406T000000, start_date=20200408T024327, end_date=20200408T024327
[2020-04-07 22:43:37,104] {logging_mixin.py:112} INFO - [2020-04-07 22:43:37,101] {local_task_job.py:103} INFO - Task exited with return code 0
[2020-04-07 23:28:42,357] {taskinstance.py:655} INFO - Dependencies all met for <TaskInstance: atp_data07.unzip_api 2020-04-06T00:00:00+00:00 [queued]>
[2020-04-07 23:28:42,367] {taskinstance.py:655} INFO - Dependencies all met for <TaskInstance: atp_data07.unzip_api 2020-04-06T00:00:00+00:00 [queued]>
[2020-04-07 23:28:42,367] {taskinstance.py:866} INFO - 
--------------------------------------------------------------------------------
[2020-04-07 23:28:42,367] {taskinstance.py:867} INFO - Starting attempt 1 of 1
[2020-04-07 23:28:42,367] {taskinstance.py:868} INFO - 
--------------------------------------------------------------------------------
[2020-04-07 23:28:42,373] {taskinstance.py:887} INFO - Executing <Task(PythonOperator): unzip_api> on 2020-04-06T00:00:00+00:00
[2020-04-07 23:28:42,376] {standard_task_runner.py:53} INFO - Started process 76387 to run task
[2020-04-07 23:28:42,426] {logging_mixin.py:112} INFO - Running %s on host %s <TaskInstance: atp_data07.unzip_api 2020-04-06T00:00:00+00:00 [running]> 1.0.0.0.0.0.0.0.0.0.0.0.0.0.0.0.0.0.0.0.0.0.0.0.0.0.0.0.0.0.0.0.ip6.arpa
[2020-04-07 23:28:42,462] {python_operator.py:114} INFO - Done. Returned value was: None
[2020-04-07 23:28:42,466] {taskinstance.py:1048} INFO - Marking task as SUCCESS.dag_id=atp_data07, task_id=unzip_api, execution_date=20200406T000000, start_date=20200408T032842, end_date=20200408T032842
[2020-04-07 23:28:52,313] {logging_mixin.py:112} INFO - [2020-04-07 23:28:52,312] {local_task_job.py:103} INFO - Task exited with return code 0
[2020-04-08 00:07:34,080] {taskinstance.py:655} INFO - Dependencies all met for <TaskInstance: atp_data07.unzip_api 2020-04-06T00:00:00+00:00 [queued]>
[2020-04-08 00:07:34,089] {taskinstance.py:655} INFO - Dependencies all met for <TaskInstance: atp_data07.unzip_api 2020-04-06T00:00:00+00:00 [queued]>
[2020-04-08 00:07:34,089] {taskinstance.py:866} INFO - 
--------------------------------------------------------------------------------
[2020-04-08 00:07:34,089] {taskinstance.py:867} INFO - Starting attempt 1 of 1
[2020-04-08 00:07:34,089] {taskinstance.py:868} INFO - 
--------------------------------------------------------------------------------
[2020-04-08 00:07:34,095] {taskinstance.py:887} INFO - Executing <Task(PythonOperator): unzip_api> on 2020-04-06T00:00:00+00:00
[2020-04-08 00:07:34,098] {standard_task_runner.py:53} INFO - Started process 77901 to run task
[2020-04-08 00:07:34,145] {logging_mixin.py:112} INFO - Running %s on host %s <TaskInstance: atp_data07.unzip_api 2020-04-06T00:00:00+00:00 [running]> 1.0.0.0.0.0.0.0.0.0.0.0.0.0.0.0.0.0.0.0.0.0.0.0.0.0.0.0.0.0.0.0.ip6.arpa
[2020-04-08 00:07:34,177] {python_operator.py:114} INFO - Done. Returned value was: None
[2020-04-08 00:07:34,180] {taskinstance.py:1048} INFO - Marking task as SUCCESS.dag_id=atp_data07, task_id=unzip_api, execution_date=20200406T000000, start_date=20200408T040734, end_date=20200408T040734
[2020-04-08 00:07:44,040] {logging_mixin.py:112} INFO - [2020-04-08 00:07:44,039] {local_task_job.py:103} INFO - Task exited with return code 0
[2020-04-08 00:31:37,884] {taskinstance.py:655} INFO - Dependencies all met for <TaskInstance: atp_data07.unzip_api 2020-04-06T00:00:00+00:00 [queued]>
[2020-04-08 00:31:37,893] {taskinstance.py:655} INFO - Dependencies all met for <TaskInstance: atp_data07.unzip_api 2020-04-06T00:00:00+00:00 [queued]>
[2020-04-08 00:31:37,893] {taskinstance.py:866} INFO - 
--------------------------------------------------------------------------------
[2020-04-08 00:31:37,893] {taskinstance.py:867} INFO - Starting attempt 1 of 1
[2020-04-08 00:31:37,893] {taskinstance.py:868} INFO - 
--------------------------------------------------------------------------------
[2020-04-08 00:31:37,899] {taskinstance.py:887} INFO - Executing <Task(PythonOperator): unzip_api> on 2020-04-06T00:00:00+00:00
[2020-04-08 00:31:37,901] {standard_task_runner.py:53} INFO - Started process 78748 to run task
[2020-04-08 00:31:37,962] {logging_mixin.py:112} INFO - Running %s on host %s <TaskInstance: atp_data07.unzip_api 2020-04-06T00:00:00+00:00 [running]> 1.0.0.0.0.0.0.0.0.0.0.0.0.0.0.0.0.0.0.0.0.0.0.0.0.0.0.0.0.0.0.0.ip6.arpa
[2020-04-08 00:31:38,030] {python_operator.py:114} INFO - Done. Returned value was: None
[2020-04-08 00:31:38,036] {taskinstance.py:1048} INFO - Marking task as SUCCESS.dag_id=atp_data07, task_id=unzip_api, execution_date=20200406T000000, start_date=20200408T043137, end_date=20200408T043138
[2020-04-08 00:31:47,831] {logging_mixin.py:112} INFO - [2020-04-08 00:31:47,831] {local_task_job.py:103} INFO - Task exited with return code 0
[2020-04-08 00:40:05,081] {taskinstance.py:655} INFO - Dependencies all met for <TaskInstance: atp_data07.unzip_api 2020-04-06T00:00:00+00:00 [queued]>
[2020-04-08 00:40:05,090] {taskinstance.py:655} INFO - Dependencies all met for <TaskInstance: atp_data07.unzip_api 2020-04-06T00:00:00+00:00 [queued]>
[2020-04-08 00:40:05,091] {taskinstance.py:866} INFO - 
--------------------------------------------------------------------------------
[2020-04-08 00:40:05,091] {taskinstance.py:867} INFO - Starting attempt 1 of 1
[2020-04-08 00:40:05,091] {taskinstance.py:868} INFO - 
--------------------------------------------------------------------------------
[2020-04-08 00:40:05,096] {taskinstance.py:887} INFO - Executing <Task(PythonOperator): unzip_api> on 2020-04-06T00:00:00+00:00
[2020-04-08 00:40:05,099] {standard_task_runner.py:53} INFO - Started process 79040 to run task
[2020-04-08 00:40:05,144] {logging_mixin.py:112} INFO - Running %s on host %s <TaskInstance: atp_data07.unzip_api 2020-04-06T00:00:00+00:00 [running]> 1.0.0.0.0.0.0.0.0.0.0.0.0.0.0.0.0.0.0.0.0.0.0.0.0.0.0.0.0.0.0.0.ip6.arpa
[2020-04-08 00:40:05,176] {python_operator.py:114} INFO - Done. Returned value was: None
[2020-04-08 00:40:05,179] {taskinstance.py:1048} INFO - Marking task as SUCCESS.dag_id=atp_data07, task_id=unzip_api, execution_date=20200406T000000, start_date=20200408T044005, end_date=20200408T044005
[2020-04-08 00:40:15,040] {logging_mixin.py:112} INFO - [2020-04-08 00:40:15,039] {local_task_job.py:103} INFO - Task exited with return code 0
[2020-04-08 00:51:20,253] {taskinstance.py:655} INFO - Dependencies all met for <TaskInstance: atp_data07.unzip_api 2020-04-06T00:00:00+00:00 [queued]>
[2020-04-08 00:51:20,264] {taskinstance.py:655} INFO - Dependencies all met for <TaskInstance: atp_data07.unzip_api 2020-04-06T00:00:00+00:00 [queued]>
[2020-04-08 00:51:20,264] {taskinstance.py:866} INFO - 
--------------------------------------------------------------------------------
[2020-04-08 00:51:20,264] {taskinstance.py:867} INFO - Starting attempt 1 of 1
[2020-04-08 00:51:20,264] {taskinstance.py:868} INFO - 
--------------------------------------------------------------------------------
[2020-04-08 00:51:20,270] {taskinstance.py:887} INFO - Executing <Task(PythonOperator): unzip_api> on 2020-04-06T00:00:00+00:00
[2020-04-08 00:51:20,271] {standard_task_runner.py:53} INFO - Started process 79458 to run task
[2020-04-08 00:51:20,330] {logging_mixin.py:112} INFO - Running %s on host %s <TaskInstance: atp_data07.unzip_api 2020-04-06T00:00:00+00:00 [running]> zipcodes-MacBook-Pro-4.local
[2020-04-08 00:51:20,363] {python_operator.py:114} INFO - Done. Returned value was: None
[2020-04-08 00:51:20,366] {taskinstance.py:1048} INFO - Marking task as SUCCESS.dag_id=atp_data07, task_id=unzip_api, execution_date=20200406T000000, start_date=20200408T045120, end_date=20200408T045120
[2020-04-08 00:51:30,218] {logging_mixin.py:112} INFO - [2020-04-08 00:51:30,217] {local_task_job.py:103} INFO - Task exited with return code 0
[2020-04-08 00:59:59,276] {taskinstance.py:655} INFO - Dependencies all met for <TaskInstance: atp_data07.unzip_api 2020-04-06T00:00:00+00:00 [queued]>
[2020-04-08 00:59:59,286] {taskinstance.py:655} INFO - Dependencies all met for <TaskInstance: atp_data07.unzip_api 2020-04-06T00:00:00+00:00 [queued]>
[2020-04-08 00:59:59,286] {taskinstance.py:866} INFO - 
--------------------------------------------------------------------------------
[2020-04-08 00:59:59,286] {taskinstance.py:867} INFO - Starting attempt 1 of 1
[2020-04-08 00:59:59,286] {taskinstance.py:868} INFO - 
--------------------------------------------------------------------------------
[2020-04-08 00:59:59,291] {taskinstance.py:887} INFO - Executing <Task(PythonOperator): unzip_api> on 2020-04-06T00:00:00+00:00
[2020-04-08 00:59:59,293] {standard_task_runner.py:53} INFO - Started process 79764 to run task
[2020-04-08 00:59:59,337] {logging_mixin.py:112} INFO - Running %s on host %s <TaskInstance: atp_data07.unzip_api 2020-04-06T00:00:00+00:00 [running]> zipcodes-MacBook-Pro-4.local
[2020-04-08 00:59:59,368] {python_operator.py:114} INFO - Done. Returned value was: None
[2020-04-08 00:59:59,371] {taskinstance.py:1048} INFO - Marking task as SUCCESS.dag_id=atp_data07, task_id=unzip_api, execution_date=20200406T000000, start_date=20200408T045959, end_date=20200408T045959
[2020-04-08 01:00:09,221] {logging_mixin.py:112} INFO - [2020-04-08 01:00:09,221] {local_task_job.py:103} INFO - Task exited with return code 0
[2020-04-08 02:29:24,592] {taskinstance.py:655} INFO - Dependencies all met for <TaskInstance: atp_data07.unzip_api 2020-04-06T00:00:00+00:00 [queued]>
[2020-04-08 02:29:24,606] {taskinstance.py:655} INFO - Dependencies all met for <TaskInstance: atp_data07.unzip_api 2020-04-06T00:00:00+00:00 [queued]>
[2020-04-08 02:29:24,606] {taskinstance.py:866} INFO - 
--------------------------------------------------------------------------------
[2020-04-08 02:29:24,606] {taskinstance.py:867} INFO - Starting attempt 1 of 1
[2020-04-08 02:29:24,606] {taskinstance.py:868} INFO - 
--------------------------------------------------------------------------------
[2020-04-08 02:29:24,612] {taskinstance.py:887} INFO - Executing <Task(PythonOperator): unzip_api> on 2020-04-06T00:00:00+00:00
[2020-04-08 02:29:24,614] {standard_task_runner.py:53} INFO - Started process 81341 to run task
[2020-04-08 02:29:24,686] {logging_mixin.py:112} INFO - Running %s on host %s <TaskInstance: atp_data07.unzip_api 2020-04-06T00:00:00+00:00 [running]> 1.0.0.0.0.0.0.0.0.0.0.0.0.0.0.0.0.0.0.0.0.0.0.0.0.0.0.0.0.0.0.0.ip6.arpa
[2020-04-08 02:29:24,723] {python_operator.py:114} INFO - Done. Returned value was: None
[2020-04-08 02:29:24,727] {taskinstance.py:1048} INFO - Marking task as SUCCESS.dag_id=atp_data07, task_id=unzip_api, execution_date=20200406T000000, start_date=20200408T062924, end_date=20200408T062924
[2020-04-08 02:29:34,549] {logging_mixin.py:112} INFO - [2020-04-08 02:29:34,548] {local_task_job.py:103} INFO - Task exited with return code 0
