[2020-04-07 14:20:56,975] {taskinstance.py:655} INFO - Dependencies all met for <TaskInstance: atp_data06.run_kaggle_api 2020-04-06T00:00:00+00:00 [queued]>
[2020-04-07 14:20:56,981] {taskinstance.py:655} INFO - Dependencies all met for <TaskInstance: atp_data06.run_kaggle_api 2020-04-06T00:00:00+00:00 [queued]>
[2020-04-07 14:20:56,981] {taskinstance.py:866} INFO - 
--------------------------------------------------------------------------------
[2020-04-07 14:20:56,981] {taskinstance.py:867} INFO - Starting attempt 1 of 2
[2020-04-07 14:20:56,981] {taskinstance.py:868} INFO - 
--------------------------------------------------------------------------------
[2020-04-07 14:20:56,987] {taskinstance.py:887} INFO - Executing <Task(BashOperator): run_kaggle_api> on 2020-04-06T00:00:00+00:00
[2020-04-07 14:20:56,988] {standard_task_runner.py:53} INFO - Started process 59693 to run task
[2020-04-07 14:20:57,034] {logging_mixin.py:112} INFO - Running %s on host %s <TaskInstance: atp_data06.run_kaggle_api 2020-04-06T00:00:00+00:00 [running]> 1.0.0.0.0.0.0.0.0.0.0.0.0.0.0.0.0.0.0.0.0.0.0.0.0.0.0.0.0.0.0.0.ip6.arpa
[2020-04-07 14:20:57,048] {bash_operator.py:82} INFO - Tmp dir root location: 
 /var/folders/p0/vtyq_62d7zsg8glxyfbgkq9m0000gp/T
[2020-04-07 14:20:57,050] {bash_operator.py:105} INFO - Temporary script location: /var/folders/p0/vtyq_62d7zsg8glxyfbgkq9m0000gp/T/airflowtmpullhxn3b/run_kaggle_api7c7ajqh7
[2020-04-07 14:20:57,050] {bash_operator.py:115} INFO - Running command: kaggle competitions download -c house-prices-advanced-regression-techniques -p /Users/cchavez/dev/AirflowProject/house-prices-advanced-regression-techniques
[2020-04-07 14:20:57,055] {bash_operator.py:122} INFO - Output:
[2020-04-07 14:20:57,545] {bash_operator.py:126} INFO - Warning: Your Kaggle API key is readable by other users on this system! To fix this, you can run 'chmod 600 /Users/cchavez/.kaggle/kaggle.json'
[2020-04-07 14:20:57,545] {bash_operator.py:126} INFO - house-prices-advanced-regression-techniques.zip: Skipping, found more recently modified local copy (use --force to force download)
[2020-04-07 14:20:57,750] {bash_operator.py:130} INFO - Command exited with return code 0
[2020-04-07 14:20:57,757] {taskinstance.py:1048} INFO - Marking task as SUCCESS.dag_id=atp_data06, task_id=run_kaggle_api, execution_date=20200406T000000, start_date=20200407T182056, end_date=20200407T182057
[2020-04-07 14:21:06,942] {logging_mixin.py:112} INFO - [2020-04-07 14:21:06,941] {local_task_job.py:103} INFO - Task exited with return code 0
