[2020-04-07 06:49:24,389] {taskinstance.py:655} INFO - Dependencies all met for <TaskInstance: atp_data02.create_table 2020-04-06T00:00:00+00:00 [queued]>
[2020-04-07 06:49:24,399] {taskinstance.py:655} INFO - Dependencies all met for <TaskInstance: atp_data02.create_table 2020-04-06T00:00:00+00:00 [queued]>
[2020-04-07 06:49:24,399] {taskinstance.py:866} INFO - 
--------------------------------------------------------------------------------
[2020-04-07 06:49:24,399] {taskinstance.py:867} INFO - Starting attempt 2 of 2
[2020-04-07 06:49:24,399] {taskinstance.py:868} INFO - 
--------------------------------------------------------------------------------
[2020-04-07 06:49:24,405] {taskinstance.py:887} INFO - Executing <Task(PostgresOperator): create_table> on 2020-04-06T00:00:00+00:00
[2020-04-07 06:49:24,408] {standard_task_runner.py:53} INFO - Started process 46916 to run task
[2020-04-07 06:49:24,461] {logging_mixin.py:112} INFO - Running %s on host %s <TaskInstance: atp_data02.create_table 2020-04-06T00:00:00+00:00 [running]> 1.0.0.0.0.0.0.0.0.0.0.0.0.0.0.0.0.0.0.0.0.0.0.0.0.0.0.0.0.0.0.0.ip6.arpa
[2020-04-07 06:49:24,476] {postgres_operator.py:62} INFO - Executing: 
	DROP TABLE IF EXISTS kaggle.test;
    CREATE TABLE kaggle.test
    (
        MSSubClass numeric, 
        MSZoning varchar(255),
        LotFrontage numeric,
        LotArea numeric,
        Street varchar(255), 
        Alley varchar(255),
        LotShape varchar(255),
        LandContour varchar(255),
        Utilities varchar(255),
        LotConfig varchar(255),
        LandSlope varchar(255),
        Neighborhood varchar(255),
        Condition1 varchar(255),
        Condition2 varchar(255),
        BldgType varchar(255),
        HouseStyle varchar(255),
        OverallQual numeric, 
        OverallCond  numeric, 
        YearBuilt  numeric, 
        YearRemodAdd  numeric, 
        RoofStyle varchar(255),
        RoofMatl varchar(255),
        Exterior1st varchar(255),
        Exterior2nd varchar(255),
        MasVnrType varchar(255),
        MasVnrArea  numeric, 
        ExterQual varchar(255),
        ExterCond varchar(255),
        Foundation  varchar(255),
        BsmtQual varchar(255),
        BsmtCond  varchar(255),
        BsmtExposure varchar(255),
        BsmtFinType1 varchar(255),
        BsmtFinSF1 numeric, 
        BsmtFinType2 varchar(255),
        BsmtFinSF2 numeric, 
        BsmtUnfSF numeric,  
        TotalBsmtSF numeric,  
        Heating varchar(255),
        HeatingQC varchar(255),
        CentralAir varchar(255),
        Electrical varchar(255),
        1stFlrSF numeric, 
        2ndFlrSF  numeric, 
        LowQualFinSF  numeric, 
        GrLivArea numeric, 
        BsmtFullBath numeric, 
        BsmtHalfBath numeric, 
        FullBath numeric, 
        HalfBath  numeric, 
        BedroomAbvGr numeric, 
        KitchenAbvGr numeric, 
        KitchenQual varchar(255),
        TotRmsAbvGrd numeric, 
        Functional varchar(255),
        Fireplaces numeric, 
        FireplaceQu varchar(255),
        GarageType varchar(255),
        GarageYrBlt  numeric, 
        GarageFinish varchar(255),
        GarageCars  numeric, 
        GarageArea  numeric, 
        GarageQual varchar(255),
        GarageCond varchar(255),
        PavedDrive varchar(255),
        WoodDeckSF  numeric, 
        OpenPorchSF  numeric, 
        EnclosedPorch numeric, 
        3SsnPorch  numeric, 
        ScreenPorch  numeric, 
        PoolArea numeric, 
        PoolQC varchar(255),
        Fence varchar(255),
        MiscFeature varchar(255),
        MiscVal numeric, 
        MoSold numeric, 
        YrSold numeric, 
        SaleType varchar(255),
        SaleCondition varchar(255),
        SalePrice numeric; 
[2020-04-07 06:49:24,481] {logging_mixin.py:112} INFO - [2020-04-07 06:49:24,481] {base_hook.py:84} INFO - Using connection to: id: postgres_connection. Host: localhost, Port: 5432, Schema: housing_prices, Login: myuser, Password: XXXXXXXX, extra: None
[2020-04-07 06:49:24,485] {taskinstance.py:1128} ERROR - FATAL:  role "myuser" does not exist
Traceback (most recent call last):
  File "/Users/cchavez/opt/anaconda3/envs/airflow/lib/python3.7/site-packages/airflow/models/taskinstance.py", line 966, in _run_raw_task
    result = task_copy.execute(context=context)
  File "/Users/cchavez/opt/anaconda3/envs/airflow/lib/python3.7/site-packages/airflow/operators/postgres_operator.py", line 65, in execute
    self.hook.run(self.sql, self.autocommit, parameters=self.parameters)
  File "/Users/cchavez/opt/anaconda3/envs/airflow/lib/python3.7/site-packages/airflow/hooks/dbapi_hook.py", line 162, in run
    with closing(self.get_conn()) as conn:
  File "/Users/cchavez/opt/anaconda3/envs/airflow/lib/python3.7/site-packages/airflow/hooks/postgres_hook.py", line 93, in get_conn
    self.conn = psycopg2.connect(**conn_args)
  File "/Users/cchavez/opt/anaconda3/envs/airflow/lib/python3.7/site-packages/psycopg2/__init__.py", line 126, in connect
    conn = _connect(dsn, connection_factory=connection_factory, **kwasync)
psycopg2.OperationalError: FATAL:  role "myuser" does not exist

[2020-04-07 06:49:24,491] {taskinstance.py:1170} INFO - All retries failed; marking task as FAILED.dag_id=atp_data02, task_id=create_table, execution_date=20200406T000000, start_date=20200407T104924, end_date=20200407T104924
[2020-04-07 06:49:34,329] {logging_mixin.py:112} INFO - [2020-04-07 06:49:34,328] {local_task_job.py:103} INFO - Task exited with return code 1
