[2020-04-07 22:46:21,617] {taskinstance.py:655} INFO - Dependencies all met for <TaskInstance: atp_data07.connect_pst 2020-04-07T00:00:00+00:00 [queued]>
[2020-04-07 22:46:21,630] {taskinstance.py:655} INFO - Dependencies all met for <TaskInstance: atp_data07.connect_pst 2020-04-07T00:00:00+00:00 [queued]>
[2020-04-07 22:46:21,630] {taskinstance.py:866} INFO - 
--------------------------------------------------------------------------------
[2020-04-07 22:46:21,630] {taskinstance.py:867} INFO - Starting attempt 1 of 2
[2020-04-07 22:46:21,630] {taskinstance.py:868} INFO - 
--------------------------------------------------------------------------------
[2020-04-07 22:46:21,636] {taskinstance.py:887} INFO - Executing <Task(PythonOperator): connect_pst> on 2020-04-07T00:00:00+00:00
[2020-04-07 22:46:21,638] {standard_task_runner.py:53} INFO - Started process 74868 to run task
[2020-04-07 22:46:21,689] {logging_mixin.py:112} INFO - Running %s on host %s <TaskInstance: atp_data07.connect_pst 2020-04-07T00:00:00+00:00 [running]> 1.0.0.0.0.0.0.0.0.0.0.0.0.0.0.0.0.0.0.0.0.0.0.0.0.0.0.0.0.0.0.0.ip6.arpa
[2020-04-07 22:46:21,710] {python_operator.py:114} INFO - Done. Returned value was: None
[2020-04-07 22:46:21,715] {taskinstance.py:1048} INFO - Marking task as SUCCESS.dag_id=atp_data07, task_id=connect_pst, execution_date=20200407T000000, start_date=20200408T024621, end_date=20200408T024621
[2020-04-07 22:46:31,563] {logging_mixin.py:112} INFO - [2020-04-07 22:46:31,562] {local_task_job.py:103} INFO - Task exited with return code 0
[2020-04-07 23:31:01,052] {taskinstance.py:655} INFO - Dependencies all met for <TaskInstance: atp_data07.connect_pst 2020-04-07T00:00:00+00:00 [queued]>
[2020-04-07 23:31:01,062] {taskinstance.py:655} INFO - Dependencies all met for <TaskInstance: atp_data07.connect_pst 2020-04-07T00:00:00+00:00 [queued]>
[2020-04-07 23:31:01,062] {taskinstance.py:866} INFO - 
--------------------------------------------------------------------------------
[2020-04-07 23:31:01,062] {taskinstance.py:867} INFO - Starting attempt 1 of 1
[2020-04-07 23:31:01,062] {taskinstance.py:868} INFO - 
--------------------------------------------------------------------------------
[2020-04-07 23:31:01,067] {taskinstance.py:887} INFO - Executing <Task(PythonOperator): connect_pst> on 2020-04-07T00:00:00+00:00
[2020-04-07 23:31:01,069] {standard_task_runner.py:53} INFO - Started process 76482 to run task
[2020-04-07 23:31:01,115] {logging_mixin.py:112} INFO - Running %s on host %s <TaskInstance: atp_data07.connect_pst 2020-04-07T00:00:00+00:00 [running]> 1.0.0.0.0.0.0.0.0.0.0.0.0.0.0.0.0.0.0.0.0.0.0.0.0.0.0.0.0.0.0.0.ip6.arpa
[2020-04-07 23:31:01,137] {python_operator.py:114} INFO - Done. Returned value was: None
[2020-04-07 23:31:01,142] {taskinstance.py:1048} INFO - Marking task as SUCCESS.dag_id=atp_data07, task_id=connect_pst, execution_date=20200407T000000, start_date=20200408T033101, end_date=20200408T033101
[2020-04-07 23:31:11,011] {logging_mixin.py:112} INFO - [2020-04-07 23:31:11,010] {local_task_job.py:103} INFO - Task exited with return code 0
[2020-04-08 00:09:50,534] {taskinstance.py:655} INFO - Dependencies all met for <TaskInstance: atp_data07.connect_pst 2020-04-07T00:00:00+00:00 [queued]>
[2020-04-08 00:09:50,543] {taskinstance.py:655} INFO - Dependencies all met for <TaskInstance: atp_data07.connect_pst 2020-04-07T00:00:00+00:00 [queued]>
[2020-04-08 00:09:50,543] {taskinstance.py:866} INFO - 
--------------------------------------------------------------------------------
[2020-04-08 00:09:50,543] {taskinstance.py:867} INFO - Starting attempt 1 of 1
[2020-04-08 00:09:50,544] {taskinstance.py:868} INFO - 
--------------------------------------------------------------------------------
[2020-04-08 00:09:50,549] {taskinstance.py:887} INFO - Executing <Task(PythonOperator): connect_pst> on 2020-04-07T00:00:00+00:00
[2020-04-08 00:09:50,551] {standard_task_runner.py:53} INFO - Started process 77977 to run task
[2020-04-08 00:09:50,596] {logging_mixin.py:112} INFO - Running %s on host %s <TaskInstance: atp_data07.connect_pst 2020-04-07T00:00:00+00:00 [running]> 1.0.0.0.0.0.0.0.0.0.0.0.0.0.0.0.0.0.0.0.0.0.0.0.0.0.0.0.0.0.0.0.ip6.arpa
[2020-04-08 00:09:50,614] {python_operator.py:114} INFO - Done. Returned value was: None
[2020-04-08 00:09:50,618] {taskinstance.py:1048} INFO - Marking task as SUCCESS.dag_id=atp_data07, task_id=connect_pst, execution_date=20200407T000000, start_date=20200408T040950, end_date=20200408T040950
[2020-04-08 00:10:00,493] {logging_mixin.py:112} INFO - [2020-04-08 00:10:00,492] {local_task_job.py:103} INFO - Task exited with return code 0
[2020-04-08 00:33:56,125] {taskinstance.py:655} INFO - Dependencies all met for <TaskInstance: atp_data07.connect_pst 2020-04-07T00:00:00+00:00 [queued]>
[2020-04-08 00:33:56,135] {taskinstance.py:655} INFO - Dependencies all met for <TaskInstance: atp_data07.connect_pst 2020-04-07T00:00:00+00:00 [queued]>
[2020-04-08 00:33:56,135] {taskinstance.py:866} INFO - 
--------------------------------------------------------------------------------
[2020-04-08 00:33:56,136] {taskinstance.py:867} INFO - Starting attempt 1 of 1
[2020-04-08 00:33:56,136] {taskinstance.py:868} INFO - 
--------------------------------------------------------------------------------
[2020-04-08 00:33:56,141] {taskinstance.py:887} INFO - Executing <Task(PythonOperator): connect_pst> on 2020-04-07T00:00:00+00:00
[2020-04-08 00:33:56,143] {standard_task_runner.py:53} INFO - Started process 78825 to run task
[2020-04-08 00:33:56,201] {logging_mixin.py:112} INFO - Running %s on host %s <TaskInstance: atp_data07.connect_pst 2020-04-07T00:00:00+00:00 [running]> 1.0.0.0.0.0.0.0.0.0.0.0.0.0.0.0.0.0.0.0.0.0.0.0.0.0.0.0.0.0.0.0.ip6.arpa
[2020-04-08 00:33:56,225] {python_operator.py:114} INFO - Done. Returned value was: None
[2020-04-08 00:33:56,230] {taskinstance.py:1048} INFO - Marking task as SUCCESS.dag_id=atp_data07, task_id=connect_pst, execution_date=20200407T000000, start_date=20200408T043356, end_date=20200408T043356
[2020-04-08 00:34:06,073] {logging_mixin.py:112} INFO - [2020-04-08 00:34:06,072] {local_task_job.py:103} INFO - Task exited with return code 0
[2020-04-08 00:42:23,329] {taskinstance.py:655} INFO - Dependencies all met for <TaskInstance: atp_data07.connect_pst 2020-04-07T00:00:00+00:00 [queued]>
[2020-04-08 00:42:23,339] {taskinstance.py:655} INFO - Dependencies all met for <TaskInstance: atp_data07.connect_pst 2020-04-07T00:00:00+00:00 [queued]>
[2020-04-08 00:42:23,339] {taskinstance.py:866} INFO - 
--------------------------------------------------------------------------------
[2020-04-08 00:42:23,339] {taskinstance.py:867} INFO - Starting attempt 1 of 1
[2020-04-08 00:42:23,340] {taskinstance.py:868} INFO - 
--------------------------------------------------------------------------------
[2020-04-08 00:42:23,345] {taskinstance.py:887} INFO - Executing <Task(PythonOperator): connect_pst> on 2020-04-07T00:00:00+00:00
[2020-04-08 00:42:23,347] {standard_task_runner.py:53} INFO - Started process 79121 to run task
[2020-04-08 00:42:23,396] {logging_mixin.py:112} INFO - Running %s on host %s <TaskInstance: atp_data07.connect_pst 2020-04-07T00:00:00+00:00 [running]> 1.0.0.0.0.0.0.0.0.0.0.0.0.0.0.0.0.0.0.0.0.0.0.0.0.0.0.0.0.0.0.0.ip6.arpa
[2020-04-08 00:42:23,415] {python_operator.py:114} INFO - Done. Returned value was: None
[2020-04-08 00:42:23,420] {taskinstance.py:1048} INFO - Marking task as SUCCESS.dag_id=atp_data07, task_id=connect_pst, execution_date=20200407T000000, start_date=20200408T044223, end_date=20200408T044223
[2020-04-08 00:42:33,290] {logging_mixin.py:112} INFO - [2020-04-08 00:42:33,289] {local_task_job.py:103} INFO - Task exited with return code 0
[2020-04-08 00:53:49,052] {taskinstance.py:655} INFO - Dependencies all met for <TaskInstance: atp_data07.connect_pst 2020-04-07T00:00:00+00:00 [queued]>
[2020-04-08 00:53:49,061] {taskinstance.py:655} INFO - Dependencies all met for <TaskInstance: atp_data07.connect_pst 2020-04-07T00:00:00+00:00 [queued]>
[2020-04-08 00:53:49,061] {taskinstance.py:866} INFO - 
--------------------------------------------------------------------------------
[2020-04-08 00:53:49,061] {taskinstance.py:867} INFO - Starting attempt 1 of 1
[2020-04-08 00:53:49,061] {taskinstance.py:868} INFO - 
--------------------------------------------------------------------------------
[2020-04-08 00:53:49,066] {taskinstance.py:887} INFO - Executing <Task(PythonOperator): connect_pst> on 2020-04-07T00:00:00+00:00
[2020-04-08 00:53:49,068] {standard_task_runner.py:53} INFO - Started process 79535 to run task
[2020-04-08 00:53:49,115] {logging_mixin.py:112} INFO - Running %s on host %s <TaskInstance: atp_data07.connect_pst 2020-04-07T00:00:00+00:00 [running]> zipcodes-MacBook-Pro-4.local
[2020-04-08 00:53:49,134] {python_operator.py:114} INFO - Done. Returned value was: None
[2020-04-08 00:53:49,139] {taskinstance.py:1048} INFO - Marking task as SUCCESS.dag_id=atp_data07, task_id=connect_pst, execution_date=20200407T000000, start_date=20200408T045349, end_date=20200408T045349
[2020-04-08 00:53:59,007] {logging_mixin.py:112} INFO - [2020-04-08 00:53:59,006] {local_task_job.py:103} INFO - Task exited with return code 0
[2020-04-08 01:02:16,673] {taskinstance.py:655} INFO - Dependencies all met for <TaskInstance: atp_data07.connect_pst 2020-04-07T00:00:00+00:00 [queued]>
[2020-04-08 01:02:16,689] {taskinstance.py:655} INFO - Dependencies all met for <TaskInstance: atp_data07.connect_pst 2020-04-07T00:00:00+00:00 [queued]>
[2020-04-08 01:02:16,689] {taskinstance.py:866} INFO - 
--------------------------------------------------------------------------------
[2020-04-08 01:02:16,689] {taskinstance.py:867} INFO - Starting attempt 1 of 1
[2020-04-08 01:02:16,689] {taskinstance.py:868} INFO - 
--------------------------------------------------------------------------------
[2020-04-08 01:02:16,696] {taskinstance.py:887} INFO - Executing <Task(PythonOperator): connect_pst> on 2020-04-07T00:00:00+00:00
[2020-04-08 01:02:16,699] {standard_task_runner.py:53} INFO - Started process 79841 to run task
[2020-04-08 01:02:16,773] {logging_mixin.py:112} INFO - Running %s on host %s <TaskInstance: atp_data07.connect_pst 2020-04-07T00:00:00+00:00 [running]> 1.0.0.0.0.0.0.0.0.0.0.0.0.0.0.0.0.0.0.0.0.0.0.0.0.0.0.0.0.0.0.0.ip6.arpa
[2020-04-08 01:02:16,789] {python_operator.py:114} INFO - Done. Returned value was: None
[2020-04-08 01:02:16,794] {taskinstance.py:1048} INFO - Marking task as SUCCESS.dag_id=atp_data07, task_id=connect_pst, execution_date=20200407T000000, start_date=20200408T050216, end_date=20200408T050216
[2020-04-08 01:02:26,633] {logging_mixin.py:112} INFO - [2020-04-08 01:02:26,632] {local_task_job.py:103} INFO - Task exited with return code 0
[2020-04-08 02:31:42,262] {taskinstance.py:655} INFO - Dependencies all met for <TaskInstance: atp_data07.connect_pst 2020-04-07T00:00:00+00:00 [queued]>
[2020-04-08 02:31:42,273] {taskinstance.py:655} INFO - Dependencies all met for <TaskInstance: atp_data07.connect_pst 2020-04-07T00:00:00+00:00 [queued]>
[2020-04-08 02:31:42,273] {taskinstance.py:866} INFO - 
--------------------------------------------------------------------------------
[2020-04-08 02:31:42,273] {taskinstance.py:867} INFO - Starting attempt 1 of 1
[2020-04-08 02:31:42,273] {taskinstance.py:868} INFO - 
--------------------------------------------------------------------------------
[2020-04-08 02:31:42,279] {taskinstance.py:887} INFO - Executing <Task(PythonOperator): connect_pst> on 2020-04-07T00:00:00+00:00
[2020-04-08 02:31:42,281] {standard_task_runner.py:53} INFO - Started process 81417 to run task
[2020-04-08 02:31:42,330] {logging_mixin.py:112} INFO - Running %s on host %s <TaskInstance: atp_data07.connect_pst 2020-04-07T00:00:00+00:00 [running]> 1.0.0.0.0.0.0.0.0.0.0.0.0.0.0.0.0.0.0.0.0.0.0.0.0.0.0.0.0.0.0.0.ip6.arpa
[2020-04-08 02:31:42,350] {python_operator.py:114} INFO - Done. Returned value was: None
[2020-04-08 02:31:42,356] {taskinstance.py:1048} INFO - Marking task as SUCCESS.dag_id=atp_data07, task_id=connect_pst, execution_date=20200407T000000, start_date=20200408T063142, end_date=20200408T063142
[2020-04-08 02:31:52,229] {logging_mixin.py:112} INFO - [2020-04-08 02:31:52,228] {local_task_job.py:103} INFO - Task exited with return code 0
