[2020-04-03 19:26:33,851] {scheduler_job.py:153} INFO - Started process (PID=73337) to work on /Users/cchavez/dev/airflow_home/dags/dags.py
[2020-04-03 19:26:33,857] {scheduler_job.py:1560} INFO - Processing file /Users/cchavez/dev/airflow_home/dags/dags.py for tasks to queue
[2020-04-03 19:26:33,858] {logging_mixin.py:112} INFO - [2020-04-03 19:26:33,858] {dagbag.py:403} INFO - Filling up the DagBag from /Users/cchavez/dev/airflow_home/dags/dags.py
[2020-04-03 19:26:33,887] {logging_mixin.py:112} INFO - [2020-04-03 19:26:33,884] {dagbag.py:246} ERROR - Failed to import: /Users/cchavez/dev/airflow_home/dags/dags.py
Traceback (most recent call last):
  File "/Users/cchavez/opt/anaconda3/envs/airflow/lib/python3.7/site-packages/airflow/models/dagbag.py", line 243, in process_file
    m = imp.load_source(mod_name, filepath)
  File "/Users/cchavez/opt/anaconda3/envs/airflow/lib/python3.7/imp.py", line 171, in load_source
    module = _load(spec)
  File "<frozen importlib._bootstrap>", line 696, in _load
  File "<frozen importlib._bootstrap>", line 677, in _load_unlocked
  File "<frozen importlib._bootstrap_external>", line 728, in exec_module
  File "<frozen importlib._bootstrap>", line 219, in _call_with_frames_removed
  File "/Users/cchavez/dev/airflow_home/dags/dags.py", line 5, in <module>
    from airflow.operators.postgres_operator import PostgresOperator
  File "/Users/cchavez/opt/anaconda3/envs/airflow/lib/python3.7/site-packages/airflow/operators/postgres_operator.py", line 19, in <module>
    from airflow.hooks.postgres_hook import PostgresHook
  File "/Users/cchavez/opt/anaconda3/envs/airflow/lib/python3.7/site-packages/airflow/hooks/postgres_hook.py", line 21, in <module>
    import psycopg2
ModuleNotFoundError: No module named 'psycopg2'
[2020-04-03 19:26:33,887] {scheduler_job.py:1574} WARNING - No viable dags retrieved from /Users/cchavez/dev/airflow_home/dags/dags.py
[2020-04-03 19:26:33,898] {scheduler_job.py:161} INFO - Processing /Users/cchavez/dev/airflow_home/dags/dags.py took 0.047 seconds
[2020-04-03 19:27:26,001] {scheduler_job.py:153} INFO - Started process (PID=73368) to work on /Users/cchavez/dev/airflow_home/dags/dags.py
[2020-04-03 19:27:26,008] {scheduler_job.py:1560} INFO - Processing file /Users/cchavez/dev/airflow_home/dags/dags.py for tasks to queue
[2020-04-03 19:27:26,009] {logging_mixin.py:112} INFO - [2020-04-03 19:27:26,009] {dagbag.py:403} INFO - Filling up the DagBag from /Users/cchavez/dev/airflow_home/dags/dags.py
[2020-04-03 19:27:26,018] {logging_mixin.py:112} INFO - [2020-04-03 19:27:26,016] {dagbag.py:246} ERROR - Failed to import: /Users/cchavez/dev/airflow_home/dags/dags.py
Traceback (most recent call last):
  File "/Users/cchavez/opt/anaconda3/envs/airflow/lib/python3.7/site-packages/airflow/models/dagbag.py", line 243, in process_file
    m = imp.load_source(mod_name, filepath)
  File "/Users/cchavez/opt/anaconda3/envs/airflow/lib/python3.7/imp.py", line 171, in load_source
    module = _load(spec)
  File "<frozen importlib._bootstrap>", line 696, in _load
  File "<frozen importlib._bootstrap>", line 677, in _load_unlocked
  File "<frozen importlib._bootstrap_external>", line 728, in exec_module
  File "<frozen importlib._bootstrap>", line 219, in _call_with_frames_removed
  File "/Users/cchavez/dev/airflow_home/dags/dags.py", line 5, in <module>
    from airflow.operators.postgres_operator import PostgresOperator
  File "/Users/cchavez/opt/anaconda3/envs/airflow/lib/python3.7/site-packages/airflow/operators/postgres_operator.py", line 19, in <module>
    from airflow.hooks.postgres_hook import PostgresHook
  File "/Users/cchavez/opt/anaconda3/envs/airflow/lib/python3.7/site-packages/airflow/hooks/postgres_hook.py", line 21, in <module>
    import psycopg2
ModuleNotFoundError: No module named 'psycopg2'
[2020-04-03 19:27:26,018] {scheduler_job.py:1574} WARNING - No viable dags retrieved from /Users/cchavez/dev/airflow_home/dags/dags.py
[2020-04-03 19:27:26,028] {scheduler_job.py:161} INFO - Processing /Users/cchavez/dev/airflow_home/dags/dags.py took 0.027 seconds
[2020-04-03 19:28:18,123] {scheduler_job.py:153} INFO - Started process (PID=73399) to work on /Users/cchavez/dev/airflow_home/dags/dags.py
[2020-04-03 19:28:18,136] {scheduler_job.py:1560} INFO - Processing file /Users/cchavez/dev/airflow_home/dags/dags.py for tasks to queue
[2020-04-03 19:28:18,137] {logging_mixin.py:112} INFO - [2020-04-03 19:28:18,136] {dagbag.py:403} INFO - Filling up the DagBag from /Users/cchavez/dev/airflow_home/dags/dags.py
[2020-04-03 19:28:18,144] {logging_mixin.py:112} INFO - [2020-04-03 19:28:18,143] {dagbag.py:246} ERROR - Failed to import: /Users/cchavez/dev/airflow_home/dags/dags.py
Traceback (most recent call last):
  File "/Users/cchavez/opt/anaconda3/envs/airflow/lib/python3.7/site-packages/airflow/models/dagbag.py", line 243, in process_file
    m = imp.load_source(mod_name, filepath)
  File "/Users/cchavez/opt/anaconda3/envs/airflow/lib/python3.7/imp.py", line 171, in load_source
    module = _load(spec)
  File "<frozen importlib._bootstrap>", line 696, in _load
  File "<frozen importlib._bootstrap>", line 677, in _load_unlocked
  File "<frozen importlib._bootstrap_external>", line 728, in exec_module
  File "<frozen importlib._bootstrap>", line 219, in _call_with_frames_removed
  File "/Users/cchavez/dev/airflow_home/dags/dags.py", line 5, in <module>
    from airflow.operators.postgres_operator import PostgresOperator
  File "/Users/cchavez/opt/anaconda3/envs/airflow/lib/python3.7/site-packages/airflow/operators/postgres_operator.py", line 19, in <module>
    from airflow.hooks.postgres_hook import PostgresHook
  File "/Users/cchavez/opt/anaconda3/envs/airflow/lib/python3.7/site-packages/airflow/hooks/postgres_hook.py", line 21, in <module>
    import psycopg2
ModuleNotFoundError: No module named 'psycopg2'
[2020-04-03 19:28:18,145] {scheduler_job.py:1574} WARNING - No viable dags retrieved from /Users/cchavez/dev/airflow_home/dags/dags.py
[2020-04-03 19:28:18,154] {scheduler_job.py:161} INFO - Processing /Users/cchavez/dev/airflow_home/dags/dags.py took 0.031 seconds
[2020-04-03 19:29:10,279] {scheduler_job.py:153} INFO - Started process (PID=73429) to work on /Users/cchavez/dev/airflow_home/dags/dags.py
[2020-04-03 19:29:10,293] {scheduler_job.py:1560} INFO - Processing file /Users/cchavez/dev/airflow_home/dags/dags.py for tasks to queue
[2020-04-03 19:29:10,294] {logging_mixin.py:112} INFO - [2020-04-03 19:29:10,294] {dagbag.py:403} INFO - Filling up the DagBag from /Users/cchavez/dev/airflow_home/dags/dags.py
[2020-04-03 19:29:10,304] {logging_mixin.py:112} INFO - [2020-04-03 19:29:10,303] {dagbag.py:246} ERROR - Failed to import: /Users/cchavez/dev/airflow_home/dags/dags.py
Traceback (most recent call last):
  File "/Users/cchavez/opt/anaconda3/envs/airflow/lib/python3.7/site-packages/airflow/models/dagbag.py", line 243, in process_file
    m = imp.load_source(mod_name, filepath)
  File "/Users/cchavez/opt/anaconda3/envs/airflow/lib/python3.7/imp.py", line 171, in load_source
    module = _load(spec)
  File "<frozen importlib._bootstrap>", line 696, in _load
  File "<frozen importlib._bootstrap>", line 677, in _load_unlocked
  File "<frozen importlib._bootstrap_external>", line 728, in exec_module
  File "<frozen importlib._bootstrap>", line 219, in _call_with_frames_removed
  File "/Users/cchavez/dev/airflow_home/dags/dags.py", line 5, in <module>
    from airflow.operators.postgres_operator import PostgresOperator
  File "/Users/cchavez/opt/anaconda3/envs/airflow/lib/python3.7/site-packages/airflow/operators/postgres_operator.py", line 19, in <module>
    from airflow.hooks.postgres_hook import PostgresHook
  File "/Users/cchavez/opt/anaconda3/envs/airflow/lib/python3.7/site-packages/airflow/hooks/postgres_hook.py", line 21, in <module>
    import psycopg2
ModuleNotFoundError: No module named 'psycopg2'
[2020-04-03 19:29:10,305] {scheduler_job.py:1574} WARNING - No viable dags retrieved from /Users/cchavez/dev/airflow_home/dags/dags.py
[2020-04-03 19:29:10,321] {scheduler_job.py:161} INFO - Processing /Users/cchavez/dev/airflow_home/dags/dags.py took 0.041 seconds
[2020-04-03 19:30:02,426] {scheduler_job.py:153} INFO - Started process (PID=73460) to work on /Users/cchavez/dev/airflow_home/dags/dags.py
[2020-04-03 19:30:02,434] {scheduler_job.py:1560} INFO - Processing file /Users/cchavez/dev/airflow_home/dags/dags.py for tasks to queue
[2020-04-03 19:30:02,435] {logging_mixin.py:112} INFO - [2020-04-03 19:30:02,434] {dagbag.py:403} INFO - Filling up the DagBag from /Users/cchavez/dev/airflow_home/dags/dags.py
[2020-04-03 19:30:02,442] {logging_mixin.py:112} INFO - [2020-04-03 19:30:02,441] {dagbag.py:246} ERROR - Failed to import: /Users/cchavez/dev/airflow_home/dags/dags.py
Traceback (most recent call last):
  File "/Users/cchavez/opt/anaconda3/envs/airflow/lib/python3.7/site-packages/airflow/models/dagbag.py", line 243, in process_file
    m = imp.load_source(mod_name, filepath)
  File "/Users/cchavez/opt/anaconda3/envs/airflow/lib/python3.7/imp.py", line 171, in load_source
    module = _load(spec)
  File "<frozen importlib._bootstrap>", line 696, in _load
  File "<frozen importlib._bootstrap>", line 677, in _load_unlocked
  File "<frozen importlib._bootstrap_external>", line 728, in exec_module
  File "<frozen importlib._bootstrap>", line 219, in _call_with_frames_removed
  File "/Users/cchavez/dev/airflow_home/dags/dags.py", line 5, in <module>
    from airflow.operators.postgres_operator import PostgresOperator
  File "/Users/cchavez/opt/anaconda3/envs/airflow/lib/python3.7/site-packages/airflow/operators/postgres_operator.py", line 19, in <module>
    from airflow.hooks.postgres_hook import PostgresHook
  File "/Users/cchavez/opt/anaconda3/envs/airflow/lib/python3.7/site-packages/airflow/hooks/postgres_hook.py", line 21, in <module>
    import psycopg2
ModuleNotFoundError: No module named 'psycopg2'
[2020-04-03 19:30:02,442] {scheduler_job.py:1574} WARNING - No viable dags retrieved from /Users/cchavez/dev/airflow_home/dags/dags.py
[2020-04-03 19:30:02,454] {scheduler_job.py:161} INFO - Processing /Users/cchavez/dev/airflow_home/dags/dags.py took 0.029 seconds
[2020-04-03 19:30:54,548] {scheduler_job.py:153} INFO - Started process (PID=73494) to work on /Users/cchavez/dev/airflow_home/dags/dags.py
[2020-04-03 19:30:54,555] {scheduler_job.py:1560} INFO - Processing file /Users/cchavez/dev/airflow_home/dags/dags.py for tasks to queue
[2020-04-03 19:30:54,557] {logging_mixin.py:112} INFO - [2020-04-03 19:30:54,556] {dagbag.py:403} INFO - Filling up the DagBag from /Users/cchavez/dev/airflow_home/dags/dags.py
[2020-04-03 19:30:54,566] {logging_mixin.py:112} INFO - [2020-04-03 19:30:54,564] {dagbag.py:246} ERROR - Failed to import: /Users/cchavez/dev/airflow_home/dags/dags.py
Traceback (most recent call last):
  File "/Users/cchavez/opt/anaconda3/envs/airflow/lib/python3.7/site-packages/airflow/models/dagbag.py", line 243, in process_file
    m = imp.load_source(mod_name, filepath)
  File "/Users/cchavez/opt/anaconda3/envs/airflow/lib/python3.7/imp.py", line 171, in load_source
    module = _load(spec)
  File "<frozen importlib._bootstrap>", line 696, in _load
  File "<frozen importlib._bootstrap>", line 677, in _load_unlocked
  File "<frozen importlib._bootstrap_external>", line 728, in exec_module
  File "<frozen importlib._bootstrap>", line 219, in _call_with_frames_removed
  File "/Users/cchavez/dev/airflow_home/dags/dags.py", line 5, in <module>
    from airflow.operators.postgres_operator import PostgresOperator
  File "/Users/cchavez/opt/anaconda3/envs/airflow/lib/python3.7/site-packages/airflow/operators/postgres_operator.py", line 19, in <module>
    from airflow.hooks.postgres_hook import PostgresHook
  File "/Users/cchavez/opt/anaconda3/envs/airflow/lib/python3.7/site-packages/airflow/hooks/postgres_hook.py", line 21, in <module>
    import psycopg2
ModuleNotFoundError: No module named 'psycopg2'
[2020-04-03 19:30:54,567] {scheduler_job.py:1574} WARNING - No viable dags retrieved from /Users/cchavez/dev/airflow_home/dags/dags.py
[2020-04-03 19:30:54,578] {scheduler_job.py:161} INFO - Processing /Users/cchavez/dev/airflow_home/dags/dags.py took 0.030 seconds
[2020-04-03 19:31:46,688] {scheduler_job.py:153} INFO - Started process (PID=73531) to work on /Users/cchavez/dev/airflow_home/dags/dags.py
[2020-04-03 19:31:46,700] {scheduler_job.py:1560} INFO - Processing file /Users/cchavez/dev/airflow_home/dags/dags.py for tasks to queue
[2020-04-03 19:31:46,701] {logging_mixin.py:112} INFO - [2020-04-03 19:31:46,701] {dagbag.py:403} INFO - Filling up the DagBag from /Users/cchavez/dev/airflow_home/dags/dags.py
[2020-04-03 19:31:46,713] {logging_mixin.py:112} INFO - [2020-04-03 19:31:46,709] {dagbag.py:246} ERROR - Failed to import: /Users/cchavez/dev/airflow_home/dags/dags.py
Traceback (most recent call last):
  File "/Users/cchavez/opt/anaconda3/envs/airflow/lib/python3.7/site-packages/airflow/models/dagbag.py", line 243, in process_file
    m = imp.load_source(mod_name, filepath)
  File "/Users/cchavez/opt/anaconda3/envs/airflow/lib/python3.7/imp.py", line 171, in load_source
    module = _load(spec)
  File "<frozen importlib._bootstrap>", line 696, in _load
  File "<frozen importlib._bootstrap>", line 677, in _load_unlocked
  File "<frozen importlib._bootstrap_external>", line 728, in exec_module
  File "<frozen importlib._bootstrap>", line 219, in _call_with_frames_removed
  File "/Users/cchavez/dev/airflow_home/dags/dags.py", line 5, in <module>
    from airflow.operators.postgres_operator import PostgresOperator
  File "/Users/cchavez/opt/anaconda3/envs/airflow/lib/python3.7/site-packages/airflow/operators/postgres_operator.py", line 19, in <module>
    from airflow.hooks.postgres_hook import PostgresHook
  File "/Users/cchavez/opt/anaconda3/envs/airflow/lib/python3.7/site-packages/airflow/hooks/postgres_hook.py", line 21, in <module>
    import psycopg2
ModuleNotFoundError: No module named 'psycopg2'
[2020-04-03 19:31:46,714] {scheduler_job.py:1574} WARNING - No viable dags retrieved from /Users/cchavez/dev/airflow_home/dags/dags.py
[2020-04-03 19:31:46,725] {scheduler_job.py:161} INFO - Processing /Users/cchavez/dev/airflow_home/dags/dags.py took 0.037 seconds
[2020-04-03 19:32:38,853] {scheduler_job.py:153} INFO - Started process (PID=73561) to work on /Users/cchavez/dev/airflow_home/dags/dags.py
[2020-04-03 19:32:38,859] {scheduler_job.py:1560} INFO - Processing file /Users/cchavez/dev/airflow_home/dags/dags.py for tasks to queue
[2020-04-03 19:32:38,860] {logging_mixin.py:112} INFO - [2020-04-03 19:32:38,860] {dagbag.py:403} INFO - Filling up the DagBag from /Users/cchavez/dev/airflow_home/dags/dags.py
[2020-04-03 19:32:38,869] {logging_mixin.py:112} INFO - [2020-04-03 19:32:38,867] {dagbag.py:246} ERROR - Failed to import: /Users/cchavez/dev/airflow_home/dags/dags.py
Traceback (most recent call last):
  File "/Users/cchavez/opt/anaconda3/envs/airflow/lib/python3.7/site-packages/airflow/models/dagbag.py", line 243, in process_file
    m = imp.load_source(mod_name, filepath)
  File "/Users/cchavez/opt/anaconda3/envs/airflow/lib/python3.7/imp.py", line 171, in load_source
    module = _load(spec)
  File "<frozen importlib._bootstrap>", line 696, in _load
  File "<frozen importlib._bootstrap>", line 677, in _load_unlocked
  File "<frozen importlib._bootstrap_external>", line 728, in exec_module
  File "<frozen importlib._bootstrap>", line 219, in _call_with_frames_removed
  File "/Users/cchavez/dev/airflow_home/dags/dags.py", line 5, in <module>
    from airflow.operators.postgres_operator import PostgresOperator
  File "/Users/cchavez/opt/anaconda3/envs/airflow/lib/python3.7/site-packages/airflow/operators/postgres_operator.py", line 19, in <module>
    from airflow.hooks.postgres_hook import PostgresHook
  File "/Users/cchavez/opt/anaconda3/envs/airflow/lib/python3.7/site-packages/airflow/hooks/postgres_hook.py", line 21, in <module>
    import psycopg2
ModuleNotFoundError: No module named 'psycopg2'
[2020-04-03 19:32:38,869] {scheduler_job.py:1574} WARNING - No viable dags retrieved from /Users/cchavez/dev/airflow_home/dags/dags.py
[2020-04-03 19:32:38,879] {scheduler_job.py:161} INFO - Processing /Users/cchavez/dev/airflow_home/dags/dags.py took 0.027 seconds
[2020-04-03 19:33:31,028] {scheduler_job.py:153} INFO - Started process (PID=73590) to work on /Users/cchavez/dev/airflow_home/dags/dags.py
[2020-04-03 19:33:31,034] {scheduler_job.py:1560} INFO - Processing file /Users/cchavez/dev/airflow_home/dags/dags.py for tasks to queue
[2020-04-03 19:33:31,035] {logging_mixin.py:112} INFO - [2020-04-03 19:33:31,035] {dagbag.py:403} INFO - Filling up the DagBag from /Users/cchavez/dev/airflow_home/dags/dags.py
[2020-04-03 19:33:31,042] {logging_mixin.py:112} INFO - [2020-04-03 19:33:31,040] {dagbag.py:246} ERROR - Failed to import: /Users/cchavez/dev/airflow_home/dags/dags.py
Traceback (most recent call last):
  File "/Users/cchavez/opt/anaconda3/envs/airflow/lib/python3.7/site-packages/airflow/models/dagbag.py", line 243, in process_file
    m = imp.load_source(mod_name, filepath)
  File "/Users/cchavez/opt/anaconda3/envs/airflow/lib/python3.7/imp.py", line 171, in load_source
    module = _load(spec)
  File "<frozen importlib._bootstrap>", line 696, in _load
  File "<frozen importlib._bootstrap>", line 677, in _load_unlocked
  File "<frozen importlib._bootstrap_external>", line 728, in exec_module
  File "<frozen importlib._bootstrap>", line 219, in _call_with_frames_removed
  File "/Users/cchavez/dev/airflow_home/dags/dags.py", line 5, in <module>
    from airflow.operators.postgres_operator import PostgresOperator
  File "/Users/cchavez/opt/anaconda3/envs/airflow/lib/python3.7/site-packages/airflow/operators/postgres_operator.py", line 19, in <module>
    from airflow.hooks.postgres_hook import PostgresHook
  File "/Users/cchavez/opt/anaconda3/envs/airflow/lib/python3.7/site-packages/airflow/hooks/postgres_hook.py", line 21, in <module>
    import psycopg2
ModuleNotFoundError: No module named 'psycopg2'
[2020-04-03 19:33:31,042] {scheduler_job.py:1574} WARNING - No viable dags retrieved from /Users/cchavez/dev/airflow_home/dags/dags.py
[2020-04-03 19:33:31,051] {scheduler_job.py:161} INFO - Processing /Users/cchavez/dev/airflow_home/dags/dags.py took 0.023 seconds
[2020-04-03 19:34:23,181] {scheduler_job.py:153} INFO - Started process (PID=73619) to work on /Users/cchavez/dev/airflow_home/dags/dags.py
[2020-04-03 19:34:23,194] {scheduler_job.py:1560} INFO - Processing file /Users/cchavez/dev/airflow_home/dags/dags.py for tasks to queue
[2020-04-03 19:34:23,195] {logging_mixin.py:112} INFO - [2020-04-03 19:34:23,194] {dagbag.py:403} INFO - Filling up the DagBag from /Users/cchavez/dev/airflow_home/dags/dags.py
[2020-04-03 19:34:23,208] {logging_mixin.py:112} INFO - [2020-04-03 19:34:23,205] {dagbag.py:246} ERROR - Failed to import: /Users/cchavez/dev/airflow_home/dags/dags.py
Traceback (most recent call last):
  File "/Users/cchavez/opt/anaconda3/envs/airflow/lib/python3.7/site-packages/airflow/models/dagbag.py", line 243, in process_file
    m = imp.load_source(mod_name, filepath)
  File "/Users/cchavez/opt/anaconda3/envs/airflow/lib/python3.7/imp.py", line 171, in load_source
    module = _load(spec)
  File "<frozen importlib._bootstrap>", line 696, in _load
  File "<frozen importlib._bootstrap>", line 677, in _load_unlocked
  File "<frozen importlib._bootstrap_external>", line 728, in exec_module
  File "<frozen importlib._bootstrap>", line 219, in _call_with_frames_removed
  File "/Users/cchavez/dev/airflow_home/dags/dags.py", line 5, in <module>
    from airflow.operators.postgres_operator import PostgresOperator
  File "/Users/cchavez/opt/anaconda3/envs/airflow/lib/python3.7/site-packages/airflow/operators/postgres_operator.py", line 19, in <module>
    from airflow.hooks.postgres_hook import PostgresHook
  File "/Users/cchavez/opt/anaconda3/envs/airflow/lib/python3.7/site-packages/airflow/hooks/postgres_hook.py", line 21, in <module>
    import psycopg2
ModuleNotFoundError: No module named 'psycopg2'
[2020-04-03 19:34:23,209] {scheduler_job.py:1574} WARNING - No viable dags retrieved from /Users/cchavez/dev/airflow_home/dags/dags.py
[2020-04-03 19:34:23,222] {scheduler_job.py:161} INFO - Processing /Users/cchavez/dev/airflow_home/dags/dags.py took 0.041 seconds
[2020-04-03 19:35:15,342] {scheduler_job.py:153} INFO - Started process (PID=73651) to work on /Users/cchavez/dev/airflow_home/dags/dags.py
[2020-04-03 19:35:15,351] {scheduler_job.py:1560} INFO - Processing file /Users/cchavez/dev/airflow_home/dags/dags.py for tasks to queue
[2020-04-03 19:35:15,352] {logging_mixin.py:112} INFO - [2020-04-03 19:35:15,352] {dagbag.py:403} INFO - Filling up the DagBag from /Users/cchavez/dev/airflow_home/dags/dags.py
[2020-04-03 19:35:15,364] {logging_mixin.py:112} INFO - [2020-04-03 19:35:15,361] {dagbag.py:246} ERROR - Failed to import: /Users/cchavez/dev/airflow_home/dags/dags.py
Traceback (most recent call last):
  File "/Users/cchavez/opt/anaconda3/envs/airflow/lib/python3.7/site-packages/airflow/models/dagbag.py", line 243, in process_file
    m = imp.load_source(mod_name, filepath)
  File "/Users/cchavez/opt/anaconda3/envs/airflow/lib/python3.7/imp.py", line 171, in load_source
    module = _load(spec)
  File "<frozen importlib._bootstrap>", line 696, in _load
  File "<frozen importlib._bootstrap>", line 677, in _load_unlocked
  File "<frozen importlib._bootstrap_external>", line 728, in exec_module
  File "<frozen importlib._bootstrap>", line 219, in _call_with_frames_removed
  File "/Users/cchavez/dev/airflow_home/dags/dags.py", line 5, in <module>
    from airflow.operators.postgres_operator import PostgresOperator
  File "/Users/cchavez/opt/anaconda3/envs/airflow/lib/python3.7/site-packages/airflow/operators/postgres_operator.py", line 19, in <module>
    from airflow.hooks.postgres_hook import PostgresHook
  File "/Users/cchavez/opt/anaconda3/envs/airflow/lib/python3.7/site-packages/airflow/hooks/postgres_hook.py", line 21, in <module>
    import psycopg2
ModuleNotFoundError: No module named 'psycopg2'
[2020-04-03 19:35:15,365] {scheduler_job.py:1574} WARNING - No viable dags retrieved from /Users/cchavez/dev/airflow_home/dags/dags.py
[2020-04-03 19:35:15,384] {scheduler_job.py:161} INFO - Processing /Users/cchavez/dev/airflow_home/dags/dags.py took 0.042 seconds
[2020-04-03 19:36:07,476] {scheduler_job.py:153} INFO - Started process (PID=73692) to work on /Users/cchavez/dev/airflow_home/dags/dags.py
[2020-04-03 19:36:07,482] {scheduler_job.py:1560} INFO - Processing file /Users/cchavez/dev/airflow_home/dags/dags.py for tasks to queue
[2020-04-03 19:36:07,482] {logging_mixin.py:112} INFO - [2020-04-03 19:36:07,482] {dagbag.py:403} INFO - Filling up the DagBag from /Users/cchavez/dev/airflow_home/dags/dags.py
[2020-04-03 19:36:07,498] {logging_mixin.py:112} INFO - [2020-04-03 19:36:07,496] {dagbag.py:246} ERROR - Failed to import: /Users/cchavez/dev/airflow_home/dags/dags.py
Traceback (most recent call last):
  File "/Users/cchavez/opt/anaconda3/envs/airflow/lib/python3.7/site-packages/airflow/models/dagbag.py", line 243, in process_file
    m = imp.load_source(mod_name, filepath)
  File "/Users/cchavez/opt/anaconda3/envs/airflow/lib/python3.7/imp.py", line 171, in load_source
    module = _load(spec)
  File "<frozen importlib._bootstrap>", line 696, in _load
  File "<frozen importlib._bootstrap>", line 677, in _load_unlocked
  File "<frozen importlib._bootstrap_external>", line 728, in exec_module
  File "<frozen importlib._bootstrap>", line 219, in _call_with_frames_removed
  File "/Users/cchavez/dev/airflow_home/dags/dags.py", line 5, in <module>
    from airflow.operators.postgres_operator import PostgresOperator
  File "/Users/cchavez/opt/anaconda3/envs/airflow/lib/python3.7/site-packages/airflow/operators/postgres_operator.py", line 19, in <module>
    from airflow.hooks.postgres_hook import PostgresHook
  File "/Users/cchavez/opt/anaconda3/envs/airflow/lib/python3.7/site-packages/airflow/hooks/postgres_hook.py", line 21, in <module>
    import psycopg2
ModuleNotFoundError: No module named 'psycopg2'
[2020-04-03 19:36:07,498] {scheduler_job.py:1574} WARNING - No viable dags retrieved from /Users/cchavez/dev/airflow_home/dags/dags.py
[2020-04-03 19:36:07,510] {scheduler_job.py:161} INFO - Processing /Users/cchavez/dev/airflow_home/dags/dags.py took 0.034 seconds
[2020-04-03 19:36:59,615] {scheduler_job.py:153} INFO - Started process (PID=73724) to work on /Users/cchavez/dev/airflow_home/dags/dags.py
[2020-04-03 19:36:59,620] {scheduler_job.py:1560} INFO - Processing file /Users/cchavez/dev/airflow_home/dags/dags.py for tasks to queue
[2020-04-03 19:36:59,624] {logging_mixin.py:112} INFO - [2020-04-03 19:36:59,623] {dagbag.py:403} INFO - Filling up the DagBag from /Users/cchavez/dev/airflow_home/dags/dags.py
[2020-04-03 19:36:59,630] {logging_mixin.py:112} INFO - [2020-04-03 19:36:59,629] {dagbag.py:246} ERROR - Failed to import: /Users/cchavez/dev/airflow_home/dags/dags.py
Traceback (most recent call last):
  File "/Users/cchavez/opt/anaconda3/envs/airflow/lib/python3.7/site-packages/airflow/models/dagbag.py", line 243, in process_file
    m = imp.load_source(mod_name, filepath)
  File "/Users/cchavez/opt/anaconda3/envs/airflow/lib/python3.7/imp.py", line 171, in load_source
    module = _load(spec)
  File "<frozen importlib._bootstrap>", line 696, in _load
  File "<frozen importlib._bootstrap>", line 677, in _load_unlocked
  File "<frozen importlib._bootstrap_external>", line 728, in exec_module
  File "<frozen importlib._bootstrap>", line 219, in _call_with_frames_removed
  File "/Users/cchavez/dev/airflow_home/dags/dags.py", line 5, in <module>
    from airflow.operators.postgres_operator import PostgresOperator
  File "/Users/cchavez/opt/anaconda3/envs/airflow/lib/python3.7/site-packages/airflow/operators/postgres_operator.py", line 19, in <module>
    from airflow.hooks.postgres_hook import PostgresHook
  File "/Users/cchavez/opt/anaconda3/envs/airflow/lib/python3.7/site-packages/airflow/hooks/postgres_hook.py", line 21, in <module>
    import psycopg2
ModuleNotFoundError: No module named 'psycopg2'
[2020-04-03 19:36:59,631] {scheduler_job.py:1574} WARNING - No viable dags retrieved from /Users/cchavez/dev/airflow_home/dags/dags.py
[2020-04-03 19:36:59,639] {scheduler_job.py:161} INFO - Processing /Users/cchavez/dev/airflow_home/dags/dags.py took 0.024 seconds
[2020-04-03 19:37:51,761] {scheduler_job.py:153} INFO - Started process (PID=73754) to work on /Users/cchavez/dev/airflow_home/dags/dags.py
[2020-04-03 19:37:51,768] {scheduler_job.py:1560} INFO - Processing file /Users/cchavez/dev/airflow_home/dags/dags.py for tasks to queue
[2020-04-03 19:37:51,769] {logging_mixin.py:112} INFO - [2020-04-03 19:37:51,768] {dagbag.py:403} INFO - Filling up the DagBag from /Users/cchavez/dev/airflow_home/dags/dags.py
[2020-04-03 19:37:51,775] {logging_mixin.py:112} INFO - [2020-04-03 19:37:51,774] {dagbag.py:246} ERROR - Failed to import: /Users/cchavez/dev/airflow_home/dags/dags.py
Traceback (most recent call last):
  File "/Users/cchavez/opt/anaconda3/envs/airflow/lib/python3.7/site-packages/airflow/models/dagbag.py", line 243, in process_file
    m = imp.load_source(mod_name, filepath)
  File "/Users/cchavez/opt/anaconda3/envs/airflow/lib/python3.7/imp.py", line 171, in load_source
    module = _load(spec)
  File "<frozen importlib._bootstrap>", line 696, in _load
  File "<frozen importlib._bootstrap>", line 677, in _load_unlocked
  File "<frozen importlib._bootstrap_external>", line 728, in exec_module
  File "<frozen importlib._bootstrap>", line 219, in _call_with_frames_removed
  File "/Users/cchavez/dev/airflow_home/dags/dags.py", line 5, in <module>
    from airflow.operators.postgres_operator import PostgresOperator
  File "/Users/cchavez/opt/anaconda3/envs/airflow/lib/python3.7/site-packages/airflow/operators/postgres_operator.py", line 19, in <module>
    from airflow.hooks.postgres_hook import PostgresHook
  File "/Users/cchavez/opt/anaconda3/envs/airflow/lib/python3.7/site-packages/airflow/hooks/postgres_hook.py", line 21, in <module>
    import psycopg2
ModuleNotFoundError: No module named 'psycopg2'
[2020-04-03 19:37:51,775] {scheduler_job.py:1574} WARNING - No viable dags retrieved from /Users/cchavez/dev/airflow_home/dags/dags.py
[2020-04-03 19:37:51,784] {scheduler_job.py:161} INFO - Processing /Users/cchavez/dev/airflow_home/dags/dags.py took 0.024 seconds
[2020-04-03 19:38:43,914] {scheduler_job.py:153} INFO - Started process (PID=73788) to work on /Users/cchavez/dev/airflow_home/dags/dags.py
[2020-04-03 19:38:43,927] {scheduler_job.py:1560} INFO - Processing file /Users/cchavez/dev/airflow_home/dags/dags.py for tasks to queue
[2020-04-03 19:38:43,929] {logging_mixin.py:112} INFO - [2020-04-03 19:38:43,928] {dagbag.py:403} INFO - Filling up the DagBag from /Users/cchavez/dev/airflow_home/dags/dags.py
[2020-04-03 19:38:43,947] {logging_mixin.py:112} INFO - [2020-04-03 19:38:43,943] {dagbag.py:246} ERROR - Failed to import: /Users/cchavez/dev/airflow_home/dags/dags.py
Traceback (most recent call last):
  File "/Users/cchavez/opt/anaconda3/envs/airflow/lib/python3.7/site-packages/airflow/models/dagbag.py", line 243, in process_file
    m = imp.load_source(mod_name, filepath)
  File "/Users/cchavez/opt/anaconda3/envs/airflow/lib/python3.7/imp.py", line 171, in load_source
    module = _load(spec)
  File "<frozen importlib._bootstrap>", line 696, in _load
  File "<frozen importlib._bootstrap>", line 677, in _load_unlocked
  File "<frozen importlib._bootstrap_external>", line 728, in exec_module
  File "<frozen importlib._bootstrap>", line 219, in _call_with_frames_removed
  File "/Users/cchavez/dev/airflow_home/dags/dags.py", line 5, in <module>
    from airflow.operators.postgres_operator import PostgresOperator
  File "/Users/cchavez/opt/anaconda3/envs/airflow/lib/python3.7/site-packages/airflow/operators/postgres_operator.py", line 19, in <module>
    from airflow.hooks.postgres_hook import PostgresHook
  File "/Users/cchavez/opt/anaconda3/envs/airflow/lib/python3.7/site-packages/airflow/hooks/postgres_hook.py", line 21, in <module>
    import psycopg2
ModuleNotFoundError: No module named 'psycopg2'
[2020-04-03 19:38:43,948] {scheduler_job.py:1574} WARNING - No viable dags retrieved from /Users/cchavez/dev/airflow_home/dags/dags.py
[2020-04-03 19:38:43,959] {scheduler_job.py:161} INFO - Processing /Users/cchavez/dev/airflow_home/dags/dags.py took 0.045 seconds
[2020-04-03 19:39:36,059] {scheduler_job.py:153} INFO - Started process (PID=73820) to work on /Users/cchavez/dev/airflow_home/dags/dags.py
[2020-04-03 19:39:36,072] {scheduler_job.py:1560} INFO - Processing file /Users/cchavez/dev/airflow_home/dags/dags.py for tasks to queue
[2020-04-03 19:39:36,073] {logging_mixin.py:112} INFO - [2020-04-03 19:39:36,073] {dagbag.py:403} INFO - Filling up the DagBag from /Users/cchavez/dev/airflow_home/dags/dags.py
[2020-04-03 19:39:36,081] {logging_mixin.py:112} INFO - [2020-04-03 19:39:36,080] {dagbag.py:246} ERROR - Failed to import: /Users/cchavez/dev/airflow_home/dags/dags.py
Traceback (most recent call last):
  File "/Users/cchavez/opt/anaconda3/envs/airflow/lib/python3.7/site-packages/airflow/models/dagbag.py", line 243, in process_file
    m = imp.load_source(mod_name, filepath)
  File "/Users/cchavez/opt/anaconda3/envs/airflow/lib/python3.7/imp.py", line 171, in load_source
    module = _load(spec)
  File "<frozen importlib._bootstrap>", line 696, in _load
  File "<frozen importlib._bootstrap>", line 677, in _load_unlocked
  File "<frozen importlib._bootstrap_external>", line 728, in exec_module
  File "<frozen importlib._bootstrap>", line 219, in _call_with_frames_removed
  File "/Users/cchavez/dev/airflow_home/dags/dags.py", line 5, in <module>
    from airflow.operators.postgres_operator import PostgresOperator
  File "/Users/cchavez/opt/anaconda3/envs/airflow/lib/python3.7/site-packages/airflow/operators/postgres_operator.py", line 19, in <module>
    from airflow.hooks.postgres_hook import PostgresHook
  File "/Users/cchavez/opt/anaconda3/envs/airflow/lib/python3.7/site-packages/airflow/hooks/postgres_hook.py", line 21, in <module>
    import psycopg2
ModuleNotFoundError: No module named 'psycopg2'
[2020-04-03 19:39:36,082] {scheduler_job.py:1574} WARNING - No viable dags retrieved from /Users/cchavez/dev/airflow_home/dags/dags.py
[2020-04-03 19:39:36,092] {scheduler_job.py:161} INFO - Processing /Users/cchavez/dev/airflow_home/dags/dags.py took 0.033 seconds
[2020-04-03 19:40:28,221] {scheduler_job.py:153} INFO - Started process (PID=73850) to work on /Users/cchavez/dev/airflow_home/dags/dags.py
[2020-04-03 19:40:28,229] {scheduler_job.py:1560} INFO - Processing file /Users/cchavez/dev/airflow_home/dags/dags.py for tasks to queue
[2020-04-03 19:40:28,230] {logging_mixin.py:112} INFO - [2020-04-03 19:40:28,229] {dagbag.py:403} INFO - Filling up the DagBag from /Users/cchavez/dev/airflow_home/dags/dags.py
[2020-04-03 19:40:28,239] {logging_mixin.py:112} INFO - [2020-04-03 19:40:28,236] {dagbag.py:246} ERROR - Failed to import: /Users/cchavez/dev/airflow_home/dags/dags.py
Traceback (most recent call last):
  File "/Users/cchavez/opt/anaconda3/envs/airflow/lib/python3.7/site-packages/airflow/models/dagbag.py", line 243, in process_file
    m = imp.load_source(mod_name, filepath)
  File "/Users/cchavez/opt/anaconda3/envs/airflow/lib/python3.7/imp.py", line 171, in load_source
    module = _load(spec)
  File "<frozen importlib._bootstrap>", line 696, in _load
  File "<frozen importlib._bootstrap>", line 677, in _load_unlocked
  File "<frozen importlib._bootstrap_external>", line 728, in exec_module
  File "<frozen importlib._bootstrap>", line 219, in _call_with_frames_removed
  File "/Users/cchavez/dev/airflow_home/dags/dags.py", line 5, in <module>
    from airflow.operators.postgres_operator import PostgresOperator
  File "/Users/cchavez/opt/anaconda3/envs/airflow/lib/python3.7/site-packages/airflow/operators/postgres_operator.py", line 19, in <module>
    from airflow.hooks.postgres_hook import PostgresHook
  File "/Users/cchavez/opt/anaconda3/envs/airflow/lib/python3.7/site-packages/airflow/hooks/postgres_hook.py", line 21, in <module>
    import psycopg2
ModuleNotFoundError: No module named 'psycopg2'
[2020-04-03 19:40:28,239] {scheduler_job.py:1574} WARNING - No viable dags retrieved from /Users/cchavez/dev/airflow_home/dags/dags.py
[2020-04-03 19:40:28,252] {scheduler_job.py:161} INFO - Processing /Users/cchavez/dev/airflow_home/dags/dags.py took 0.031 seconds
[2020-04-03 19:41:20,369] {scheduler_job.py:153} INFO - Started process (PID=73877) to work on /Users/cchavez/dev/airflow_home/dags/dags.py
[2020-04-03 19:41:20,375] {scheduler_job.py:1560} INFO - Processing file /Users/cchavez/dev/airflow_home/dags/dags.py for tasks to queue
[2020-04-03 19:41:20,376] {logging_mixin.py:112} INFO - [2020-04-03 19:41:20,375] {dagbag.py:403} INFO - Filling up the DagBag from /Users/cchavez/dev/airflow_home/dags/dags.py
[2020-04-03 19:41:20,382] {logging_mixin.py:112} INFO - [2020-04-03 19:41:20,380] {dagbag.py:246} ERROR - Failed to import: /Users/cchavez/dev/airflow_home/dags/dags.py
Traceback (most recent call last):
  File "/Users/cchavez/opt/anaconda3/envs/airflow/lib/python3.7/site-packages/airflow/models/dagbag.py", line 243, in process_file
    m = imp.load_source(mod_name, filepath)
  File "/Users/cchavez/opt/anaconda3/envs/airflow/lib/python3.7/imp.py", line 171, in load_source
    module = _load(spec)
  File "<frozen importlib._bootstrap>", line 696, in _load
  File "<frozen importlib._bootstrap>", line 677, in _load_unlocked
  File "<frozen importlib._bootstrap_external>", line 728, in exec_module
  File "<frozen importlib._bootstrap>", line 219, in _call_with_frames_removed
  File "/Users/cchavez/dev/airflow_home/dags/dags.py", line 5, in <module>
    from airflow.operators.postgres_operator import PostgresOperator
  File "/Users/cchavez/opt/anaconda3/envs/airflow/lib/python3.7/site-packages/airflow/operators/postgres_operator.py", line 19, in <module>
    from airflow.hooks.postgres_hook import PostgresHook
  File "/Users/cchavez/opt/anaconda3/envs/airflow/lib/python3.7/site-packages/airflow/hooks/postgres_hook.py", line 21, in <module>
    import psycopg2
ModuleNotFoundError: No module named 'psycopg2'
[2020-04-03 19:41:20,383] {scheduler_job.py:1574} WARNING - No viable dags retrieved from /Users/cchavez/dev/airflow_home/dags/dags.py
[2020-04-03 19:41:20,398] {scheduler_job.py:161} INFO - Processing /Users/cchavez/dev/airflow_home/dags/dags.py took 0.029 seconds
[2020-04-03 19:42:12,530] {scheduler_job.py:153} INFO - Started process (PID=73908) to work on /Users/cchavez/dev/airflow_home/dags/dags.py
[2020-04-03 19:42:12,538] {scheduler_job.py:1560} INFO - Processing file /Users/cchavez/dev/airflow_home/dags/dags.py for tasks to queue
[2020-04-03 19:42:12,538] {logging_mixin.py:112} INFO - [2020-04-03 19:42:12,538] {dagbag.py:403} INFO - Filling up the DagBag from /Users/cchavez/dev/airflow_home/dags/dags.py
[2020-04-03 19:42:12,555] {logging_mixin.py:112} INFO - [2020-04-03 19:42:12,551] {dagbag.py:246} ERROR - Failed to import: /Users/cchavez/dev/airflow_home/dags/dags.py
Traceback (most recent call last):
  File "/Users/cchavez/opt/anaconda3/envs/airflow/lib/python3.7/site-packages/airflow/models/dagbag.py", line 243, in process_file
    m = imp.load_source(mod_name, filepath)
  File "/Users/cchavez/opt/anaconda3/envs/airflow/lib/python3.7/imp.py", line 171, in load_source
    module = _load(spec)
  File "<frozen importlib._bootstrap>", line 696, in _load
  File "<frozen importlib._bootstrap>", line 677, in _load_unlocked
  File "<frozen importlib._bootstrap_external>", line 728, in exec_module
  File "<frozen importlib._bootstrap>", line 219, in _call_with_frames_removed
  File "/Users/cchavez/dev/airflow_home/dags/dags.py", line 5, in <module>
    from airflow.operators.postgres_operator import PostgresOperator
  File "/Users/cchavez/opt/anaconda3/envs/airflow/lib/python3.7/site-packages/airflow/operators/postgres_operator.py", line 19, in <module>
    from airflow.hooks.postgres_hook import PostgresHook
  File "/Users/cchavez/opt/anaconda3/envs/airflow/lib/python3.7/site-packages/airflow/hooks/postgres_hook.py", line 21, in <module>
    import psycopg2
ModuleNotFoundError: No module named 'psycopg2'
[2020-04-03 19:42:12,556] {scheduler_job.py:1574} WARNING - No viable dags retrieved from /Users/cchavez/dev/airflow_home/dags/dags.py
[2020-04-03 19:42:12,571] {scheduler_job.py:161} INFO - Processing /Users/cchavez/dev/airflow_home/dags/dags.py took 0.041 seconds
[2020-04-03 19:43:04,692] {scheduler_job.py:153} INFO - Started process (PID=73939) to work on /Users/cchavez/dev/airflow_home/dags/dags.py
[2020-04-03 19:43:04,698] {scheduler_job.py:1560} INFO - Processing file /Users/cchavez/dev/airflow_home/dags/dags.py for tasks to queue
[2020-04-03 19:43:04,699] {logging_mixin.py:112} INFO - [2020-04-03 19:43:04,699] {dagbag.py:403} INFO - Filling up the DagBag from /Users/cchavez/dev/airflow_home/dags/dags.py
[2020-04-03 19:43:04,705] {logging_mixin.py:112} INFO - [2020-04-03 19:43:04,704] {dagbag.py:246} ERROR - Failed to import: /Users/cchavez/dev/airflow_home/dags/dags.py
Traceback (most recent call last):
  File "/Users/cchavez/opt/anaconda3/envs/airflow/lib/python3.7/site-packages/airflow/models/dagbag.py", line 243, in process_file
    m = imp.load_source(mod_name, filepath)
  File "/Users/cchavez/opt/anaconda3/envs/airflow/lib/python3.7/imp.py", line 171, in load_source
    module = _load(spec)
  File "<frozen importlib._bootstrap>", line 696, in _load
  File "<frozen importlib._bootstrap>", line 677, in _load_unlocked
  File "<frozen importlib._bootstrap_external>", line 728, in exec_module
  File "<frozen importlib._bootstrap>", line 219, in _call_with_frames_removed
  File "/Users/cchavez/dev/airflow_home/dags/dags.py", line 5, in <module>
    from airflow.operators.postgres_operator import PostgresOperator
  File "/Users/cchavez/opt/anaconda3/envs/airflow/lib/python3.7/site-packages/airflow/operators/postgres_operator.py", line 19, in <module>
    from airflow.hooks.postgres_hook import PostgresHook
  File "/Users/cchavez/opt/anaconda3/envs/airflow/lib/python3.7/site-packages/airflow/hooks/postgres_hook.py", line 21, in <module>
    import psycopg2
ModuleNotFoundError: No module named 'psycopg2'
[2020-04-03 19:43:04,705] {scheduler_job.py:1574} WARNING - No viable dags retrieved from /Users/cchavez/dev/airflow_home/dags/dags.py
[2020-04-03 19:43:04,714] {scheduler_job.py:161} INFO - Processing /Users/cchavez/dev/airflow_home/dags/dags.py took 0.022 seconds
[2020-04-03 19:43:56,819] {scheduler_job.py:153} INFO - Started process (PID=73969) to work on /Users/cchavez/dev/airflow_home/dags/dags.py
[2020-04-03 19:43:56,833] {scheduler_job.py:1560} INFO - Processing file /Users/cchavez/dev/airflow_home/dags/dags.py for tasks to queue
[2020-04-03 19:43:56,834] {logging_mixin.py:112} INFO - [2020-04-03 19:43:56,833] {dagbag.py:403} INFO - Filling up the DagBag from /Users/cchavez/dev/airflow_home/dags/dags.py
[2020-04-03 19:43:56,841] {logging_mixin.py:112} INFO - [2020-04-03 19:43:56,839] {dagbag.py:246} ERROR - Failed to import: /Users/cchavez/dev/airflow_home/dags/dags.py
Traceback (most recent call last):
  File "/Users/cchavez/opt/anaconda3/envs/airflow/lib/python3.7/site-packages/airflow/models/dagbag.py", line 243, in process_file
    m = imp.load_source(mod_name, filepath)
  File "/Users/cchavez/opt/anaconda3/envs/airflow/lib/python3.7/imp.py", line 171, in load_source
    module = _load(spec)
  File "<frozen importlib._bootstrap>", line 696, in _load
  File "<frozen importlib._bootstrap>", line 677, in _load_unlocked
  File "<frozen importlib._bootstrap_external>", line 728, in exec_module
  File "<frozen importlib._bootstrap>", line 219, in _call_with_frames_removed
  File "/Users/cchavez/dev/airflow_home/dags/dags.py", line 5, in <module>
    from airflow.operators.postgres_operator import PostgresOperator
  File "/Users/cchavez/opt/anaconda3/envs/airflow/lib/python3.7/site-packages/airflow/operators/postgres_operator.py", line 19, in <module>
    from airflow.hooks.postgres_hook import PostgresHook
  File "/Users/cchavez/opt/anaconda3/envs/airflow/lib/python3.7/site-packages/airflow/hooks/postgres_hook.py", line 21, in <module>
    import psycopg2
ModuleNotFoundError: No module named 'psycopg2'
[2020-04-03 19:43:56,841] {scheduler_job.py:1574} WARNING - No viable dags retrieved from /Users/cchavez/dev/airflow_home/dags/dags.py
[2020-04-03 19:43:56,851] {scheduler_job.py:161} INFO - Processing /Users/cchavez/dev/airflow_home/dags/dags.py took 0.032 seconds
[2020-04-03 19:44:48,992] {scheduler_job.py:153} INFO - Started process (PID=73999) to work on /Users/cchavez/dev/airflow_home/dags/dags.py
[2020-04-03 19:44:49,006] {scheduler_job.py:1560} INFO - Processing file /Users/cchavez/dev/airflow_home/dags/dags.py for tasks to queue
[2020-04-03 19:44:49,007] {logging_mixin.py:112} INFO - [2020-04-03 19:44:49,006] {dagbag.py:403} INFO - Filling up the DagBag from /Users/cchavez/dev/airflow_home/dags/dags.py
[2020-04-03 19:44:49,014] {logging_mixin.py:112} INFO - [2020-04-03 19:44:49,012] {dagbag.py:246} ERROR - Failed to import: /Users/cchavez/dev/airflow_home/dags/dags.py
Traceback (most recent call last):
  File "/Users/cchavez/opt/anaconda3/envs/airflow/lib/python3.7/site-packages/airflow/models/dagbag.py", line 243, in process_file
    m = imp.load_source(mod_name, filepath)
  File "/Users/cchavez/opt/anaconda3/envs/airflow/lib/python3.7/imp.py", line 171, in load_source
    module = _load(spec)
  File "<frozen importlib._bootstrap>", line 696, in _load
  File "<frozen importlib._bootstrap>", line 677, in _load_unlocked
  File "<frozen importlib._bootstrap_external>", line 728, in exec_module
  File "<frozen importlib._bootstrap>", line 219, in _call_with_frames_removed
  File "/Users/cchavez/dev/airflow_home/dags/dags.py", line 5, in <module>
    from airflow.operators.postgres_operator import PostgresOperator
  File "/Users/cchavez/opt/anaconda3/envs/airflow/lib/python3.7/site-packages/airflow/operators/postgres_operator.py", line 19, in <module>
    from airflow.hooks.postgres_hook import PostgresHook
  File "/Users/cchavez/opt/anaconda3/envs/airflow/lib/python3.7/site-packages/airflow/hooks/postgres_hook.py", line 21, in <module>
    import psycopg2
ModuleNotFoundError: No module named 'psycopg2'
[2020-04-03 19:44:49,014] {scheduler_job.py:1574} WARNING - No viable dags retrieved from /Users/cchavez/dev/airflow_home/dags/dags.py
[2020-04-03 19:44:49,024] {scheduler_job.py:161} INFO - Processing /Users/cchavez/dev/airflow_home/dags/dags.py took 0.032 seconds
[2020-04-03 19:45:41,158] {scheduler_job.py:153} INFO - Started process (PID=74029) to work on /Users/cchavez/dev/airflow_home/dags/dags.py
[2020-04-03 19:45:41,168] {scheduler_job.py:1560} INFO - Processing file /Users/cchavez/dev/airflow_home/dags/dags.py for tasks to queue
[2020-04-03 19:45:41,169] {logging_mixin.py:112} INFO - [2020-04-03 19:45:41,169] {dagbag.py:403} INFO - Filling up the DagBag from /Users/cchavez/dev/airflow_home/dags/dags.py
[2020-04-03 19:45:41,176] {logging_mixin.py:112} INFO - [2020-04-03 19:45:41,175] {dagbag.py:246} ERROR - Failed to import: /Users/cchavez/dev/airflow_home/dags/dags.py
Traceback (most recent call last):
  File "/Users/cchavez/opt/anaconda3/envs/airflow/lib/python3.7/site-packages/airflow/models/dagbag.py", line 243, in process_file
    m = imp.load_source(mod_name, filepath)
  File "/Users/cchavez/opt/anaconda3/envs/airflow/lib/python3.7/imp.py", line 171, in load_source
    module = _load(spec)
  File "<frozen importlib._bootstrap>", line 696, in _load
  File "<frozen importlib._bootstrap>", line 677, in _load_unlocked
  File "<frozen importlib._bootstrap_external>", line 728, in exec_module
  File "<frozen importlib._bootstrap>", line 219, in _call_with_frames_removed
  File "/Users/cchavez/dev/airflow_home/dags/dags.py", line 5, in <module>
    from airflow.operators.postgres_operator import PostgresOperator
  File "/Users/cchavez/opt/anaconda3/envs/airflow/lib/python3.7/site-packages/airflow/operators/postgres_operator.py", line 19, in <module>
    from airflow.hooks.postgres_hook import PostgresHook
  File "/Users/cchavez/opt/anaconda3/envs/airflow/lib/python3.7/site-packages/airflow/hooks/postgres_hook.py", line 21, in <module>
    import psycopg2
ModuleNotFoundError: No module named 'psycopg2'
[2020-04-03 19:45:41,177] {scheduler_job.py:1574} WARNING - No viable dags retrieved from /Users/cchavez/dev/airflow_home/dags/dags.py
[2020-04-03 19:45:41,188] {scheduler_job.py:161} INFO - Processing /Users/cchavez/dev/airflow_home/dags/dags.py took 0.029 seconds
[2020-04-03 19:46:33,315] {scheduler_job.py:153} INFO - Started process (PID=74058) to work on /Users/cchavez/dev/airflow_home/dags/dags.py
[2020-04-03 19:46:33,320] {scheduler_job.py:1560} INFO - Processing file /Users/cchavez/dev/airflow_home/dags/dags.py for tasks to queue
[2020-04-03 19:46:33,321] {logging_mixin.py:112} INFO - [2020-04-03 19:46:33,321] {dagbag.py:403} INFO - Filling up the DagBag from /Users/cchavez/dev/airflow_home/dags/dags.py
[2020-04-03 19:46:33,335] {logging_mixin.py:112} INFO - [2020-04-03 19:46:33,333] {dagbag.py:246} ERROR - Failed to import: /Users/cchavez/dev/airflow_home/dags/dags.py
Traceback (most recent call last):
  File "/Users/cchavez/opt/anaconda3/envs/airflow/lib/python3.7/site-packages/airflow/models/dagbag.py", line 243, in process_file
    m = imp.load_source(mod_name, filepath)
  File "/Users/cchavez/opt/anaconda3/envs/airflow/lib/python3.7/imp.py", line 171, in load_source
    module = _load(spec)
  File "<frozen importlib._bootstrap>", line 696, in _load
  File "<frozen importlib._bootstrap>", line 677, in _load_unlocked
  File "<frozen importlib._bootstrap_external>", line 728, in exec_module
  File "<frozen importlib._bootstrap>", line 219, in _call_with_frames_removed
  File "/Users/cchavez/dev/airflow_home/dags/dags.py", line 5, in <module>
    from airflow.operators.postgres_operator import PostgresOperator
  File "/Users/cchavez/opt/anaconda3/envs/airflow/lib/python3.7/site-packages/airflow/operators/postgres_operator.py", line 19, in <module>
    from airflow.hooks.postgres_hook import PostgresHook
  File "/Users/cchavez/opt/anaconda3/envs/airflow/lib/python3.7/site-packages/airflow/hooks/postgres_hook.py", line 21, in <module>
    import psycopg2
ModuleNotFoundError: No module named 'psycopg2'
[2020-04-03 19:46:33,336] {scheduler_job.py:1574} WARNING - No viable dags retrieved from /Users/cchavez/dev/airflow_home/dags/dags.py
[2020-04-03 19:46:33,348] {scheduler_job.py:161} INFO - Processing /Users/cchavez/dev/airflow_home/dags/dags.py took 0.033 seconds
[2020-04-03 19:47:25,505] {scheduler_job.py:153} INFO - Started process (PID=74087) to work on /Users/cchavez/dev/airflow_home/dags/dags.py
[2020-04-03 19:47:25,510] {scheduler_job.py:1560} INFO - Processing file /Users/cchavez/dev/airflow_home/dags/dags.py for tasks to queue
[2020-04-03 19:47:25,511] {logging_mixin.py:112} INFO - [2020-04-03 19:47:25,511] {dagbag.py:403} INFO - Filling up the DagBag from /Users/cchavez/dev/airflow_home/dags/dags.py
[2020-04-03 19:47:25,517] {logging_mixin.py:112} INFO - [2020-04-03 19:47:25,516] {dagbag.py:246} ERROR - Failed to import: /Users/cchavez/dev/airflow_home/dags/dags.py
Traceback (most recent call last):
  File "/Users/cchavez/opt/anaconda3/envs/airflow/lib/python3.7/site-packages/airflow/models/dagbag.py", line 243, in process_file
    m = imp.load_source(mod_name, filepath)
  File "/Users/cchavez/opt/anaconda3/envs/airflow/lib/python3.7/imp.py", line 171, in load_source
    module = _load(spec)
  File "<frozen importlib._bootstrap>", line 696, in _load
  File "<frozen importlib._bootstrap>", line 677, in _load_unlocked
  File "<frozen importlib._bootstrap_external>", line 728, in exec_module
  File "<frozen importlib._bootstrap>", line 219, in _call_with_frames_removed
  File "/Users/cchavez/dev/airflow_home/dags/dags.py", line 5, in <module>
    from airflow.operators.postgres_operator import PostgresOperator
  File "/Users/cchavez/opt/anaconda3/envs/airflow/lib/python3.7/site-packages/airflow/operators/postgres_operator.py", line 19, in <module>
    from airflow.hooks.postgres_hook import PostgresHook
  File "/Users/cchavez/opt/anaconda3/envs/airflow/lib/python3.7/site-packages/airflow/hooks/postgres_hook.py", line 21, in <module>
    import psycopg2
ModuleNotFoundError: No module named 'psycopg2'
[2020-04-03 19:47:25,518] {scheduler_job.py:1574} WARNING - No viable dags retrieved from /Users/cchavez/dev/airflow_home/dags/dags.py
[2020-04-03 19:47:25,528] {scheduler_job.py:161} INFO - Processing /Users/cchavez/dev/airflow_home/dags/dags.py took 0.023 seconds
[2020-04-03 19:48:17,750] {scheduler_job.py:153} INFO - Started process (PID=74117) to work on /Users/cchavez/dev/airflow_home/dags/dags.py
[2020-04-03 19:48:17,757] {scheduler_job.py:1560} INFO - Processing file /Users/cchavez/dev/airflow_home/dags/dags.py for tasks to queue
[2020-04-03 19:48:17,758] {logging_mixin.py:112} INFO - [2020-04-03 19:48:17,758] {dagbag.py:403} INFO - Filling up the DagBag from /Users/cchavez/dev/airflow_home/dags/dags.py
[2020-04-03 19:48:17,764] {logging_mixin.py:112} INFO - [2020-04-03 19:48:17,763] {dagbag.py:246} ERROR - Failed to import: /Users/cchavez/dev/airflow_home/dags/dags.py
Traceback (most recent call last):
  File "/Users/cchavez/opt/anaconda3/envs/airflow/lib/python3.7/site-packages/airflow/models/dagbag.py", line 243, in process_file
    m = imp.load_source(mod_name, filepath)
  File "/Users/cchavez/opt/anaconda3/envs/airflow/lib/python3.7/imp.py", line 171, in load_source
    module = _load(spec)
  File "<frozen importlib._bootstrap>", line 696, in _load
  File "<frozen importlib._bootstrap>", line 677, in _load_unlocked
  File "<frozen importlib._bootstrap_external>", line 728, in exec_module
  File "<frozen importlib._bootstrap>", line 219, in _call_with_frames_removed
  File "/Users/cchavez/dev/airflow_home/dags/dags.py", line 5, in <module>
    from airflow.operators.postgres_operator import PostgresOperator
  File "/Users/cchavez/opt/anaconda3/envs/airflow/lib/python3.7/site-packages/airflow/operators/postgres_operator.py", line 19, in <module>
    from airflow.hooks.postgres_hook import PostgresHook
  File "/Users/cchavez/opt/anaconda3/envs/airflow/lib/python3.7/site-packages/airflow/hooks/postgres_hook.py", line 21, in <module>
    import psycopg2
ModuleNotFoundError: No module named 'psycopg2'
[2020-04-03 19:48:17,765] {scheduler_job.py:1574} WARNING - No viable dags retrieved from /Users/cchavez/dev/airflow_home/dags/dags.py
[2020-04-03 19:48:17,775] {scheduler_job.py:161} INFO - Processing /Users/cchavez/dev/airflow_home/dags/dags.py took 0.025 seconds
[2020-04-03 19:49:09,961] {scheduler_job.py:153} INFO - Started process (PID=74146) to work on /Users/cchavez/dev/airflow_home/dags/dags.py
[2020-04-03 19:49:09,973] {scheduler_job.py:1560} INFO - Processing file /Users/cchavez/dev/airflow_home/dags/dags.py for tasks to queue
[2020-04-03 19:49:09,974] {logging_mixin.py:112} INFO - [2020-04-03 19:49:09,974] {dagbag.py:403} INFO - Filling up the DagBag from /Users/cchavez/dev/airflow_home/dags/dags.py
[2020-04-03 19:49:09,982] {logging_mixin.py:112} INFO - [2020-04-03 19:49:09,979] {dagbag.py:246} ERROR - Failed to import: /Users/cchavez/dev/airflow_home/dags/dags.py
Traceback (most recent call last):
  File "/Users/cchavez/opt/anaconda3/envs/airflow/lib/python3.7/site-packages/airflow/models/dagbag.py", line 243, in process_file
    m = imp.load_source(mod_name, filepath)
  File "/Users/cchavez/opt/anaconda3/envs/airflow/lib/python3.7/imp.py", line 171, in load_source
    module = _load(spec)
  File "<frozen importlib._bootstrap>", line 696, in _load
  File "<frozen importlib._bootstrap>", line 677, in _load_unlocked
  File "<frozen importlib._bootstrap_external>", line 728, in exec_module
  File "<frozen importlib._bootstrap>", line 219, in _call_with_frames_removed
  File "/Users/cchavez/dev/airflow_home/dags/dags.py", line 5, in <module>
    from airflow.operators.postgres_operator import PostgresOperator
  File "/Users/cchavez/opt/anaconda3/envs/airflow/lib/python3.7/site-packages/airflow/operators/postgres_operator.py", line 19, in <module>
    from airflow.hooks.postgres_hook import PostgresHook
  File "/Users/cchavez/opt/anaconda3/envs/airflow/lib/python3.7/site-packages/airflow/hooks/postgres_hook.py", line 21, in <module>
    import psycopg2
ModuleNotFoundError: No module named 'psycopg2'
[2020-04-03 19:49:09,982] {scheduler_job.py:1574} WARNING - No viable dags retrieved from /Users/cchavez/dev/airflow_home/dags/dags.py
[2020-04-03 19:49:09,992] {scheduler_job.py:161} INFO - Processing /Users/cchavez/dev/airflow_home/dags/dags.py took 0.031 seconds
[2020-04-03 19:50:02,108] {scheduler_job.py:153} INFO - Started process (PID=74176) to work on /Users/cchavez/dev/airflow_home/dags/dags.py
[2020-04-03 19:50:02,119] {scheduler_job.py:1560} INFO - Processing file /Users/cchavez/dev/airflow_home/dags/dags.py for tasks to queue
[2020-04-03 19:50:02,120] {logging_mixin.py:112} INFO - [2020-04-03 19:50:02,120] {dagbag.py:403} INFO - Filling up the DagBag from /Users/cchavez/dev/airflow_home/dags/dags.py
[2020-04-03 19:50:02,127] {logging_mixin.py:112} INFO - [2020-04-03 19:50:02,125] {dagbag.py:246} ERROR - Failed to import: /Users/cchavez/dev/airflow_home/dags/dags.py
Traceback (most recent call last):
  File "/Users/cchavez/opt/anaconda3/envs/airflow/lib/python3.7/site-packages/airflow/models/dagbag.py", line 243, in process_file
    m = imp.load_source(mod_name, filepath)
  File "/Users/cchavez/opt/anaconda3/envs/airflow/lib/python3.7/imp.py", line 171, in load_source
    module = _load(spec)
  File "<frozen importlib._bootstrap>", line 696, in _load
  File "<frozen importlib._bootstrap>", line 677, in _load_unlocked
  File "<frozen importlib._bootstrap_external>", line 728, in exec_module
  File "<frozen importlib._bootstrap>", line 219, in _call_with_frames_removed
  File "/Users/cchavez/dev/airflow_home/dags/dags.py", line 5, in <module>
    from airflow.operators.postgres_operator import PostgresOperator
  File "/Users/cchavez/opt/anaconda3/envs/airflow/lib/python3.7/site-packages/airflow/operators/postgres_operator.py", line 19, in <module>
    from airflow.hooks.postgres_hook import PostgresHook
  File "/Users/cchavez/opt/anaconda3/envs/airflow/lib/python3.7/site-packages/airflow/hooks/postgres_hook.py", line 21, in <module>
    import psycopg2
ModuleNotFoundError: No module named 'psycopg2'
[2020-04-03 19:50:02,127] {scheduler_job.py:1574} WARNING - No viable dags retrieved from /Users/cchavez/dev/airflow_home/dags/dags.py
[2020-04-03 19:50:02,138] {scheduler_job.py:161} INFO - Processing /Users/cchavez/dev/airflow_home/dags/dags.py took 0.030 seconds
[2020-04-03 19:50:54,292] {scheduler_job.py:153} INFO - Started process (PID=74239) to work on /Users/cchavez/dev/airflow_home/dags/dags.py
[2020-04-03 19:50:54,307] {scheduler_job.py:1560} INFO - Processing file /Users/cchavez/dev/airflow_home/dags/dags.py for tasks to queue
[2020-04-03 19:50:54,308] {logging_mixin.py:112} INFO - [2020-04-03 19:50:54,307] {dagbag.py:403} INFO - Filling up the DagBag from /Users/cchavez/dev/airflow_home/dags/dags.py
[2020-04-03 19:50:54,320] {logging_mixin.py:112} INFO - [2020-04-03 19:50:54,316] {dagbag.py:246} ERROR - Failed to import: /Users/cchavez/dev/airflow_home/dags/dags.py
Traceback (most recent call last):
  File "/Users/cchavez/opt/anaconda3/envs/airflow/lib/python3.7/site-packages/airflow/models/dagbag.py", line 243, in process_file
    m = imp.load_source(mod_name, filepath)
  File "/Users/cchavez/opt/anaconda3/envs/airflow/lib/python3.7/imp.py", line 171, in load_source
    module = _load(spec)
  File "<frozen importlib._bootstrap>", line 696, in _load
  File "<frozen importlib._bootstrap>", line 677, in _load_unlocked
  File "<frozen importlib._bootstrap_external>", line 728, in exec_module
  File "<frozen importlib._bootstrap>", line 219, in _call_with_frames_removed
  File "/Users/cchavez/dev/airflow_home/dags/dags.py", line 5, in <module>
    from airflow.operators.postgres_operator import PostgresOperator
  File "/Users/cchavez/opt/anaconda3/envs/airflow/lib/python3.7/site-packages/airflow/operators/postgres_operator.py", line 19, in <module>
    from airflow.hooks.postgres_hook import PostgresHook
  File "/Users/cchavez/opt/anaconda3/envs/airflow/lib/python3.7/site-packages/airflow/hooks/postgres_hook.py", line 21, in <module>
    import psycopg2
ModuleNotFoundError: No module named 'psycopg2'
[2020-04-03 19:50:54,321] {scheduler_job.py:1574} WARNING - No viable dags retrieved from /Users/cchavez/dev/airflow_home/dags/dags.py
[2020-04-03 19:50:54,334] {scheduler_job.py:161} INFO - Processing /Users/cchavez/dev/airflow_home/dags/dags.py took 0.042 seconds
[2020-04-03 19:51:46,462] {scheduler_job.py:153} INFO - Started process (PID=74268) to work on /Users/cchavez/dev/airflow_home/dags/dags.py
[2020-04-03 19:51:46,468] {scheduler_job.py:1560} INFO - Processing file /Users/cchavez/dev/airflow_home/dags/dags.py for tasks to queue
[2020-04-03 19:51:46,468] {logging_mixin.py:112} INFO - [2020-04-03 19:51:46,468] {dagbag.py:403} INFO - Filling up the DagBag from /Users/cchavez/dev/airflow_home/dags/dags.py
[2020-04-03 19:51:46,475] {logging_mixin.py:112} INFO - [2020-04-03 19:51:46,474] {dagbag.py:246} ERROR - Failed to import: /Users/cchavez/dev/airflow_home/dags/dags.py
Traceback (most recent call last):
  File "/Users/cchavez/opt/anaconda3/envs/airflow/lib/python3.7/site-packages/airflow/models/dagbag.py", line 243, in process_file
    m = imp.load_source(mod_name, filepath)
  File "/Users/cchavez/opt/anaconda3/envs/airflow/lib/python3.7/imp.py", line 171, in load_source
    module = _load(spec)
  File "<frozen importlib._bootstrap>", line 696, in _load
  File "<frozen importlib._bootstrap>", line 677, in _load_unlocked
  File "<frozen importlib._bootstrap_external>", line 728, in exec_module
  File "<frozen importlib._bootstrap>", line 219, in _call_with_frames_removed
  File "/Users/cchavez/dev/airflow_home/dags/dags.py", line 5, in <module>
    from airflow.operators.postgres_operator import PostgresOperator
  File "/Users/cchavez/opt/anaconda3/envs/airflow/lib/python3.7/site-packages/airflow/operators/postgres_operator.py", line 19, in <module>
    from airflow.hooks.postgres_hook import PostgresHook
  File "/Users/cchavez/opt/anaconda3/envs/airflow/lib/python3.7/site-packages/airflow/hooks/postgres_hook.py", line 21, in <module>
    import psycopg2
ModuleNotFoundError: No module named 'psycopg2'
[2020-04-03 19:51:46,475] {scheduler_job.py:1574} WARNING - No viable dags retrieved from /Users/cchavez/dev/airflow_home/dags/dags.py
[2020-04-03 19:51:46,490] {scheduler_job.py:161} INFO - Processing /Users/cchavez/dev/airflow_home/dags/dags.py took 0.028 seconds
[2020-04-03 19:52:38,621] {scheduler_job.py:153} INFO - Started process (PID=74298) to work on /Users/cchavez/dev/airflow_home/dags/dags.py
[2020-04-03 19:52:38,626] {scheduler_job.py:1560} INFO - Processing file /Users/cchavez/dev/airflow_home/dags/dags.py for tasks to queue
[2020-04-03 19:52:38,627] {logging_mixin.py:112} INFO - [2020-04-03 19:52:38,627] {dagbag.py:403} INFO - Filling up the DagBag from /Users/cchavez/dev/airflow_home/dags/dags.py
[2020-04-03 19:52:38,634] {logging_mixin.py:112} INFO - [2020-04-03 19:52:38,633] {dagbag.py:246} ERROR - Failed to import: /Users/cchavez/dev/airflow_home/dags/dags.py
Traceback (most recent call last):
  File "/Users/cchavez/opt/anaconda3/envs/airflow/lib/python3.7/site-packages/airflow/models/dagbag.py", line 243, in process_file
    m = imp.load_source(mod_name, filepath)
  File "/Users/cchavez/opt/anaconda3/envs/airflow/lib/python3.7/imp.py", line 171, in load_source
    module = _load(spec)
  File "<frozen importlib._bootstrap>", line 696, in _load
  File "<frozen importlib._bootstrap>", line 677, in _load_unlocked
  File "<frozen importlib._bootstrap_external>", line 728, in exec_module
  File "<frozen importlib._bootstrap>", line 219, in _call_with_frames_removed
  File "/Users/cchavez/dev/airflow_home/dags/dags.py", line 5, in <module>
    from airflow.operators.postgres_operator import PostgresOperator
  File "/Users/cchavez/opt/anaconda3/envs/airflow/lib/python3.7/site-packages/airflow/operators/postgres_operator.py", line 19, in <module>
    from airflow.hooks.postgres_hook import PostgresHook
  File "/Users/cchavez/opt/anaconda3/envs/airflow/lib/python3.7/site-packages/airflow/hooks/postgres_hook.py", line 21, in <module>
    import psycopg2
ModuleNotFoundError: No module named 'psycopg2'
[2020-04-03 19:52:38,635] {scheduler_job.py:1574} WARNING - No viable dags retrieved from /Users/cchavez/dev/airflow_home/dags/dags.py
[2020-04-03 19:52:38,651] {scheduler_job.py:161} INFO - Processing /Users/cchavez/dev/airflow_home/dags/dags.py took 0.030 seconds
[2020-04-03 19:53:30,787] {scheduler_job.py:153} INFO - Started process (PID=74327) to work on /Users/cchavez/dev/airflow_home/dags/dags.py
[2020-04-03 19:53:30,795] {scheduler_job.py:1560} INFO - Processing file /Users/cchavez/dev/airflow_home/dags/dags.py for tasks to queue
[2020-04-03 19:53:30,796] {logging_mixin.py:112} INFO - [2020-04-03 19:53:30,796] {dagbag.py:403} INFO - Filling up the DagBag from /Users/cchavez/dev/airflow_home/dags/dags.py
[2020-04-03 19:53:30,803] {logging_mixin.py:112} INFO - [2020-04-03 19:53:30,801] {dagbag.py:246} ERROR - Failed to import: /Users/cchavez/dev/airflow_home/dags/dags.py
Traceback (most recent call last):
  File "/Users/cchavez/opt/anaconda3/envs/airflow/lib/python3.7/site-packages/airflow/models/dagbag.py", line 243, in process_file
    m = imp.load_source(mod_name, filepath)
  File "/Users/cchavez/opt/anaconda3/envs/airflow/lib/python3.7/imp.py", line 171, in load_source
    module = _load(spec)
  File "<frozen importlib._bootstrap>", line 696, in _load
  File "<frozen importlib._bootstrap>", line 677, in _load_unlocked
  File "<frozen importlib._bootstrap_external>", line 728, in exec_module
  File "<frozen importlib._bootstrap>", line 219, in _call_with_frames_removed
  File "/Users/cchavez/dev/airflow_home/dags/dags.py", line 5, in <module>
    from airflow.operators.postgres_operator import PostgresOperator
  File "/Users/cchavez/opt/anaconda3/envs/airflow/lib/python3.7/site-packages/airflow/operators/postgres_operator.py", line 19, in <module>
    from airflow.hooks.postgres_hook import PostgresHook
  File "/Users/cchavez/opt/anaconda3/envs/airflow/lib/python3.7/site-packages/airflow/hooks/postgres_hook.py", line 21, in <module>
    import psycopg2
ModuleNotFoundError: No module named 'psycopg2'
[2020-04-03 19:53:30,803] {scheduler_job.py:1574} WARNING - No viable dags retrieved from /Users/cchavez/dev/airflow_home/dags/dags.py
[2020-04-03 19:53:30,815] {scheduler_job.py:161} INFO - Processing /Users/cchavez/dev/airflow_home/dags/dags.py took 0.027 seconds
[2020-04-03 19:54:22,925] {scheduler_job.py:153} INFO - Started process (PID=74357) to work on /Users/cchavez/dev/airflow_home/dags/dags.py
[2020-04-03 19:54:22,930] {scheduler_job.py:1560} INFO - Processing file /Users/cchavez/dev/airflow_home/dags/dags.py for tasks to queue
[2020-04-03 19:54:22,931] {logging_mixin.py:112} INFO - [2020-04-03 19:54:22,931] {dagbag.py:403} INFO - Filling up the DagBag from /Users/cchavez/dev/airflow_home/dags/dags.py
[2020-04-03 19:54:22,940] {logging_mixin.py:112} INFO - [2020-04-03 19:54:22,938] {dagbag.py:246} ERROR - Failed to import: /Users/cchavez/dev/airflow_home/dags/dags.py
Traceback (most recent call last):
  File "/Users/cchavez/opt/anaconda3/envs/airflow/lib/python3.7/site-packages/airflow/models/dagbag.py", line 243, in process_file
    m = imp.load_source(mod_name, filepath)
  File "/Users/cchavez/opt/anaconda3/envs/airflow/lib/python3.7/imp.py", line 171, in load_source
    module = _load(spec)
  File "<frozen importlib._bootstrap>", line 696, in _load
  File "<frozen importlib._bootstrap>", line 677, in _load_unlocked
  File "<frozen importlib._bootstrap_external>", line 728, in exec_module
  File "<frozen importlib._bootstrap>", line 219, in _call_with_frames_removed
  File "/Users/cchavez/dev/airflow_home/dags/dags.py", line 5, in <module>
    from airflow.operators.postgres_operator import PostgresOperator
  File "/Users/cchavez/opt/anaconda3/envs/airflow/lib/python3.7/site-packages/airflow/operators/postgres_operator.py", line 19, in <module>
    from airflow.hooks.postgres_hook import PostgresHook
  File "/Users/cchavez/opt/anaconda3/envs/airflow/lib/python3.7/site-packages/airflow/hooks/postgres_hook.py", line 21, in <module>
    import psycopg2
ModuleNotFoundError: No module named 'psycopg2'
[2020-04-03 19:54:22,941] {scheduler_job.py:1574} WARNING - No viable dags retrieved from /Users/cchavez/dev/airflow_home/dags/dags.py
[2020-04-03 19:54:22,953] {scheduler_job.py:161} INFO - Processing /Users/cchavez/dev/airflow_home/dags/dags.py took 0.029 seconds
[2020-04-03 19:55:15,067] {scheduler_job.py:153} INFO - Started process (PID=74387) to work on /Users/cchavez/dev/airflow_home/dags/dags.py
[2020-04-03 19:55:15,075] {scheduler_job.py:1560} INFO - Processing file /Users/cchavez/dev/airflow_home/dags/dags.py for tasks to queue
[2020-04-03 19:55:15,076] {logging_mixin.py:112} INFO - [2020-04-03 19:55:15,076] {dagbag.py:403} INFO - Filling up the DagBag from /Users/cchavez/dev/airflow_home/dags/dags.py
[2020-04-03 19:55:15,084] {logging_mixin.py:112} INFO - [2020-04-03 19:55:15,082] {dagbag.py:246} ERROR - Failed to import: /Users/cchavez/dev/airflow_home/dags/dags.py
Traceback (most recent call last):
  File "/Users/cchavez/opt/anaconda3/envs/airflow/lib/python3.7/site-packages/airflow/models/dagbag.py", line 243, in process_file
    m = imp.load_source(mod_name, filepath)
  File "/Users/cchavez/opt/anaconda3/envs/airflow/lib/python3.7/imp.py", line 171, in load_source
    module = _load(spec)
  File "<frozen importlib._bootstrap>", line 696, in _load
  File "<frozen importlib._bootstrap>", line 677, in _load_unlocked
  File "<frozen importlib._bootstrap_external>", line 728, in exec_module
  File "<frozen importlib._bootstrap>", line 219, in _call_with_frames_removed
  File "/Users/cchavez/dev/airflow_home/dags/dags.py", line 5, in <module>
    from airflow.operators.postgres_operator import PostgresOperator
  File "/Users/cchavez/opt/anaconda3/envs/airflow/lib/python3.7/site-packages/airflow/operators/postgres_operator.py", line 19, in <module>
    from airflow.hooks.postgres_hook import PostgresHook
  File "/Users/cchavez/opt/anaconda3/envs/airflow/lib/python3.7/site-packages/airflow/hooks/postgres_hook.py", line 21, in <module>
    import psycopg2
ModuleNotFoundError: No module named 'psycopg2'
[2020-04-03 19:55:15,085] {scheduler_job.py:1574} WARNING - No viable dags retrieved from /Users/cchavez/dev/airflow_home/dags/dags.py
[2020-04-03 19:55:15,114] {scheduler_job.py:161} INFO - Processing /Users/cchavez/dev/airflow_home/dags/dags.py took 0.048 seconds
[2020-04-03 19:56:07,198] {scheduler_job.py:153} INFO - Started process (PID=74417) to work on /Users/cchavez/dev/airflow_home/dags/dags.py
[2020-04-03 19:56:07,203] {scheduler_job.py:1560} INFO - Processing file /Users/cchavez/dev/airflow_home/dags/dags.py for tasks to queue
[2020-04-03 19:56:07,204] {logging_mixin.py:112} INFO - [2020-04-03 19:56:07,204] {dagbag.py:403} INFO - Filling up the DagBag from /Users/cchavez/dev/airflow_home/dags/dags.py
[2020-04-03 19:56:07,211] {logging_mixin.py:112} INFO - [2020-04-03 19:56:07,209] {dagbag.py:246} ERROR - Failed to import: /Users/cchavez/dev/airflow_home/dags/dags.py
Traceback (most recent call last):
  File "/Users/cchavez/opt/anaconda3/envs/airflow/lib/python3.7/site-packages/airflow/models/dagbag.py", line 243, in process_file
    m = imp.load_source(mod_name, filepath)
  File "/Users/cchavez/opt/anaconda3/envs/airflow/lib/python3.7/imp.py", line 171, in load_source
    module = _load(spec)
  File "<frozen importlib._bootstrap>", line 696, in _load
  File "<frozen importlib._bootstrap>", line 677, in _load_unlocked
  File "<frozen importlib._bootstrap_external>", line 728, in exec_module
  File "<frozen importlib._bootstrap>", line 219, in _call_with_frames_removed
  File "/Users/cchavez/dev/airflow_home/dags/dags.py", line 5, in <module>
    from airflow.operators.postgres_operator import PostgresOperator
  File "/Users/cchavez/opt/anaconda3/envs/airflow/lib/python3.7/site-packages/airflow/operators/postgres_operator.py", line 19, in <module>
    from airflow.hooks.postgres_hook import PostgresHook
  File "/Users/cchavez/opt/anaconda3/envs/airflow/lib/python3.7/site-packages/airflow/hooks/postgres_hook.py", line 21, in <module>
    import psycopg2
ModuleNotFoundError: No module named 'psycopg2'
[2020-04-03 19:56:07,211] {scheduler_job.py:1574} WARNING - No viable dags retrieved from /Users/cchavez/dev/airflow_home/dags/dags.py
[2020-04-03 19:56:07,221] {scheduler_job.py:161} INFO - Processing /Users/cchavez/dev/airflow_home/dags/dags.py took 0.024 seconds
[2020-04-03 19:56:59,333] {scheduler_job.py:153} INFO - Started process (PID=74459) to work on /Users/cchavez/dev/airflow_home/dags/dags.py
[2020-04-03 19:56:59,339] {scheduler_job.py:1560} INFO - Processing file /Users/cchavez/dev/airflow_home/dags/dags.py for tasks to queue
[2020-04-03 19:56:59,340] {logging_mixin.py:112} INFO - [2020-04-03 19:56:59,339] {dagbag.py:403} INFO - Filling up the DagBag from /Users/cchavez/dev/airflow_home/dags/dags.py
[2020-04-03 19:56:59,346] {logging_mixin.py:112} INFO - [2020-04-03 19:56:59,345] {dagbag.py:246} ERROR - Failed to import: /Users/cchavez/dev/airflow_home/dags/dags.py
Traceback (most recent call last):
  File "/Users/cchavez/opt/anaconda3/envs/airflow/lib/python3.7/site-packages/airflow/models/dagbag.py", line 243, in process_file
    m = imp.load_source(mod_name, filepath)
  File "/Users/cchavez/opt/anaconda3/envs/airflow/lib/python3.7/imp.py", line 171, in load_source
    module = _load(spec)
  File "<frozen importlib._bootstrap>", line 696, in _load
  File "<frozen importlib._bootstrap>", line 677, in _load_unlocked
  File "<frozen importlib._bootstrap_external>", line 728, in exec_module
  File "<frozen importlib._bootstrap>", line 219, in _call_with_frames_removed
  File "/Users/cchavez/dev/airflow_home/dags/dags.py", line 5, in <module>
    from airflow.operators.postgres_operator import PostgresOperator
  File "/Users/cchavez/opt/anaconda3/envs/airflow/lib/python3.7/site-packages/airflow/operators/postgres_operator.py", line 19, in <module>
    from airflow.hooks.postgres_hook import PostgresHook
  File "/Users/cchavez/opt/anaconda3/envs/airflow/lib/python3.7/site-packages/airflow/hooks/postgres_hook.py", line 21, in <module>
    import psycopg2
ModuleNotFoundError: No module named 'psycopg2'
[2020-04-03 19:56:59,346] {scheduler_job.py:1574} WARNING - No viable dags retrieved from /Users/cchavez/dev/airflow_home/dags/dags.py
[2020-04-03 19:56:59,362] {scheduler_job.py:161} INFO - Processing /Users/cchavez/dev/airflow_home/dags/dags.py took 0.029 seconds
[2020-04-03 19:57:51,486] {scheduler_job.py:153} INFO - Started process (PID=74489) to work on /Users/cchavez/dev/airflow_home/dags/dags.py
[2020-04-03 19:57:51,493] {scheduler_job.py:1560} INFO - Processing file /Users/cchavez/dev/airflow_home/dags/dags.py for tasks to queue
[2020-04-03 19:57:51,493] {logging_mixin.py:112} INFO - [2020-04-03 19:57:51,493] {dagbag.py:403} INFO - Filling up the DagBag from /Users/cchavez/dev/airflow_home/dags/dags.py
[2020-04-03 19:57:51,500] {logging_mixin.py:112} INFO - [2020-04-03 19:57:51,498] {dagbag.py:246} ERROR - Failed to import: /Users/cchavez/dev/airflow_home/dags/dags.py
Traceback (most recent call last):
  File "/Users/cchavez/opt/anaconda3/envs/airflow/lib/python3.7/site-packages/airflow/models/dagbag.py", line 243, in process_file
    m = imp.load_source(mod_name, filepath)
  File "/Users/cchavez/opt/anaconda3/envs/airflow/lib/python3.7/imp.py", line 171, in load_source
    module = _load(spec)
  File "<frozen importlib._bootstrap>", line 696, in _load
  File "<frozen importlib._bootstrap>", line 677, in _load_unlocked
  File "<frozen importlib._bootstrap_external>", line 728, in exec_module
  File "<frozen importlib._bootstrap>", line 219, in _call_with_frames_removed
  File "/Users/cchavez/dev/airflow_home/dags/dags.py", line 5, in <module>
    from airflow.operators.postgres_operator import PostgresOperator
  File "/Users/cchavez/opt/anaconda3/envs/airflow/lib/python3.7/site-packages/airflow/operators/postgres_operator.py", line 19, in <module>
    from airflow.hooks.postgres_hook import PostgresHook
  File "/Users/cchavez/opt/anaconda3/envs/airflow/lib/python3.7/site-packages/airflow/hooks/postgres_hook.py", line 21, in <module>
    import psycopg2
ModuleNotFoundError: No module named 'psycopg2'
[2020-04-03 19:57:51,500] {scheduler_job.py:1574} WARNING - No viable dags retrieved from /Users/cchavez/dev/airflow_home/dags/dags.py
[2020-04-03 19:57:51,515] {scheduler_job.py:161} INFO - Processing /Users/cchavez/dev/airflow_home/dags/dags.py took 0.028 seconds
[2020-04-03 19:58:43,630] {scheduler_job.py:153} INFO - Started process (PID=74518) to work on /Users/cchavez/dev/airflow_home/dags/dags.py
[2020-04-03 19:58:43,635] {scheduler_job.py:1560} INFO - Processing file /Users/cchavez/dev/airflow_home/dags/dags.py for tasks to queue
[2020-04-03 19:58:43,636] {logging_mixin.py:112} INFO - [2020-04-03 19:58:43,636] {dagbag.py:403} INFO - Filling up the DagBag from /Users/cchavez/dev/airflow_home/dags/dags.py
[2020-04-03 19:58:43,642] {logging_mixin.py:112} INFO - [2020-04-03 19:58:43,641] {dagbag.py:246} ERROR - Failed to import: /Users/cchavez/dev/airflow_home/dags/dags.py
Traceback (most recent call last):
  File "/Users/cchavez/opt/anaconda3/envs/airflow/lib/python3.7/site-packages/airflow/models/dagbag.py", line 243, in process_file
    m = imp.load_source(mod_name, filepath)
  File "/Users/cchavez/opt/anaconda3/envs/airflow/lib/python3.7/imp.py", line 171, in load_source
    module = _load(spec)
  File "<frozen importlib._bootstrap>", line 696, in _load
  File "<frozen importlib._bootstrap>", line 677, in _load_unlocked
  File "<frozen importlib._bootstrap_external>", line 728, in exec_module
  File "<frozen importlib._bootstrap>", line 219, in _call_with_frames_removed
  File "/Users/cchavez/dev/airflow_home/dags/dags.py", line 5, in <module>
    from airflow.operators.postgres_operator import PostgresOperator
  File "/Users/cchavez/opt/anaconda3/envs/airflow/lib/python3.7/site-packages/airflow/operators/postgres_operator.py", line 19, in <module>
    from airflow.hooks.postgres_hook import PostgresHook
  File "/Users/cchavez/opt/anaconda3/envs/airflow/lib/python3.7/site-packages/airflow/hooks/postgres_hook.py", line 21, in <module>
    import psycopg2
ModuleNotFoundError: No module named 'psycopg2'
[2020-04-03 19:58:43,642] {scheduler_job.py:1574} WARNING - No viable dags retrieved from /Users/cchavez/dev/airflow_home/dags/dags.py
[2020-04-03 19:58:43,652] {scheduler_job.py:161} INFO - Processing /Users/cchavez/dev/airflow_home/dags/dags.py took 0.023 seconds
[2020-04-03 19:59:35,783] {scheduler_job.py:153} INFO - Started process (PID=74550) to work on /Users/cchavez/dev/airflow_home/dags/dags.py
[2020-04-03 19:59:35,789] {scheduler_job.py:1560} INFO - Processing file /Users/cchavez/dev/airflow_home/dags/dags.py for tasks to queue
[2020-04-03 19:59:35,790] {logging_mixin.py:112} INFO - [2020-04-03 19:59:35,790] {dagbag.py:403} INFO - Filling up the DagBag from /Users/cchavez/dev/airflow_home/dags/dags.py
[2020-04-03 19:59:35,796] {logging_mixin.py:112} INFO - [2020-04-03 19:59:35,795] {dagbag.py:246} ERROR - Failed to import: /Users/cchavez/dev/airflow_home/dags/dags.py
Traceback (most recent call last):
  File "/Users/cchavez/opt/anaconda3/envs/airflow/lib/python3.7/site-packages/airflow/models/dagbag.py", line 243, in process_file
    m = imp.load_source(mod_name, filepath)
  File "/Users/cchavez/opt/anaconda3/envs/airflow/lib/python3.7/imp.py", line 171, in load_source
    module = _load(spec)
  File "<frozen importlib._bootstrap>", line 696, in _load
  File "<frozen importlib._bootstrap>", line 677, in _load_unlocked
  File "<frozen importlib._bootstrap_external>", line 728, in exec_module
  File "<frozen importlib._bootstrap>", line 219, in _call_with_frames_removed
  File "/Users/cchavez/dev/airflow_home/dags/dags.py", line 5, in <module>
    from airflow.operators.postgres_operator import PostgresOperator
  File "/Users/cchavez/opt/anaconda3/envs/airflow/lib/python3.7/site-packages/airflow/operators/postgres_operator.py", line 19, in <module>
    from airflow.hooks.postgres_hook import PostgresHook
  File "/Users/cchavez/opt/anaconda3/envs/airflow/lib/python3.7/site-packages/airflow/hooks/postgres_hook.py", line 21, in <module>
    import psycopg2
ModuleNotFoundError: No module named 'psycopg2'
[2020-04-03 19:59:35,797] {scheduler_job.py:1574} WARNING - No viable dags retrieved from /Users/cchavez/dev/airflow_home/dags/dags.py
[2020-04-03 19:59:35,812] {scheduler_job.py:161} INFO - Processing /Users/cchavez/dev/airflow_home/dags/dags.py took 0.029 seconds
