[2020-04-07 20:00:13,858] {taskinstance.py:655} INFO - Dependencies all met for <TaskInstance: atp_data07.run_kaggle_api 2020-04-07T00:00:00+00:00 [queued]>
[2020-04-07 20:00:13,865] {taskinstance.py:655} INFO - Dependencies all met for <TaskInstance: atp_data07.run_kaggle_api 2020-04-07T00:00:00+00:00 [queued]>
[2020-04-07 20:00:13,865] {taskinstance.py:866} INFO - 
--------------------------------------------------------------------------------
[2020-04-07 20:00:13,865] {taskinstance.py:867} INFO - Starting attempt 1 of 2
[2020-04-07 20:00:13,865] {taskinstance.py:868} INFO - 
--------------------------------------------------------------------------------
[2020-04-07 20:00:13,871] {taskinstance.py:887} INFO - Executing <Task(BashOperator): run_kaggle_api> on 2020-04-07T00:00:00+00:00
[2020-04-07 20:00:13,873] {standard_task_runner.py:53} INFO - Started process 69121 to run task
[2020-04-07 20:00:13,926] {logging_mixin.py:112} INFO - Running %s on host %s <TaskInstance: atp_data07.run_kaggle_api 2020-04-07T00:00:00+00:00 [running]> 1.0.0.0.0.0.0.0.0.0.0.0.0.0.0.0.0.0.0.0.0.0.0.0.0.0.0.0.0.0.0.0.ip6.arpa
[2020-04-07 20:00:13,941] {bash_operator.py:82} INFO - Tmp dir root location: 
 /var/folders/p0/vtyq_62d7zsg8glxyfbgkq9m0000gp/T
[2020-04-07 20:00:13,942] {bash_operator.py:105} INFO - Temporary script location: /var/folders/p0/vtyq_62d7zsg8glxyfbgkq9m0000gp/T/airflowtmp7o7x32qd/run_kaggle_api2ck317ht
[2020-04-07 20:00:13,943] {bash_operator.py:115} INFO - Running command: kaggle competitions download -c house-prices-advanced-regression-techniques -p /Users/cchavez/dev/AirflowProject/house-prices-advanced-regression-techniques
[2020-04-07 20:00:13,951] {bash_operator.py:122} INFO - Output:
[2020-04-07 20:00:15,086] {bash_operator.py:126} INFO - Warning: Your Kaggle API key is readable by other users on this system! To fix this, you can run 'chmod 600 /Users/cchavez/.kaggle/kaggle.json'
[2020-04-07 20:00:15,086] {bash_operator.py:126} INFO - house-prices-advanced-regression-techniques.zip: Skipping, found more recently modified local copy (use --force to force download)
[2020-04-07 20:00:15,246] {bash_operator.py:130} INFO - Command exited with return code 0
[2020-04-07 20:00:15,254] {taskinstance.py:1048} INFO - Marking task as SUCCESS.dag_id=atp_data07, task_id=run_kaggle_api, execution_date=20200407T000000, start_date=20200408T000013, end_date=20200408T000015
[2020-04-07 20:00:23,815] {logging_mixin.py:112} INFO - [2020-04-07 20:00:23,814] {local_task_job.py:103} INFO - Task exited with return code 0
[2020-04-07 21:30:42,149] {taskinstance.py:655} INFO - Dependencies all met for <TaskInstance: atp_data07.run_kaggle_api 2020-04-07T00:00:00+00:00 [queued]>
[2020-04-07 21:30:42,156] {taskinstance.py:655} INFO - Dependencies all met for <TaskInstance: atp_data07.run_kaggle_api 2020-04-07T00:00:00+00:00 [queued]>
[2020-04-07 21:30:42,156] {taskinstance.py:866} INFO - 
--------------------------------------------------------------------------------
[2020-04-07 21:30:42,156] {taskinstance.py:867} INFO - Starting attempt 1 of 2
[2020-04-07 21:30:42,156] {taskinstance.py:868} INFO - 
--------------------------------------------------------------------------------
[2020-04-07 21:30:42,161] {taskinstance.py:887} INFO - Executing <Task(BashOperator): run_kaggle_api> on 2020-04-07T00:00:00+00:00
[2020-04-07 21:30:42,163] {standard_task_runner.py:53} INFO - Started process 72097 to run task
[2020-04-07 21:30:42,209] {logging_mixin.py:112} INFO - Running %s on host %s <TaskInstance: atp_data07.run_kaggle_api 2020-04-07T00:00:00+00:00 [running]> 1.0.0.0.0.0.0.0.0.0.0.0.0.0.0.0.0.0.0.0.0.0.0.0.0.0.0.0.0.0.0.0.ip6.arpa
[2020-04-07 21:30:42,222] {bash_operator.py:82} INFO - Tmp dir root location: 
 /var/folders/p0/vtyq_62d7zsg8glxyfbgkq9m0000gp/T
[2020-04-07 21:30:42,223] {bash_operator.py:105} INFO - Temporary script location: /var/folders/p0/vtyq_62d7zsg8glxyfbgkq9m0000gp/T/airflowtmpitltjmng/run_kaggle_apifzcpoh63
[2020-04-07 21:30:42,223] {bash_operator.py:115} INFO - Running command: kaggle competitions download -c house-prices-advanced-regression-techniques -p /Users/cchavez/dev/AirflowProject/house-prices-advanced-regression-techniques
[2020-04-07 21:30:42,228] {bash_operator.py:122} INFO - Output:
[2020-04-07 21:30:42,766] {bash_operator.py:126} INFO - Warning: Your Kaggle API key is readable by other users on this system! To fix this, you can run 'chmod 600 /Users/cchavez/.kaggle/kaggle.json'
[2020-04-07 21:30:42,767] {bash_operator.py:126} INFO - house-prices-advanced-regression-techniques.zip: Skipping, found more recently modified local copy (use --force to force download)
[2020-04-07 21:30:42,950] {bash_operator.py:130} INFO - Command exited with return code 0
[2020-04-07 21:30:42,957] {taskinstance.py:1048} INFO - Marking task as SUCCESS.dag_id=atp_data07, task_id=run_kaggle_api, execution_date=20200407T000000, start_date=20200408T013042, end_date=20200408T013042
[2020-04-07 21:30:52,114] {logging_mixin.py:112} INFO - [2020-04-07 21:30:52,113] {local_task_job.py:103} INFO - Task exited with return code 0
[2020-04-07 22:43:14,661] {taskinstance.py:655} INFO - Dependencies all met for <TaskInstance: atp_data07.run_kaggle_api 2020-04-07T00:00:00+00:00 [queued]>
[2020-04-07 22:43:14,670] {taskinstance.py:655} INFO - Dependencies all met for <TaskInstance: atp_data07.run_kaggle_api 2020-04-07T00:00:00+00:00 [queued]>
[2020-04-07 22:43:14,670] {taskinstance.py:866} INFO - 
--------------------------------------------------------------------------------
[2020-04-07 22:43:14,671] {taskinstance.py:867} INFO - Starting attempt 1 of 2
[2020-04-07 22:43:14,671] {taskinstance.py:868} INFO - 
--------------------------------------------------------------------------------
[2020-04-07 22:43:14,678] {taskinstance.py:887} INFO - Executing <Task(BashOperator): run_kaggle_api> on 2020-04-07T00:00:00+00:00
[2020-04-07 22:43:14,680] {standard_task_runner.py:53} INFO - Started process 74747 to run task
[2020-04-07 22:43:14,735] {logging_mixin.py:112} INFO - Running %s on host %s <TaskInstance: atp_data07.run_kaggle_api 2020-04-07T00:00:00+00:00 [running]> 1.0.0.0.0.0.0.0.0.0.0.0.0.0.0.0.0.0.0.0.0.0.0.0.0.0.0.0.0.0.0.0.ip6.arpa
[2020-04-07 22:43:14,754] {bash_operator.py:82} INFO - Tmp dir root location: 
 /var/folders/p0/vtyq_62d7zsg8glxyfbgkq9m0000gp/T
[2020-04-07 22:43:14,756] {bash_operator.py:105} INFO - Temporary script location: /var/folders/p0/vtyq_62d7zsg8glxyfbgkq9m0000gp/T/airflowtmpw2ha0ukm/run_kaggle_api8u5m36dh
[2020-04-07 22:43:14,756] {bash_operator.py:115} INFO - Running command: kaggle competitions download -c house-prices-advanced-regression-techniques -p /Users/cchavez/dev/AirflowProject/house-prices-advanced-regression-techniques
[2020-04-07 22:43:14,762] {bash_operator.py:122} INFO - Output:
[2020-04-07 22:43:15,608] {bash_operator.py:126} INFO - Warning: Your Kaggle API key is readable by other users on this system! To fix this, you can run 'chmod 600 /Users/cchavez/.kaggle/kaggle.json'
[2020-04-07 22:43:15,611] {bash_operator.py:126} INFO - house-prices-advanced-regression-techniques.zip: Skipping, found more recently modified local copy (use --force to force download)
[2020-04-07 22:43:15,748] {bash_operator.py:130} INFO - Command exited with return code 0
[2020-04-07 22:43:15,759] {taskinstance.py:1048} INFO - Marking task as SUCCESS.dag_id=atp_data07, task_id=run_kaggle_api, execution_date=20200407T000000, start_date=20200408T024314, end_date=20200408T024315
[2020-04-07 22:43:24,615] {logging_mixin.py:112} INFO - [2020-04-07 22:43:24,614] {local_task_job.py:103} INFO - Task exited with return code 0
[2020-04-07 23:28:30,962] {taskinstance.py:655} INFO - Dependencies all met for <TaskInstance: atp_data07.run_kaggle_api 2020-04-07T00:00:00+00:00 [queued]>
[2020-04-07 23:28:30,969] {taskinstance.py:655} INFO - Dependencies all met for <TaskInstance: atp_data07.run_kaggle_api 2020-04-07T00:00:00+00:00 [queued]>
[2020-04-07 23:28:30,969] {taskinstance.py:866} INFO - 
--------------------------------------------------------------------------------
[2020-04-07 23:28:30,969] {taskinstance.py:867} INFO - Starting attempt 1 of 1
[2020-04-07 23:28:30,969] {taskinstance.py:868} INFO - 
--------------------------------------------------------------------------------
[2020-04-07 23:28:30,976] {taskinstance.py:887} INFO - Executing <Task(BashOperator): run_kaggle_api> on 2020-04-07T00:00:00+00:00
[2020-04-07 23:28:30,978] {standard_task_runner.py:53} INFO - Started process 76376 to run task
[2020-04-07 23:28:31,029] {logging_mixin.py:112} INFO - Running %s on host %s <TaskInstance: atp_data07.run_kaggle_api 2020-04-07T00:00:00+00:00 [running]> 1.0.0.0.0.0.0.0.0.0.0.0.0.0.0.0.0.0.0.0.0.0.0.0.0.0.0.0.0.0.0.0.ip6.arpa
[2020-04-07 23:28:31,044] {bash_operator.py:82} INFO - Tmp dir root location: 
 /var/folders/p0/vtyq_62d7zsg8glxyfbgkq9m0000gp/T
[2020-04-07 23:28:31,046] {bash_operator.py:105} INFO - Temporary script location: /var/folders/p0/vtyq_62d7zsg8glxyfbgkq9m0000gp/T/airflowtmp508uheil/run_kaggle_apir1laq07z
[2020-04-07 23:28:31,046] {bash_operator.py:115} INFO - Running command: kaggle competitions download -c house-prices-advanced-regression-techniques -p /Users/cchavez/dev/AirflowProject/house-prices-advanced-regression-techniques
[2020-04-07 23:28:31,059] {bash_operator.py:122} INFO - Output:
[2020-04-07 23:28:31,634] {bash_operator.py:126} INFO - Warning: Your Kaggle API key is readable by other users on this system! To fix this, you can run 'chmod 600 /Users/cchavez/.kaggle/kaggle.json'
[2020-04-07 23:28:31,635] {bash_operator.py:126} INFO - house-prices-advanced-regression-techniques.zip: Skipping, found more recently modified local copy (use --force to force download)
[2020-04-07 23:28:31,814] {bash_operator.py:130} INFO - Command exited with return code 0
[2020-04-07 23:28:31,820] {taskinstance.py:1048} INFO - Marking task as SUCCESS.dag_id=atp_data07, task_id=run_kaggle_api, execution_date=20200407T000000, start_date=20200408T032830, end_date=20200408T032831
[2020-04-07 23:28:40,927] {logging_mixin.py:112} INFO - [2020-04-07 23:28:40,926] {local_task_job.py:103} INFO - Task exited with return code 0
[2020-04-08 00:07:22,747] {taskinstance.py:655} INFO - Dependencies all met for <TaskInstance: atp_data07.run_kaggle_api 2020-04-07T00:00:00+00:00 [queued]>
[2020-04-08 00:07:22,755] {taskinstance.py:655} INFO - Dependencies all met for <TaskInstance: atp_data07.run_kaggle_api 2020-04-07T00:00:00+00:00 [queued]>
[2020-04-08 00:07:22,755] {taskinstance.py:866} INFO - 
--------------------------------------------------------------------------------
[2020-04-08 00:07:22,755] {taskinstance.py:867} INFO - Starting attempt 1 of 1
[2020-04-08 00:07:22,755] {taskinstance.py:868} INFO - 
--------------------------------------------------------------------------------
[2020-04-08 00:07:22,761] {taskinstance.py:887} INFO - Executing <Task(BashOperator): run_kaggle_api> on 2020-04-07T00:00:00+00:00
[2020-04-08 00:07:22,763] {standard_task_runner.py:53} INFO - Started process 77893 to run task
[2020-04-08 00:07:22,809] {logging_mixin.py:112} INFO - Running %s on host %s <TaskInstance: atp_data07.run_kaggle_api 2020-04-07T00:00:00+00:00 [running]> 1.0.0.0.0.0.0.0.0.0.0.0.0.0.0.0.0.0.0.0.0.0.0.0.0.0.0.0.0.0.0.0.ip6.arpa
[2020-04-08 00:07:22,824] {bash_operator.py:82} INFO - Tmp dir root location: 
 /var/folders/p0/vtyq_62d7zsg8glxyfbgkq9m0000gp/T
[2020-04-08 00:07:22,825] {bash_operator.py:105} INFO - Temporary script location: /var/folders/p0/vtyq_62d7zsg8glxyfbgkq9m0000gp/T/airflowtmpxb62zt6t/run_kaggle_apid6gsj_r5
[2020-04-08 00:07:22,825] {bash_operator.py:115} INFO - Running command: kaggle competitions download -c house-prices-advanced-regression-techniques -p /Users/cchavez/dev/AirflowProject/house-prices-advanced-regression-techniques
[2020-04-08 00:07:22,830] {bash_operator.py:122} INFO - Output:
[2020-04-08 00:07:23,303] {bash_operator.py:126} INFO - Warning: Your Kaggle API key is readable by other users on this system! To fix this, you can run 'chmod 600 /Users/cchavez/.kaggle/kaggle.json'
[2020-04-08 00:07:23,304] {bash_operator.py:126} INFO - house-prices-advanced-regression-techniques.zip: Skipping, found more recently modified local copy (use --force to force download)
[2020-04-08 00:07:23,528] {bash_operator.py:130} INFO - Command exited with return code 0
[2020-04-08 00:07:23,539] {taskinstance.py:1048} INFO - Marking task as SUCCESS.dag_id=atp_data07, task_id=run_kaggle_api, execution_date=20200407T000000, start_date=20200408T040722, end_date=20200408T040723
[2020-04-08 00:07:32,705] {logging_mixin.py:112} INFO - [2020-04-08 00:07:32,704] {local_task_job.py:103} INFO - Task exited with return code 0
[2020-04-08 00:31:26,435] {taskinstance.py:655} INFO - Dependencies all met for <TaskInstance: atp_data07.run_kaggle_api 2020-04-07T00:00:00+00:00 [queued]>
[2020-04-08 00:31:26,441] {taskinstance.py:655} INFO - Dependencies all met for <TaskInstance: atp_data07.run_kaggle_api 2020-04-07T00:00:00+00:00 [queued]>
[2020-04-08 00:31:26,441] {taskinstance.py:866} INFO - 
--------------------------------------------------------------------------------
[2020-04-08 00:31:26,441] {taskinstance.py:867} INFO - Starting attempt 1 of 1
[2020-04-08 00:31:26,441] {taskinstance.py:868} INFO - 
--------------------------------------------------------------------------------
[2020-04-08 00:31:26,447] {taskinstance.py:887} INFO - Executing <Task(BashOperator): run_kaggle_api> on 2020-04-07T00:00:00+00:00
[2020-04-08 00:31:26,448] {standard_task_runner.py:53} INFO - Started process 78740 to run task
[2020-04-08 00:31:26,496] {logging_mixin.py:112} INFO - Running %s on host %s <TaskInstance: atp_data07.run_kaggle_api 2020-04-07T00:00:00+00:00 [running]> 1.0.0.0.0.0.0.0.0.0.0.0.0.0.0.0.0.0.0.0.0.0.0.0.0.0.0.0.0.0.0.0.ip6.arpa
[2020-04-08 00:31:26,510] {bash_operator.py:82} INFO - Tmp dir root location: 
 /var/folders/p0/vtyq_62d7zsg8glxyfbgkq9m0000gp/T
[2020-04-08 00:31:26,511] {bash_operator.py:105} INFO - Temporary script location: /var/folders/p0/vtyq_62d7zsg8glxyfbgkq9m0000gp/T/airflowtmposdgookc/run_kaggle_apikhe1h383
[2020-04-08 00:31:26,511] {bash_operator.py:115} INFO - Running command: kaggle competitions download -c house-prices-advanced-regression-techniques -p /Users/cchavez/dev/AirflowProject/house-prices-advanced-regression-techniques
[2020-04-08 00:31:26,516] {bash_operator.py:122} INFO - Output:
[2020-04-08 00:31:26,998] {bash_operator.py:126} INFO - Warning: Your Kaggle API key is readable by other users on this system! To fix this, you can run 'chmod 600 /Users/cchavez/.kaggle/kaggle.json'
[2020-04-08 00:31:26,998] {bash_operator.py:126} INFO - house-prices-advanced-regression-techniques.zip: Skipping, found more recently modified local copy (use --force to force download)
[2020-04-08 00:31:27,033] {bash_operator.py:130} INFO - Command exited with return code 0
[2020-04-08 00:31:27,040] {taskinstance.py:1048} INFO - Marking task as SUCCESS.dag_id=atp_data07, task_id=run_kaggle_api, execution_date=20200407T000000, start_date=20200408T043126, end_date=20200408T043127
[2020-04-08 00:31:36,395] {logging_mixin.py:112} INFO - [2020-04-08 00:31:36,394] {local_task_job.py:103} INFO - Task exited with return code 0
[2020-04-08 00:39:53,724] {taskinstance.py:655} INFO - Dependencies all met for <TaskInstance: atp_data07.run_kaggle_api 2020-04-07T00:00:00+00:00 [queued]>
[2020-04-08 00:39:53,731] {taskinstance.py:655} INFO - Dependencies all met for <TaskInstance: atp_data07.run_kaggle_api 2020-04-07T00:00:00+00:00 [queued]>
[2020-04-08 00:39:53,731] {taskinstance.py:866} INFO - 
--------------------------------------------------------------------------------
[2020-04-08 00:39:53,731] {taskinstance.py:867} INFO - Starting attempt 1 of 1
[2020-04-08 00:39:53,731] {taskinstance.py:868} INFO - 
--------------------------------------------------------------------------------
[2020-04-08 00:39:53,736] {taskinstance.py:887} INFO - Executing <Task(BashOperator): run_kaggle_api> on 2020-04-07T00:00:00+00:00
[2020-04-08 00:39:53,738] {standard_task_runner.py:53} INFO - Started process 79032 to run task
[2020-04-08 00:39:53,790] {logging_mixin.py:112} INFO - Running %s on host %s <TaskInstance: atp_data07.run_kaggle_api 2020-04-07T00:00:00+00:00 [running]> 1.0.0.0.0.0.0.0.0.0.0.0.0.0.0.0.0.0.0.0.0.0.0.0.0.0.0.0.0.0.0.0.ip6.arpa
[2020-04-08 00:39:53,806] {bash_operator.py:82} INFO - Tmp dir root location: 
 /var/folders/p0/vtyq_62d7zsg8glxyfbgkq9m0000gp/T
[2020-04-08 00:39:53,808] {bash_operator.py:105} INFO - Temporary script location: /var/folders/p0/vtyq_62d7zsg8glxyfbgkq9m0000gp/T/airflowtmp7x1t27rc/run_kaggle_apik5mps1it
[2020-04-08 00:39:53,808] {bash_operator.py:115} INFO - Running command: kaggle competitions download -c house-prices-advanced-regression-techniques -p /Users/cchavez/dev/AirflowProject/house-prices-advanced-regression-techniques
[2020-04-08 00:39:53,814] {bash_operator.py:122} INFO - Output:
[2020-04-08 00:39:54,700] {bash_operator.py:126} INFO - Warning: Your Kaggle API key is readable by other users on this system! To fix this, you can run 'chmod 600 /Users/cchavez/.kaggle/kaggle.json'
[2020-04-08 00:39:54,700] {bash_operator.py:126} INFO - house-prices-advanced-regression-techniques.zip: Skipping, found more recently modified local copy (use --force to force download)
[2020-04-08 00:39:54,857] {bash_operator.py:130} INFO - Command exited with return code 0
[2020-04-08 00:39:54,863] {taskinstance.py:1048} INFO - Marking task as SUCCESS.dag_id=atp_data07, task_id=run_kaggle_api, execution_date=20200407T000000, start_date=20200408T043953, end_date=20200408T043954
[2020-04-08 00:40:03,687] {logging_mixin.py:112} INFO - [2020-04-08 00:40:03,686] {local_task_job.py:103} INFO - Task exited with return code 0
[2020-04-08 00:51:08,866] {taskinstance.py:655} INFO - Dependencies all met for <TaskInstance: atp_data07.run_kaggle_api 2020-04-07T00:00:00+00:00 [queued]>
[2020-04-08 00:51:08,873] {taskinstance.py:655} INFO - Dependencies all met for <TaskInstance: atp_data07.run_kaggle_api 2020-04-07T00:00:00+00:00 [queued]>
[2020-04-08 00:51:08,873] {taskinstance.py:866} INFO - 
--------------------------------------------------------------------------------
[2020-04-08 00:51:08,873] {taskinstance.py:867} INFO - Starting attempt 1 of 1
[2020-04-08 00:51:08,873] {taskinstance.py:868} INFO - 
--------------------------------------------------------------------------------
[2020-04-08 00:51:08,879] {taskinstance.py:887} INFO - Executing <Task(BashOperator): run_kaggle_api> on 2020-04-07T00:00:00+00:00
[2020-04-08 00:51:08,881] {standard_task_runner.py:53} INFO - Started process 79448 to run task
[2020-04-08 00:51:08,927] {logging_mixin.py:112} INFO - Running %s on host %s <TaskInstance: atp_data07.run_kaggle_api 2020-04-07T00:00:00+00:00 [running]> zipcodes-MacBook-Pro-4.local
[2020-04-08 00:51:08,941] {bash_operator.py:82} INFO - Tmp dir root location: 
 /var/folders/p0/vtyq_62d7zsg8glxyfbgkq9m0000gp/T
[2020-04-08 00:51:08,943] {bash_operator.py:105} INFO - Temporary script location: /var/folders/p0/vtyq_62d7zsg8glxyfbgkq9m0000gp/T/airflowtmpii4xyv1c/run_kaggle_apiwyibi3zc
[2020-04-08 00:51:08,943] {bash_operator.py:115} INFO - Running command: kaggle competitions download -c house-prices-advanced-regression-techniques -p /Users/cchavez/dev/AirflowProject/house-prices-advanced-regression-techniques
[2020-04-08 00:51:08,948] {bash_operator.py:122} INFO - Output:
[2020-04-08 00:51:09,407] {bash_operator.py:126} INFO - Warning: Your Kaggle API key is readable by other users on this system! To fix this, you can run 'chmod 600 /Users/cchavez/.kaggle/kaggle.json'
[2020-04-08 00:51:09,408] {bash_operator.py:126} INFO - house-prices-advanced-regression-techniques.zip: Skipping, found more recently modified local copy (use --force to force download)
[2020-04-08 00:51:09,538] {bash_operator.py:130} INFO - Command exited with return code 0
[2020-04-08 00:51:09,549] {taskinstance.py:1048} INFO - Marking task as SUCCESS.dag_id=atp_data07, task_id=run_kaggle_api, execution_date=20200407T000000, start_date=20200408T045108, end_date=20200408T045109
[2020-04-08 00:51:18,832] {logging_mixin.py:112} INFO - [2020-04-08 00:51:18,831] {local_task_job.py:103} INFO - Task exited with return code 0
[2020-04-08 00:59:47,909] {taskinstance.py:655} INFO - Dependencies all met for <TaskInstance: atp_data07.run_kaggle_api 2020-04-07T00:00:00+00:00 [queued]>
[2020-04-08 00:59:47,917] {taskinstance.py:655} INFO - Dependencies all met for <TaskInstance: atp_data07.run_kaggle_api 2020-04-07T00:00:00+00:00 [queued]>
[2020-04-08 00:59:47,917] {taskinstance.py:866} INFO - 
--------------------------------------------------------------------------------
[2020-04-08 00:59:47,917] {taskinstance.py:867} INFO - Starting attempt 1 of 1
[2020-04-08 00:59:47,917] {taskinstance.py:868} INFO - 
--------------------------------------------------------------------------------
[2020-04-08 00:59:47,923] {taskinstance.py:887} INFO - Executing <Task(BashOperator): run_kaggle_api> on 2020-04-07T00:00:00+00:00
[2020-04-08 00:59:47,925] {standard_task_runner.py:53} INFO - Started process 79756 to run task
[2020-04-08 00:59:47,984] {logging_mixin.py:112} INFO - Running %s on host %s <TaskInstance: atp_data07.run_kaggle_api 2020-04-07T00:00:00+00:00 [running]> zipcodes-MacBook-Pro-4.local
[2020-04-08 00:59:48,001] {bash_operator.py:82} INFO - Tmp dir root location: 
 /var/folders/p0/vtyq_62d7zsg8glxyfbgkq9m0000gp/T
[2020-04-08 00:59:48,004] {bash_operator.py:105} INFO - Temporary script location: /var/folders/p0/vtyq_62d7zsg8glxyfbgkq9m0000gp/T/airflowtmp4lnkkm1t/run_kaggle_api0696m06j
[2020-04-08 00:59:48,006] {bash_operator.py:115} INFO - Running command: kaggle competitions download -c house-prices-advanced-regression-techniques -p /Users/cchavez/dev/AirflowProject/house-prices-advanced-regression-techniques
[2020-04-08 00:59:48,011] {bash_operator.py:122} INFO - Output:
[2020-04-08 00:59:48,515] {bash_operator.py:126} INFO - Warning: Your Kaggle API key is readable by other users on this system! To fix this, you can run 'chmod 600 /Users/cchavez/.kaggle/kaggle.json'
[2020-04-08 00:59:48,516] {bash_operator.py:126} INFO - house-prices-advanced-regression-techniques.zip: Skipping, found more recently modified local copy (use --force to force download)
[2020-04-08 00:59:48,656] {bash_operator.py:130} INFO - Command exited with return code 0
[2020-04-08 00:59:48,663] {taskinstance.py:1048} INFO - Marking task as SUCCESS.dag_id=atp_data07, task_id=run_kaggle_api, execution_date=20200407T000000, start_date=20200408T045947, end_date=20200408T045948
[2020-04-08 00:59:57,869] {logging_mixin.py:112} INFO - [2020-04-08 00:59:57,868] {local_task_job.py:103} INFO - Task exited with return code 0
[2020-04-08 02:29:12,922] {taskinstance.py:655} INFO - Dependencies all met for <TaskInstance: atp_data07.run_kaggle_api 2020-04-07T00:00:00+00:00 [queued]>
[2020-04-08 02:29:12,933] {taskinstance.py:655} INFO - Dependencies all met for <TaskInstance: atp_data07.run_kaggle_api 2020-04-07T00:00:00+00:00 [queued]>
[2020-04-08 02:29:12,933] {taskinstance.py:866} INFO - 
--------------------------------------------------------------------------------
[2020-04-08 02:29:12,933] {taskinstance.py:867} INFO - Starting attempt 1 of 1
[2020-04-08 02:29:12,933] {taskinstance.py:868} INFO - 
--------------------------------------------------------------------------------
[2020-04-08 02:29:12,939] {taskinstance.py:887} INFO - Executing <Task(BashOperator): run_kaggle_api> on 2020-04-07T00:00:00+00:00
[2020-04-08 02:29:12,942] {standard_task_runner.py:53} INFO - Started process 81332 to run task
[2020-04-08 02:29:12,988] {logging_mixin.py:112} INFO - Running %s on host %s <TaskInstance: atp_data07.run_kaggle_api 2020-04-07T00:00:00+00:00 [running]> 1.0.0.0.0.0.0.0.0.0.0.0.0.0.0.0.0.0.0.0.0.0.0.0.0.0.0.0.0.0.0.0.ip6.arpa
[2020-04-08 02:29:13,003] {bash_operator.py:82} INFO - Tmp dir root location: 
 /var/folders/p0/vtyq_62d7zsg8glxyfbgkq9m0000gp/T
[2020-04-08 02:29:13,004] {bash_operator.py:105} INFO - Temporary script location: /var/folders/p0/vtyq_62d7zsg8glxyfbgkq9m0000gp/T/airflowtmpd1mtazo6/run_kaggle_apin5nayqm9
[2020-04-08 02:29:13,004] {bash_operator.py:115} INFO - Running command: kaggle competitions download -c house-prices-advanced-regression-techniques -p /Users/cchavez/dev/AirflowProject/house-prices-advanced-regression-techniques
[2020-04-08 02:29:13,009] {bash_operator.py:122} INFO - Output:
[2020-04-08 02:29:13,507] {bash_operator.py:126} INFO - Warning: Your Kaggle API key is readable by other users on this system! To fix this, you can run 'chmod 600 /Users/cchavez/.kaggle/kaggle.json'
[2020-04-08 02:29:13,507] {bash_operator.py:126} INFO - house-prices-advanced-regression-techniques.zip: Skipping, found more recently modified local copy (use --force to force download)
[2020-04-08 02:29:13,733] {bash_operator.py:130} INFO - Command exited with return code 0
[2020-04-08 02:29:13,741] {taskinstance.py:1048} INFO - Marking task as SUCCESS.dag_id=atp_data07, task_id=run_kaggle_api, execution_date=20200407T000000, start_date=20200408T062912, end_date=20200408T062913
[2020-04-08 02:29:22,884] {logging_mixin.py:112} INFO - [2020-04-08 02:29:22,883] {local_task_job.py:103} INFO - Task exited with return code 0
