[2020-04-07 08:30:39,891] {taskinstance.py:655} INFO - Dependencies all met for <TaskInstance: atp_data05.get_kaggle_api 2020-04-06T00:00:00+00:00 [queued]>
[2020-04-07 08:30:39,897] {taskinstance.py:655} INFO - Dependencies all met for <TaskInstance: atp_data05.get_kaggle_api 2020-04-06T00:00:00+00:00 [queued]>
[2020-04-07 08:30:39,897] {taskinstance.py:866} INFO - 
--------------------------------------------------------------------------------
[2020-04-07 08:30:39,897] {taskinstance.py:867} INFO - Starting attempt 1 of 2
[2020-04-07 08:30:39,897] {taskinstance.py:868} INFO - 
--------------------------------------------------------------------------------
[2020-04-07 08:30:39,903] {taskinstance.py:887} INFO - Executing <Task(BashOperator): get_kaggle_api> on 2020-04-06T00:00:00+00:00
[2020-04-07 08:30:39,904] {standard_task_runner.py:53} INFO - Started process 50383 to run task
[2020-04-07 08:30:39,950] {logging_mixin.py:112} INFO - Running %s on host %s <TaskInstance: atp_data05.get_kaggle_api 2020-04-06T00:00:00+00:00 [running]> 1.0.0.0.0.0.0.0.0.0.0.0.0.0.0.0.0.0.0.0.0.0.0.0.0.0.0.0.0.0.0.0.ip6.arpa
[2020-04-07 08:30:39,962] {bash_operator.py:82} INFO - Tmp dir root location: 
 /var/folders/p0/vtyq_62d7zsg8glxyfbgkq9m0000gp/T
[2020-04-07 08:30:39,964] {bash_operator.py:105} INFO - Temporary script location: /var/folders/p0/vtyq_62d7zsg8glxyfbgkq9m0000gp/T/airflowtmpg5203na1/get_kaggle_apira_lr5pw
[2020-04-07 08:30:39,964] {bash_operator.py:115} INFO - Running command: kaggle competitions download -c house-prices-advanced-regression-techniques
[2020-04-07 08:30:39,969] {bash_operator.py:122} INFO - Output:
[2020-04-07 08:30:40,992] {bash_operator.py:126} INFO -   0%|          | 0.00/199k [00:00<?, ?B/s]100%|██████████| 199k/199k [00:00<00:00, 1.27MB/s]100%|██████████| 199k/199k [00:00<00:00, 1.27MB/s]
[2020-04-07 08:30:40,993] {bash_operator.py:126} INFO - Warning: Your Kaggle API key is readable by other users on this system! To fix this, you can run 'chmod 600 /Users/cchavez/.kaggle/kaggle.json'
[2020-04-07 08:30:40,993] {bash_operator.py:126} INFO - Downloading house-prices-advanced-regression-techniques.zip to /private/var/folders/p0/vtyq_62d7zsg8glxyfbgkq9m0000gp/T/airflowtmpg5203na1
[2020-04-07 08:30:40,993] {bash_operator.py:126} INFO - 
[2020-04-07 08:30:41,179] {bash_operator.py:130} INFO - Command exited with return code 0
[2020-04-07 08:30:41,185] {taskinstance.py:1048} INFO - Marking task as SUCCESS.dag_id=atp_data05, task_id=get_kaggle_api, execution_date=20200406T000000, start_date=20200407T123039, end_date=20200407T123041
[2020-04-07 08:30:49,886] {logging_mixin.py:112} INFO - [2020-04-07 08:30:49,886] {local_task_job.py:103} INFO - Task exited with return code 0
