[2020-04-07 14:19:46,324] {taskinstance.py:655} INFO - Dependencies all met for <TaskInstance: atp_data06.run_kaggle_api 2020-04-05T00:00:00+00:00 [queued]>
[2020-04-07 14:19:46,330] {taskinstance.py:655} INFO - Dependencies all met for <TaskInstance: atp_data06.run_kaggle_api 2020-04-05T00:00:00+00:00 [queued]>
[2020-04-07 14:19:46,330] {taskinstance.py:866} INFO - 
--------------------------------------------------------------------------------
[2020-04-07 14:19:46,331] {taskinstance.py:867} INFO - Starting attempt 1 of 2
[2020-04-07 14:19:46,331] {taskinstance.py:868} INFO - 
--------------------------------------------------------------------------------
[2020-04-07 14:19:46,337] {taskinstance.py:887} INFO - Executing <Task(BashOperator): run_kaggle_api> on 2020-04-05T00:00:00+00:00
[2020-04-07 14:19:46,339] {standard_task_runner.py:53} INFO - Started process 59649 to run task
[2020-04-07 14:19:46,386] {logging_mixin.py:112} INFO - Running %s on host %s <TaskInstance: atp_data06.run_kaggle_api 2020-04-05T00:00:00+00:00 [running]> 1.0.0.0.0.0.0.0.0.0.0.0.0.0.0.0.0.0.0.0.0.0.0.0.0.0.0.0.0.0.0.0.ip6.arpa
[2020-04-07 14:19:46,400] {bash_operator.py:82} INFO - Tmp dir root location: 
 /var/folders/p0/vtyq_62d7zsg8glxyfbgkq9m0000gp/T
[2020-04-07 14:19:46,402] {bash_operator.py:105} INFO - Temporary script location: /var/folders/p0/vtyq_62d7zsg8glxyfbgkq9m0000gp/T/airflowtmpz6j28d5o/run_kaggle_apirvuu1cp0
[2020-04-07 14:19:46,403] {bash_operator.py:115} INFO - Running command: kaggle competitions download -c house-prices-advanced-regression-techniques -p /Users/cchavez/dev/AirflowProject/house-prices-advanced-regression-techniques
[2020-04-07 14:19:46,408] {bash_operator.py:122} INFO - Output:
[2020-04-07 14:19:47,128] {bash_operator.py:126} INFO -   0%|          | 0.00/199k [00:00<?, ?B/s]100%|██████████| 199k/199k [00:00<00:00, 5.59MB/s]
[2020-04-07 14:19:47,128] {bash_operator.py:126} INFO - Warning: Your Kaggle API key is readable by other users on this system! To fix this, you can run 'chmod 600 /Users/cchavez/.kaggle/kaggle.json'
[2020-04-07 14:19:47,129] {bash_operator.py:126} INFO - Downloading house-prices-advanced-regression-techniques.zip to /Users/cchavez/dev/AirflowProject/house-prices-advanced-regression-techniques
[2020-04-07 14:19:47,129] {bash_operator.py:126} INFO - 
[2020-04-07 14:19:47,247] {bash_operator.py:130} INFO - Command exited with return code 0
[2020-04-07 14:19:47,255] {taskinstance.py:1048} INFO - Marking task as SUCCESS.dag_id=atp_data06, task_id=run_kaggle_api, execution_date=20200405T000000, start_date=20200407T181946, end_date=20200407T181947
[2020-04-07 14:19:56,287] {logging_mixin.py:112} INFO - [2020-04-07 14:19:56,286] {local_task_job.py:103} INFO - Task exited with return code 0
