[2020-04-07 22:45:00,122] {taskinstance.py:655} INFO - Dependencies all met for <TaskInstance: atp_data07.connect_pst 2020-04-06T00:00:00+00:00 [queued]>
[2020-04-07 22:45:00,130] {taskinstance.py:655} INFO - Dependencies all met for <TaskInstance: atp_data07.connect_pst 2020-04-06T00:00:00+00:00 [queued]>
[2020-04-07 22:45:00,130] {taskinstance.py:866} INFO - 
--------------------------------------------------------------------------------
[2020-04-07 22:45:00,130] {taskinstance.py:867} INFO - Starting attempt 1 of 2
[2020-04-07 22:45:00,130] {taskinstance.py:868} INFO - 
--------------------------------------------------------------------------------
[2020-04-07 22:45:00,135] {taskinstance.py:887} INFO - Executing <Task(PythonOperator): connect_pst> on 2020-04-06T00:00:00+00:00
[2020-04-07 22:45:00,138] {standard_task_runner.py:53} INFO - Started process 74812 to run task
[2020-04-07 22:45:00,183] {logging_mixin.py:112} INFO - Running %s on host %s <TaskInstance: atp_data07.connect_pst 2020-04-06T00:00:00+00:00 [running]> 1.0.0.0.0.0.0.0.0.0.0.0.0.0.0.0.0.0.0.0.0.0.0.0.0.0.0.0.0.0.0.0.ip6.arpa
[2020-04-07 22:45:00,203] {python_operator.py:114} INFO - Done. Returned value was: None
[2020-04-07 22:45:00,208] {taskinstance.py:1048} INFO - Marking task as SUCCESS.dag_id=atp_data07, task_id=connect_pst, execution_date=20200406T000000, start_date=20200408T024500, end_date=20200408T024500
[2020-04-07 22:45:10,088] {logging_mixin.py:112} INFO - [2020-04-07 22:45:10,087] {local_task_job.py:103} INFO - Task exited with return code 0
[2020-04-07 23:29:57,433] {taskinstance.py:655} INFO - Dependencies all met for <TaskInstance: atp_data07.connect_pst 2020-04-06T00:00:00+00:00 [queued]>
[2020-04-07 23:29:57,446] {taskinstance.py:655} INFO - Dependencies all met for <TaskInstance: atp_data07.connect_pst 2020-04-06T00:00:00+00:00 [queued]>
[2020-04-07 23:29:57,447] {taskinstance.py:866} INFO - 
--------------------------------------------------------------------------------
[2020-04-07 23:29:57,447] {taskinstance.py:867} INFO - Starting attempt 1 of 1
[2020-04-07 23:29:57,447] {taskinstance.py:868} INFO - 
--------------------------------------------------------------------------------
[2020-04-07 23:29:57,453] {taskinstance.py:887} INFO - Executing <Task(PythonOperator): connect_pst> on 2020-04-06T00:00:00+00:00
[2020-04-07 23:29:57,455] {standard_task_runner.py:53} INFO - Started process 76442 to run task
[2020-04-07 23:29:57,505] {logging_mixin.py:112} INFO - Running %s on host %s <TaskInstance: atp_data07.connect_pst 2020-04-06T00:00:00+00:00 [running]> 1.0.0.0.0.0.0.0.0.0.0.0.0.0.0.0.0.0.0.0.0.0.0.0.0.0.0.0.0.0.0.0.ip6.arpa
[2020-04-07 23:29:57,529] {python_operator.py:114} INFO - Done. Returned value was: None
[2020-04-07 23:29:57,535] {taskinstance.py:1048} INFO - Marking task as SUCCESS.dag_id=atp_data07, task_id=connect_pst, execution_date=20200406T000000, start_date=20200408T032957, end_date=20200408T032957
[2020-04-07 23:30:07,395] {logging_mixin.py:112} INFO - [2020-04-07 23:30:07,395] {local_task_job.py:103} INFO - Task exited with return code 0
[2020-04-08 00:08:48,006] {taskinstance.py:655} INFO - Dependencies all met for <TaskInstance: atp_data07.connect_pst 2020-04-06T00:00:00+00:00 [queued]>
[2020-04-08 00:08:48,018] {taskinstance.py:655} INFO - Dependencies all met for <TaskInstance: atp_data07.connect_pst 2020-04-06T00:00:00+00:00 [queued]>
[2020-04-08 00:08:48,018] {taskinstance.py:866} INFO - 
--------------------------------------------------------------------------------
[2020-04-08 00:08:48,018] {taskinstance.py:867} INFO - Starting attempt 1 of 1
[2020-04-08 00:08:48,018] {taskinstance.py:868} INFO - 
--------------------------------------------------------------------------------
[2020-04-08 00:08:48,024] {taskinstance.py:887} INFO - Executing <Task(PythonOperator): connect_pst> on 2020-04-06T00:00:00+00:00
[2020-04-08 00:08:48,025] {standard_task_runner.py:53} INFO - Started process 77943 to run task
[2020-04-08 00:08:48,070] {logging_mixin.py:112} INFO - Running %s on host %s <TaskInstance: atp_data07.connect_pst 2020-04-06T00:00:00+00:00 [running]> 1.0.0.0.0.0.0.0.0.0.0.0.0.0.0.0.0.0.0.0.0.0.0.0.0.0.0.0.0.0.0.0.ip6.arpa
[2020-04-08 00:08:48,092] {python_operator.py:114} INFO - Done. Returned value was: None
[2020-04-08 00:08:48,097] {taskinstance.py:1048} INFO - Marking task as SUCCESS.dag_id=atp_data07, task_id=connect_pst, execution_date=20200406T000000, start_date=20200408T040848, end_date=20200408T040848
[2020-04-08 00:08:57,958] {logging_mixin.py:112} INFO - [2020-04-08 00:08:57,957] {local_task_job.py:103} INFO - Task exited with return code 0
[2020-04-08 00:32:52,762] {taskinstance.py:655} INFO - Dependencies all met for <TaskInstance: atp_data07.connect_pst 2020-04-06T00:00:00+00:00 [queued]>
[2020-04-08 00:32:52,772] {taskinstance.py:655} INFO - Dependencies all met for <TaskInstance: atp_data07.connect_pst 2020-04-06T00:00:00+00:00 [queued]>
[2020-04-08 00:32:52,772] {taskinstance.py:866} INFO - 
--------------------------------------------------------------------------------
[2020-04-08 00:32:52,772] {taskinstance.py:867} INFO - Starting attempt 1 of 1
[2020-04-08 00:32:52,772] {taskinstance.py:868} INFO - 
--------------------------------------------------------------------------------
[2020-04-08 00:32:52,780] {taskinstance.py:887} INFO - Executing <Task(PythonOperator): connect_pst> on 2020-04-06T00:00:00+00:00
[2020-04-08 00:32:52,782] {standard_task_runner.py:53} INFO - Started process 78790 to run task
[2020-04-08 00:32:52,838] {logging_mixin.py:112} INFO - Running %s on host %s <TaskInstance: atp_data07.connect_pst 2020-04-06T00:00:00+00:00 [running]> 1.0.0.0.0.0.0.0.0.0.0.0.0.0.0.0.0.0.0.0.0.0.0.0.0.0.0.0.0.0.0.0.ip6.arpa
[2020-04-08 00:32:52,861] {python_operator.py:114} INFO - Done. Returned value was: None
[2020-04-08 00:32:52,866] {taskinstance.py:1048} INFO - Marking task as SUCCESS.dag_id=atp_data07, task_id=connect_pst, execution_date=20200406T000000, start_date=20200408T043252, end_date=20200408T043252
[2020-04-08 00:33:02,727] {logging_mixin.py:112} INFO - [2020-04-08 00:33:02,727] {local_task_job.py:103} INFO - Task exited with return code 0
[2020-04-08 00:41:20,012] {taskinstance.py:655} INFO - Dependencies all met for <TaskInstance: atp_data07.connect_pst 2020-04-06T00:00:00+00:00 [queued]>
[2020-04-08 00:41:20,021] {taskinstance.py:655} INFO - Dependencies all met for <TaskInstance: atp_data07.connect_pst 2020-04-06T00:00:00+00:00 [queued]>
[2020-04-08 00:41:20,021] {taskinstance.py:866} INFO - 
--------------------------------------------------------------------------------
[2020-04-08 00:41:20,022] {taskinstance.py:867} INFO - Starting attempt 1 of 1
[2020-04-08 00:41:20,022] {taskinstance.py:868} INFO - 
--------------------------------------------------------------------------------
[2020-04-08 00:41:20,027] {taskinstance.py:887} INFO - Executing <Task(PythonOperator): connect_pst> on 2020-04-06T00:00:00+00:00
[2020-04-08 00:41:20,029] {standard_task_runner.py:53} INFO - Started process 79086 to run task
[2020-04-08 00:41:20,077] {logging_mixin.py:112} INFO - Running %s on host %s <TaskInstance: atp_data07.connect_pst 2020-04-06T00:00:00+00:00 [running]> 1.0.0.0.0.0.0.0.0.0.0.0.0.0.0.0.0.0.0.0.0.0.0.0.0.0.0.0.0.0.0.0.ip6.arpa
[2020-04-08 00:41:20,095] {python_operator.py:114} INFO - Done. Returned value was: None
[2020-04-08 00:41:20,100] {taskinstance.py:1048} INFO - Marking task as SUCCESS.dag_id=atp_data07, task_id=connect_pst, execution_date=20200406T000000, start_date=20200408T044120, end_date=20200408T044120
[2020-04-08 00:41:29,975] {logging_mixin.py:112} INFO - [2020-04-08 00:41:29,975] {local_task_job.py:103} INFO - Task exited with return code 0
[2020-04-08 00:52:45,642] {taskinstance.py:655} INFO - Dependencies all met for <TaskInstance: atp_data07.connect_pst 2020-04-06T00:00:00+00:00 [queued]>
[2020-04-08 00:52:45,651] {taskinstance.py:655} INFO - Dependencies all met for <TaskInstance: atp_data07.connect_pst 2020-04-06T00:00:00+00:00 [queued]>
[2020-04-08 00:52:45,651] {taskinstance.py:866} INFO - 
--------------------------------------------------------------------------------
[2020-04-08 00:52:45,651] {taskinstance.py:867} INFO - Starting attempt 1 of 1
[2020-04-08 00:52:45,651] {taskinstance.py:868} INFO - 
--------------------------------------------------------------------------------
[2020-04-08 00:52:45,658] {taskinstance.py:887} INFO - Executing <Task(PythonOperator): connect_pst> on 2020-04-06T00:00:00+00:00
[2020-04-08 00:52:45,659] {standard_task_runner.py:53} INFO - Started process 79501 to run task
[2020-04-08 00:52:45,710] {logging_mixin.py:112} INFO - Running %s on host %s <TaskInstance: atp_data07.connect_pst 2020-04-06T00:00:00+00:00 [running]> zipcodes-MacBook-Pro-4.local
[2020-04-08 00:52:45,728] {python_operator.py:114} INFO - Done. Returned value was: None
[2020-04-08 00:52:45,732] {taskinstance.py:1048} INFO - Marking task as SUCCESS.dag_id=atp_data07, task_id=connect_pst, execution_date=20200406T000000, start_date=20200408T045245, end_date=20200408T045245
[2020-04-08 00:52:55,590] {logging_mixin.py:112} INFO - [2020-04-08 00:52:55,589] {local_task_job.py:103} INFO - Task exited with return code 0
[2020-04-08 01:01:14,072] {taskinstance.py:655} INFO - Dependencies all met for <TaskInstance: atp_data07.connect_pst 2020-04-06T00:00:00+00:00 [queued]>
[2020-04-08 01:01:14,081] {taskinstance.py:655} INFO - Dependencies all met for <TaskInstance: atp_data07.connect_pst 2020-04-06T00:00:00+00:00 [queued]>
[2020-04-08 01:01:14,081] {taskinstance.py:866} INFO - 
--------------------------------------------------------------------------------
[2020-04-08 01:01:14,081] {taskinstance.py:867} INFO - Starting attempt 1 of 1
[2020-04-08 01:01:14,081] {taskinstance.py:868} INFO - 
--------------------------------------------------------------------------------
[2020-04-08 01:01:14,087] {taskinstance.py:887} INFO - Executing <Task(PythonOperator): connect_pst> on 2020-04-06T00:00:00+00:00
[2020-04-08 01:01:14,090] {standard_task_runner.py:53} INFO - Started process 79807 to run task
[2020-04-08 01:01:14,148] {logging_mixin.py:112} INFO - Running %s on host %s <TaskInstance: atp_data07.connect_pst 2020-04-06T00:00:00+00:00 [running]> 1.0.0.0.0.0.0.0.0.0.0.0.0.0.0.0.0.0.0.0.0.0.0.0.0.0.0.0.0.0.0.0.ip6.arpa
[2020-04-08 01:01:14,168] {python_operator.py:114} INFO - Done. Returned value was: None
[2020-04-08 01:01:14,173] {taskinstance.py:1048} INFO - Marking task as SUCCESS.dag_id=atp_data07, task_id=connect_pst, execution_date=20200406T000000, start_date=20200408T050114, end_date=20200408T050114
[2020-04-08 01:01:24,036] {logging_mixin.py:112} INFO - [2020-04-08 01:01:24,035] {local_task_job.py:103} INFO - Task exited with return code 0
[2020-04-08 02:30:39,519] {taskinstance.py:655} INFO - Dependencies all met for <TaskInstance: atp_data07.connect_pst 2020-04-06T00:00:00+00:00 [queued]>
[2020-04-08 02:30:39,528] {taskinstance.py:655} INFO - Dependencies all met for <TaskInstance: atp_data07.connect_pst 2020-04-06T00:00:00+00:00 [queued]>
[2020-04-08 02:30:39,528] {taskinstance.py:866} INFO - 
--------------------------------------------------------------------------------
[2020-04-08 02:30:39,528] {taskinstance.py:867} INFO - Starting attempt 1 of 1
[2020-04-08 02:30:39,528] {taskinstance.py:868} INFO - 
--------------------------------------------------------------------------------
[2020-04-08 02:30:39,534] {taskinstance.py:887} INFO - Executing <Task(PythonOperator): connect_pst> on 2020-04-06T00:00:00+00:00
[2020-04-08 02:30:39,536] {standard_task_runner.py:53} INFO - Started process 81381 to run task
[2020-04-08 02:30:39,584] {logging_mixin.py:112} INFO - Running %s on host %s <TaskInstance: atp_data07.connect_pst 2020-04-06T00:00:00+00:00 [running]> 1.0.0.0.0.0.0.0.0.0.0.0.0.0.0.0.0.0.0.0.0.0.0.0.0.0.0.0.0.0.0.0.ip6.arpa
[2020-04-08 02:30:39,611] {python_operator.py:114} INFO - Done. Returned value was: None
[2020-04-08 02:30:39,616] {taskinstance.py:1048} INFO - Marking task as SUCCESS.dag_id=atp_data07, task_id=connect_pst, execution_date=20200406T000000, start_date=20200408T063039, end_date=20200408T063039
[2020-04-08 02:30:49,481] {logging_mixin.py:112} INFO - [2020-04-08 02:30:49,480] {local_task_job.py:103} INFO - Task exited with return code 0
